[0.020s] Invoking command in '/home/rudranil/oddity_rover/build/canopen_fake_slaves': AMENT_PREFIX_PATH=/home/rudranil/oddity_rover/install/lely_core_libraries:${AMENT_PREFIX_PATH} CMAKE_PREFIX_PATH=/home/rudranil/oddity_rover/install/lely_core_libraries:/home/rudranil/lb_ws/install/ur_simulation_gazebo:/home/rudranil/lb_ws/install/ur_moveit_config:/home/rudranil/lb_ws/install/ur_description:/home/rudranil/lb_ws/install/realsense_gazebo_plugin:/home/rudranil/lb_ws/install/pymoveit2:/home/rudranil/lb_ws/install/linkattacher_msgs:/home/rudranil/lb_ws/install/eyantra_warehouse:/home/rudranil/lb_ws/install/ebot_nav2:/home/rudranil/lb_ws/install/ebot_description:/home/rudranil/oddity_rover/install/my_gazebo_package:/home/rudranil/oddity_rover/install/martian_environment:/home/rudranil/lb_ws/install/ur5_control:/home/rudranil/ros2_ws/install/mini_bot_description:/opt/ros/humble LD_LIBRARY_PATH=/home/rudranil/oddity_rover/install/lely_core_libraries/lib:/home/rudranil/lb_ws/install/realsense_gazebo_plugin/lib:/home/rudranil/lb_ws/install/linkattacher_msgs/lib:/usr/lib/x86_64-linux-gnu/gazebo-11/plugins:/opt/ros/humble/opt/rviz_ogre_vendor/lib:/opt/ros/humble/lib/x86_64-linux-gnu:/opt/ros/humble/lib:/usr/share/gazebo-11/../../lib/x86_64-linux-gnu/gazebo-11/plugins PATH=/home/rudranil/oddity_rover/install/lely_core_libraries/bin:${PATH} PYTHONPATH=/home/rudranil/oddity_rover/install/lely_core_libraries/local/lib/python3.10/dist-packages:/home/rudranil/oddity_rover/install/lely_core_libraries/lib/python3.10/site-packages:${PYTHONPATH} /usr/bin/cmake /home/rudranil/oddity_rover/src/ros2_canopen/canopen_fake_slaves -DAMENT_CMAKE_SYMLINK_INSTALL=1 -DCMAKE_INSTALL_PREFIX=/home/rudranil/oddity_rover/install/canopen_fake_slaves
[0.107s] -- The C compiler identification is GNU 11.4.0
[0.189s] -- The CXX compiler identification is GNU 11.4.0
[0.200s] -- Detecting C compiler ABI info
[0.310s] -- Detecting C compiler ABI info - done
[0.320s] -- Check for working C compiler: /usr/bin/cc - skipped
[0.321s] -- Detecting C compile features
[0.321s] -- Detecting C compile features - done
[0.325s] -- Detecting CXX compiler ABI info
[0.448s] -- Detecting CXX compiler ABI info - done
[0.458s] -- Check for working CXX compiler: /usr/bin/c++ - skipped
[0.459s] -- Detecting CXX compile features
[0.459s] -- Detecting CXX compile features - done
[0.465s] -- Found ament_cmake: 1.3.10 (/opt/ros/humble/share/ament_cmake/cmake)
[0.693s] -- Found Python3: /usr/bin/python3 (found version "3.10.12") found components: Interpreter 
[0.779s] -- Override CMake install command with custom implementation using symlinks instead of copying resources
[0.862s] -- Found lely_core_libraries: 0.2.11 (/home/rudranil/oddity_rover/install/lely_core_libraries/share/lely_core_libraries/cmake)
[0.871s] -- Found lifecycle_msgs: 1.2.1 (/opt/ros/humble/share/lifecycle_msgs/cmake)
[0.949s] -- Found rosidl_generator_c: 3.1.5 (/opt/ros/humble/share/rosidl_generator_c/cmake)
[0.964s] -- Found rosidl_adapter: 3.1.5 (/opt/ros/humble/share/rosidl_adapter/cmake)
[0.983s] -- Found rosidl_generator_cpp: 3.1.5 (/opt/ros/humble/share/rosidl_generator_cpp/cmake)
[1.009s] -- Using all available rosidl_typesupport_c: rosidl_typesupport_fastrtps_c;rosidl_typesupport_introspection_c
[1.044s] -- Using all available rosidl_typesupport_cpp: rosidl_typesupport_fastrtps_cpp;rosidl_typesupport_introspection_cpp
[1.078s] -- Found rclcpp: 16.0.10 (/opt/ros/humble/share/rclcpp/cmake)
[1.177s] -- Found rmw_implementation_cmake: 6.1.2 (/opt/ros/humble/share/rmw_implementation_cmake/cmake)
[1.184s] -- Found rmw_fastrtps_cpp: 6.2.7 (/opt/ros/humble/share/rmw_fastrtps_cpp/cmake)
[1.366s] -- Found OpenSSL: /usr/lib/x86_64-linux-gnu/libcrypto.so (found version "3.0.2")  
[1.417s] -- Found FastRTPS: /opt/ros/humble/include  
[1.494s] -- Using RMW implementation 'rmw_fastrtps_cpp' as default
[1.515s] -- Looking for pthread.h
[1.632s] -- Looking for pthread.h - found
[1.632s] -- Performing Test CMAKE_HAVE_LIBC_PTHREAD
[1.753s] -- Performing Test CMAKE_HAVE_LIBC_PTHREAD - Success
[1.755s] -- Found Threads: TRUE  
[1.839s] -- Found rclcpp_lifecycle: 16.0.10 (/opt/ros/humble/share/rclcpp_lifecycle/cmake)
[1.864s] -- Found ament_lint_auto: 0.12.11 (/opt/ros/humble/share/ament_lint_auto/cmake)
[1.957s] -- Configuring done
[1.979s] -- Generating done
[1.981s] -- Build files have been written to: /home/rudranil/oddity_rover/build/canopen_fake_slaves
[1.994s] Invoked command in '/home/rudranil/oddity_rover/build/canopen_fake_slaves' returned '0': AMENT_PREFIX_PATH=/home/rudranil/oddity_rover/install/lely_core_libraries:${AMENT_PREFIX_PATH} CMAKE_PREFIX_PATH=/home/rudranil/oddity_rover/install/lely_core_libraries:/home/rudranil/lb_ws/install/ur_simulation_gazebo:/home/rudranil/lb_ws/install/ur_moveit_config:/home/rudranil/lb_ws/install/ur_description:/home/rudranil/lb_ws/install/realsense_gazebo_plugin:/home/rudranil/lb_ws/install/pymoveit2:/home/rudranil/lb_ws/install/linkattacher_msgs:/home/rudranil/lb_ws/install/eyantra_warehouse:/home/rudranil/lb_ws/install/ebot_nav2:/home/rudranil/lb_ws/install/ebot_description:/home/rudranil/oddity_rover/install/my_gazebo_package:/home/rudranil/oddity_rover/install/martian_environment:/home/rudranil/lb_ws/install/ur5_control:/home/rudranil/ros2_ws/install/mini_bot_description:/opt/ros/humble LD_LIBRARY_PATH=/home/rudranil/oddity_rover/install/lely_core_libraries/lib:/home/rudranil/lb_ws/install/realsense_gazebo_plugin/lib:/home/rudranil/lb_ws/install/linkattacher_msgs/lib:/usr/lib/x86_64-linux-gnu/gazebo-11/plugins:/opt/ros/humble/opt/rviz_ogre_vendor/lib:/opt/ros/humble/lib/x86_64-linux-gnu:/opt/ros/humble/lib:/usr/share/gazebo-11/../../lib/x86_64-linux-gnu/gazebo-11/plugins PATH=/home/rudranil/oddity_rover/install/lely_core_libraries/bin:${PATH} PYTHONPATH=/home/rudranil/oddity_rover/install/lely_core_libraries/local/lib/python3.10/dist-packages:/home/rudranil/oddity_rover/install/lely_core_libraries/lib/python3.10/site-packages:${PYTHONPATH} /usr/bin/cmake /home/rudranil/oddity_rover/src/ros2_canopen/canopen_fake_slaves -DAMENT_CMAKE_SYMLINK_INSTALL=1 -DCMAKE_INSTALL_PREFIX=/home/rudranil/oddity_rover/install/canopen_fake_slaves
[1.997s] Invoking command in '/home/rudranil/oddity_rover/build/canopen_fake_slaves': AMENT_PREFIX_PATH=/home/rudranil/oddity_rover/install/lely_core_libraries:${AMENT_PREFIX_PATH} CMAKE_PREFIX_PATH=/home/rudranil/oddity_rover/install/lely_core_libraries:/home/rudranil/lb_ws/install/ur_simulation_gazebo:/home/rudranil/lb_ws/install/ur_moveit_config:/home/rudranil/lb_ws/install/ur_description:/home/rudranil/lb_ws/install/realsense_gazebo_plugin:/home/rudranil/lb_ws/install/pymoveit2:/home/rudranil/lb_ws/install/linkattacher_msgs:/home/rudranil/lb_ws/install/eyantra_warehouse:/home/rudranil/lb_ws/install/ebot_nav2:/home/rudranil/lb_ws/install/ebot_description:/home/rudranil/oddity_rover/install/my_gazebo_package:/home/rudranil/oddity_rover/install/martian_environment:/home/rudranil/lb_ws/install/ur5_control:/home/rudranil/ros2_ws/install/mini_bot_description:/opt/ros/humble LD_LIBRARY_PATH=/home/rudranil/oddity_rover/install/lely_core_libraries/lib:/home/rudranil/lb_ws/install/realsense_gazebo_plugin/lib:/home/rudranil/lb_ws/install/linkattacher_msgs/lib:/usr/lib/x86_64-linux-gnu/gazebo-11/plugins:/opt/ros/humble/opt/rviz_ogre_vendor/lib:/opt/ros/humble/lib/x86_64-linux-gnu:/opt/ros/humble/lib:/usr/share/gazebo-11/../../lib/x86_64-linux-gnu/gazebo-11/plugins PATH=/home/rudranil/oddity_rover/install/lely_core_libraries/bin:${PATH} PYTHONPATH=/home/rudranil/oddity_rover/install/lely_core_libraries/local/lib/python3.10/dist-packages:/home/rudranil/oddity_rover/install/lely_core_libraries/lib/python3.10/site-packages:${PYTHONPATH} /usr/bin/cmake --build /home/rudranil/oddity_rover/build/canopen_fake_slaves -- -j12 -l12
[2.079s] [ 20%] [32mBuilding CXX object CMakeFiles/basic_slave_node.dir/src/basic_slave.cpp.o[0m
[2.081s] [ 40%] [32mBuilding CXX object CMakeFiles/cia402_slave_node.dir/src/motion_generator.cpp.o[0m
[2.083s] [ 60%] [32mBuilding CXX object CMakeFiles/cia402_slave_node.dir/src/cia402_slave.cpp.o[0m
[6.985s] [ 80%] [32m[1mLinking CXX executable basic_slave_node[0m
[7.178s] [ 80%] Built target basic_slave_node
[7.392s] [100%] [32m[1mLinking CXX executable cia402_slave_node[0m
[7.637s] [100%] Built target cia402_slave_node
[7.652s] Invoked command in '/home/rudranil/oddity_rover/build/canopen_fake_slaves' returned '0': AMENT_PREFIX_PATH=/home/rudranil/oddity_rover/install/lely_core_libraries:${AMENT_PREFIX_PATH} CMAKE_PREFIX_PATH=/home/rudranil/oddity_rover/install/lely_core_libraries:/home/rudranil/lb_ws/install/ur_simulation_gazebo:/home/rudranil/lb_ws/install/ur_moveit_config:/home/rudranil/lb_ws/install/ur_description:/home/rudranil/lb_ws/install/realsense_gazebo_plugin:/home/rudranil/lb_ws/install/pymoveit2:/home/rudranil/lb_ws/install/linkattacher_msgs:/home/rudranil/lb_ws/install/eyantra_warehouse:/home/rudranil/lb_ws/install/ebot_nav2:/home/rudranil/lb_ws/install/ebot_description:/home/rudranil/oddity_rover/install/my_gazebo_package:/home/rudranil/oddity_rover/install/martian_environment:/home/rudranil/lb_ws/install/ur5_control:/home/rudranil/ros2_ws/install/mini_bot_description:/opt/ros/humble LD_LIBRARY_PATH=/home/rudranil/oddity_rover/install/lely_core_libraries/lib:/home/rudranil/lb_ws/install/realsense_gazebo_plugin/lib:/home/rudranil/lb_ws/install/linkattacher_msgs/lib:/usr/lib/x86_64-linux-gnu/gazebo-11/plugins:/opt/ros/humble/opt/rviz_ogre_vendor/lib:/opt/ros/humble/lib/x86_64-linux-gnu:/opt/ros/humble/lib:/usr/share/gazebo-11/../../lib/x86_64-linux-gnu/gazebo-11/plugins PATH=/home/rudranil/oddity_rover/install/lely_core_libraries/bin:${PATH} PYTHONPATH=/home/rudranil/oddity_rover/install/lely_core_libraries/local/lib/python3.10/dist-packages:/home/rudranil/oddity_rover/install/lely_core_libraries/lib/python3.10/site-packages:${PYTHONPATH} /usr/bin/cmake --build /home/rudranil/oddity_rover/build/canopen_fake_slaves -- -j12 -l12
[7.699s] Invoking command in '/home/rudranil/oddity_rover/build/canopen_fake_slaves': AMENT_PREFIX_PATH=/home/rudranil/oddity_rover/install/lely_core_libraries:${AMENT_PREFIX_PATH} CMAKE_PREFIX_PATH=/home/rudranil/oddity_rover/install/lely_core_libraries:/home/rudranil/lb_ws/install/ur_simulation_gazebo:/home/rudranil/lb_ws/install/ur_moveit_config:/home/rudranil/lb_ws/install/ur_description:/home/rudranil/lb_ws/install/realsense_gazebo_plugin:/home/rudranil/lb_ws/install/pymoveit2:/home/rudranil/lb_ws/install/linkattacher_msgs:/home/rudranil/lb_ws/install/eyantra_warehouse:/home/rudranil/lb_ws/install/ebot_nav2:/home/rudranil/lb_ws/install/ebot_description:/home/rudranil/oddity_rover/install/my_gazebo_package:/home/rudranil/oddity_rover/install/martian_environment:/home/rudranil/lb_ws/install/ur5_control:/home/rudranil/ros2_ws/install/mini_bot_description:/opt/ros/humble LD_LIBRARY_PATH=/home/rudranil/oddity_rover/install/lely_core_libraries/lib:/home/rudranil/lb_ws/install/realsense_gazebo_plugin/lib:/home/rudranil/lb_ws/install/linkattacher_msgs/lib:/usr/lib/x86_64-linux-gnu/gazebo-11/plugins:/opt/ros/humble/opt/rviz_ogre_vendor/lib:/opt/ros/humble/lib/x86_64-linux-gnu:/opt/ros/humble/lib:/usr/share/gazebo-11/../../lib/x86_64-linux-gnu/gazebo-11/plugins PATH=/home/rudranil/oddity_rover/install/lely_core_libraries/bin:${PATH} PYTHONPATH=/home/rudranil/oddity_rover/install/lely_core_libraries/local/lib/python3.10/dist-packages:/home/rudranil/oddity_rover/install/lely_core_libraries/lib/python3.10/site-packages:${PYTHONPATH} /usr/bin/cmake --install /home/rudranil/oddity_rover/build/canopen_fake_slaves
[7.710s] -- Install configuration: ""
[7.710s] -- Execute custom install script
[7.711s] -- Symlinking: /home/rudranil/oddity_rover/install/canopen_fake_slaves/lib/canopen_fake_slaves/basic_slave_node
[7.723s] -- Symlinking: /home/rudranil/oddity_rover/install/canopen_fake_slaves/lib/canopen_fake_slaves/cia402_slave_node
[7.734s] -- Symlinking: /home/rudranil/oddity_rover/install/canopen_fake_slaves/share/canopen_fake_slaves/launch//basic_slave.launch.py
[7.745s] -- Symlinking: /home/rudranil/oddity_rover/install/canopen_fake_slaves/share/canopen_fake_slaves/launch//cia402_slave.launch.py
[7.756s] -- Symlinking: /home/rudranil/oddity_rover/install/canopen_fake_slaves/share/canopen_fake_slaves/config//cia402_slave.eds
[7.768s] -- Symlinking: /home/rudranil/oddity_rover/install/canopen_fake_slaves/share/canopen_fake_slaves/config//simple_slave.eds
[7.779s] -- Symlinking: /home/rudranil/oddity_rover/install/canopen_fake_slaves/include/canopen_fake_slaves/base_slave.hpp
[7.791s] -- Symlinking: /home/rudranil/oddity_rover/install/canopen_fake_slaves/include/canopen_fake_slaves/basic_slave.hpp
[7.801s] -- Symlinking: /home/rudranil/oddity_rover/install/canopen_fake_slaves/include/canopen_fake_slaves/cia402_slave.hpp
[7.813s] -- Symlinking: /home/rudranil/oddity_rover/install/canopen_fake_slaves/include/canopen_fake_slaves/motion_generator.hpp
[7.826s] -- Symlinking: /home/rudranil/oddity_rover/install/canopen_fake_slaves/share/ament_index/resource_index/package_run_dependencies/canopen_fake_slaves
[7.838s] -- Symlinking: /home/rudranil/oddity_rover/install/canopen_fake_slaves/share/ament_index/resource_index/parent_prefix_path/canopen_fake_slaves
[7.849s] -- Symlinking: /home/rudranil/oddity_rover/install/canopen_fake_slaves/share/canopen_fake_slaves/environment/ament_prefix_path.sh
[7.862s] -- Symlinking: /home/rudranil/oddity_rover/install/canopen_fake_slaves/share/canopen_fake_slaves/environment/ament_prefix_path.dsv
[7.873s] -- Symlinking: /home/rudranil/oddity_rover/install/canopen_fake_slaves/share/canopen_fake_slaves/environment/path.sh
[7.884s] -- Symlinking: /home/rudranil/oddity_rover/install/canopen_fake_slaves/share/canopen_fake_slaves/environment/path.dsv
[7.895s] -- Symlinking: /home/rudranil/oddity_rover/install/canopen_fake_slaves/share/canopen_fake_slaves/local_setup.bash
[7.907s] -- Symlinking: /home/rudranil/oddity_rover/install/canopen_fake_slaves/share/canopen_fake_slaves/local_setup.sh
[7.918s] -- Symlinking: /home/rudranil/oddity_rover/install/canopen_fake_slaves/share/canopen_fake_slaves/local_setup.zsh
[7.930s] -- Symlinking: /home/rudranil/oddity_rover/install/canopen_fake_slaves/share/canopen_fake_slaves/local_setup.dsv
[7.942s] -- Symlinking: /home/rudranil/oddity_rover/install/canopen_fake_slaves/share/canopen_fake_slaves/package.dsv
[7.953s] -- Symlinking: /home/rudranil/oddity_rover/install/canopen_fake_slaves/share/ament_index/resource_index/packages/canopen_fake_slaves
[7.964s] -- Symlinking: /home/rudranil/oddity_rover/install/canopen_fake_slaves/share/canopen_fake_slaves/cmake/ament_cmake_export_include_directories-extras.cmake
[7.975s] -- Symlinking: /home/rudranil/oddity_rover/install/canopen_fake_slaves/share/canopen_fake_slaves/cmake/ament_cmake_export_dependencies-extras.cmake
[7.986s] -- Symlinking: /home/rudranil/oddity_rover/install/canopen_fake_slaves/share/canopen_fake_slaves/cmake/canopen_fake_slavesConfig.cmake
[7.997s] -- Symlinking: /home/rudranil/oddity_rover/install/canopen_fake_slaves/share/canopen_fake_slaves/cmake/canopen_fake_slavesConfig-version.cmake
[8.008s] -- Symlinking: /home/rudranil/oddity_rover/install/canopen_fake_slaves/share/canopen_fake_slaves/package.xml
[8.022s] Invoked command in '/home/rudranil/oddity_rover/build/canopen_fake_slaves' returned '0': AMENT_PREFIX_PATH=/home/rudranil/oddity_rover/install/lely_core_libraries:${AMENT_PREFIX_PATH} CMAKE_PREFIX_PATH=/home/rudranil/oddity_rover/install/lely_core_libraries:/home/rudranil/lb_ws/install/ur_simulation_gazebo:/home/rudranil/lb_ws/install/ur_moveit_config:/home/rudranil/lb_ws/install/ur_description:/home/rudranil/lb_ws/install/realsense_gazebo_plugin:/home/rudranil/lb_ws/install/pymoveit2:/home/rudranil/lb_ws/install/linkattacher_msgs:/home/rudranil/lb_ws/install/eyantra_warehouse:/home/rudranil/lb_ws/install/ebot_nav2:/home/rudranil/lb_ws/install/ebot_description:/home/rudranil/oddity_rover/install/my_gazebo_package:/home/rudranil/oddity_rover/install/martian_environment:/home/rudranil/lb_ws/install/ur5_control:/home/rudranil/ros2_ws/install/mini_bot_description:/opt/ros/humble LD_LIBRARY_PATH=/home/rudranil/oddity_rover/install/lely_core_libraries/lib:/home/rudranil/lb_ws/install/realsense_gazebo_plugin/lib:/home/rudranil/lb_ws/install/linkattacher_msgs/lib:/usr/lib/x86_64-linux-gnu/gazebo-11/plugins:/opt/ros/humble/opt/rviz_ogre_vendor/lib:/opt/ros/humble/lib/x86_64-linux-gnu:/opt/ros/humble/lib:/usr/share/gazebo-11/../../lib/x86_64-linux-gnu/gazebo-11/plugins PATH=/home/rudranil/oddity_rover/install/lely_core_libraries/bin:${PATH} PYTHONPATH=/home/rudranil/oddity_rover/install/lely_core_libraries/local/lib/python3.10/dist-packages:/home/rudranil/oddity_rover/install/lely_core_libraries/lib/python3.10/site-packages:${PYTHONPATH} /usr/bin/cmake --install /home/rudranil/oddity_rover/build/canopen_fake_slaves
