-- Found ament_cmake: 1.3.10 (/opt/ros/humble/share/ament_cmake/cmake)
-- Found Python3: /usr/bin/python3 (found version "3.10.12") found components: Interpreter 
-- Override CMake install command with custom implementation using symlinks instead of copying resources
-- Configuring done
-- Generating done
-- Build files have been written to: /home/rudranil/oddity_rover/build/canopen
-- Install configuration: ""
-- Execute custom install script
-- Symlinking: /home/rudranil/oddity_rover/install/canopen/share/ament_index/resource_index/package_run_dependencies/canopen
-- Symlinking: /home/rudranil/oddity_rover/install/canopen/share/ament_index/resource_index/parent_prefix_path/canopen
-- Symlinking: /home/rudranil/oddity_rover/install/canopen/share/canopen/environment/ament_prefix_path.sh
-- Symlinking: /home/rudranil/oddity_rover/install/canopen/share/canopen/environment/ament_prefix_path.dsv
-- Symlinking: /home/rudranil/oddity_rover/install/canopen/share/canopen/environment/path.sh
-- Symlinking: /home/rudranil/oddity_rover/install/canopen/share/canopen/environment/path.dsv
-- Symlinking: /home/rudranil/oddity_rover/install/canopen/share/canopen/local_setup.bash
-- Symlinking: /home/rudranil/oddity_rover/install/canopen/share/canopen/local_setup.sh
-- Symlinking: /home/rudranil/oddity_rover/install/canopen/share/canopen/local_setup.zsh
-- Symlinking: /home/rudranil/oddity_rover/install/canopen/share/canopen/local_setup.dsv
-- Symlinking: /home/rudranil/oddity_rover/install/canopen/share/canopen/package.dsv
-- Symlinking: /home/rudranil/oddity_rover/install/canopen/share/ament_index/resource_index/packages/canopen
-- Symlinking: /home/rudranil/oddity_rover/install/canopen/share/canopen/cmake/canopenConfig.cmake
-- Symlinking: /home/rudranil/oddity_rover/install/canopen/share/canopen/cmake/canopenConfig-version.cmake
-- Symlinking: /home/rudranil/oddity_rover/install/canopen/share/canopen/package.xml
