[0.020s] Invoking command in '/home/rudranil/oddity_rover/build/canopen_master_driver': AMENT_PREFIX_PATH=/home/rudranil/oddity_rover/install/canopen_core:/home/rudranil/oddity_rover/install/lely_core_libraries:/home/rudranil/oddity_rover/install/canopen_interfaces:${AMENT_PREFIX_PATH} CMAKE_PREFIX_PATH=/home/rudranil/oddity_rover/install/canopen_core:/home/rudranil/oddity_rover/install/lely_core_libraries:/home/rudranil/oddity_rover/install/canopen_interfaces:/home/rudranil/lb_ws/install/ur_simulation_gazebo:/home/rudranil/lb_ws/install/ur_moveit_config:/home/rudranil/lb_ws/install/ur_description:/home/rudranil/lb_ws/install/realsense_gazebo_plugin:/home/rudranil/lb_ws/install/pymoveit2:/home/rudranil/lb_ws/install/linkattacher_msgs:/home/rudranil/lb_ws/install/eyantra_warehouse:/home/rudranil/lb_ws/install/ebot_nav2:/home/rudranil/lb_ws/install/ebot_description:/home/rudranil/oddity_rover/install/my_gazebo_package:/home/rudranil/oddity_rover/install/martian_environment:/home/rudranil/lb_ws/install/ur5_control:/home/rudranil/ros2_ws/install/mini_bot_description:/opt/ros/humble LD_LIBRARY_PATH=/home/rudranil/oddity_rover/install/canopen_core/lib:/home/rudranil/oddity_rover/install/lely_core_libraries/lib:/home/rudranil/oddity_rover/install/canopen_interfaces/lib:/home/rudranil/lb_ws/install/realsense_gazebo_plugin/lib:/home/rudranil/lb_ws/install/linkattacher_msgs/lib:/usr/lib/x86_64-linux-gnu/gazebo-11/plugins:/opt/ros/humble/opt/rviz_ogre_vendor/lib:/opt/ros/humble/lib/x86_64-linux-gnu:/opt/ros/humble/lib:/usr/share/gazebo-11/../../lib/x86_64-linux-gnu/gazebo-11/plugins PATH=/home/rudranil/oddity_rover/install/lely_core_libraries/bin:${PATH} PYTHONPATH=/home/rudranil/oddity_rover/install/lely_core_libraries/local/lib/python3.10/dist-packages:/home/rudranil/oddity_rover/install/lely_core_libraries/lib/python3.10/site-packages:/home/rudranil/oddity_rover/install/canopen_interfaces/local/lib/python3.10/dist-packages:${PYTHONPATH} /usr/bin/cmake /home/rudranil/oddity_rover/src/ros2_canopen/canopen_master_driver -DAMENT_CMAKE_SYMLINK_INSTALL=1 -DCMAKE_INSTALL_PREFIX=/home/rudranil/oddity_rover/install/canopen_master_driver
[0.083s] -- The C compiler identification is GNU 11.4.0
[0.142s] -- The CXX compiler identification is GNU 11.4.0
[0.151s] -- Detecting C compiler ABI info
[0.235s] -- Detecting C compiler ABI info - done
[0.241s] -- Check for working C compiler: /usr/bin/cc - skipped
[0.241s] -- Detecting C compile features
[0.242s] -- Detecting C compile features - done
[0.244s] -- Detecting CXX compiler ABI info
[0.343s] -- Detecting CXX compiler ABI info - done
[0.349s] -- Check for working CXX compiler: /usr/bin/c++ - skipped
[0.350s] -- Detecting CXX compile features
[0.350s] -- Detecting CXX compile features - done
[0.354s] -- Found ament_cmake: 1.3.10 (/opt/ros/humble/share/ament_cmake/cmake)
[0.514s] -- Found Python3: /usr/bin/python3 (found version "3.10.12") found components: Interpreter 
[0.574s] -- Override CMake install command with custom implementation using symlinks instead of copying resources
[0.634s] -- Found ament_cmake_ros: 0.10.0 (/opt/ros/humble/share/ament_cmake_ros/cmake)
[0.647s] -- Found canopen_core: 0.2.11 (/home/rudranil/oddity_rover/install/canopen_core/share/canopen_core/cmake)
[0.858s] -- Found Boost: /usr/lib/x86_64-linux-gnu/cmake/Boost-1.74.0/BoostConfig.cmake (found version "1.74.0") found components: system thread 
[0.910s] -- Found rosidl_generator_c: 3.1.5 (/opt/ros/humble/share/rosidl_generator_c/cmake)
[0.919s] -- Found rosidl_adapter: 3.1.5 (/opt/ros/humble/share/rosidl_adapter/cmake)
[0.931s] -- Found rosidl_generator_cpp: 3.1.5 (/opt/ros/humble/share/rosidl_generator_cpp/cmake)
[0.947s] -- Using all available rosidl_typesupport_c: rosidl_typesupport_fastrtps_c;rosidl_typesupport_introspection_c
[0.969s] -- Using all available rosidl_typesupport_cpp: rosidl_typesupport_fastrtps_cpp;rosidl_typesupport_introspection_cpp
[1.072s] -- Found rmw_implementation_cmake: 6.1.2 (/opt/ros/humble/share/rmw_implementation_cmake/cmake)
[1.077s] -- Found rmw_fastrtps_cpp: 6.2.7 (/opt/ros/humble/share/rmw_fastrtps_cpp/cmake)
[1.216s] -- Found OpenSSL: /usr/lib/x86_64-linux-gnu/libcrypto.so (found version "3.0.2")  
[1.251s] -- Found FastRTPS: /opt/ros/humble/include  
[1.306s] -- Using RMW implementation 'rmw_fastrtps_cpp' as default
[1.321s] -- Found Threads: TRUE  
[1.447s] -- Found gtest sources under '/opt/ros/humble/src/gtest_vendor': C++ tests using 'Google Test' will be built
[1.529s] -- Configuring done
[1.590s] -- Generating done
[1.592s] -- Build files have been written to: /home/rudranil/oddity_rover/build/canopen_master_driver
[1.606s] Invoked command in '/home/rudranil/oddity_rover/build/canopen_master_driver' returned '0': AMENT_PREFIX_PATH=/home/rudranil/oddity_rover/install/canopen_core:/home/rudranil/oddity_rover/install/lely_core_libraries:/home/rudranil/oddity_rover/install/canopen_interfaces:${AMENT_PREFIX_PATH} CMAKE_PREFIX_PATH=/home/rudranil/oddity_rover/install/canopen_core:/home/rudranil/oddity_rover/install/lely_core_libraries:/home/rudranil/oddity_rover/install/canopen_interfaces:/home/rudranil/lb_ws/install/ur_simulation_gazebo:/home/rudranil/lb_ws/install/ur_moveit_config:/home/rudranil/lb_ws/install/ur_description:/home/rudranil/lb_ws/install/realsense_gazebo_plugin:/home/rudranil/lb_ws/install/pymoveit2:/home/rudranil/lb_ws/install/linkattacher_msgs:/home/rudranil/lb_ws/install/eyantra_warehouse:/home/rudranil/lb_ws/install/ebot_nav2:/home/rudranil/lb_ws/install/ebot_description:/home/rudranil/oddity_rover/install/my_gazebo_package:/home/rudranil/oddity_rover/install/martian_environment:/home/rudranil/lb_ws/install/ur5_control:/home/rudranil/ros2_ws/install/mini_bot_description:/opt/ros/humble LD_LIBRARY_PATH=/home/rudranil/oddity_rover/install/canopen_core/lib:/home/rudranil/oddity_rover/install/lely_core_libraries/lib:/home/rudranil/oddity_rover/install/canopen_interfaces/lib:/home/rudranil/lb_ws/install/realsense_gazebo_plugin/lib:/home/rudranil/lb_ws/install/linkattacher_msgs/lib:/usr/lib/x86_64-linux-gnu/gazebo-11/plugins:/opt/ros/humble/opt/rviz_ogre_vendor/lib:/opt/ros/humble/lib/x86_64-linux-gnu:/opt/ros/humble/lib:/usr/share/gazebo-11/../../lib/x86_64-linux-gnu/gazebo-11/plugins PATH=/home/rudranil/oddity_rover/install/lely_core_libraries/bin:${PATH} PYTHONPATH=/home/rudranil/oddity_rover/install/lely_core_libraries/local/lib/python3.10/dist-packages:/home/rudranil/oddity_rover/install/lely_core_libraries/lib/python3.10/site-packages:/home/rudranil/oddity_rover/install/canopen_interfaces/local/lib/python3.10/dist-packages:${PYTHONPATH} /usr/bin/cmake /home/rudranil/oddity_rover/src/ros2_canopen/canopen_master_driver -DAMENT_CMAKE_SYMLINK_INSTALL=1 -DCMAKE_INSTALL_PREFIX=/home/rudranil/oddity_rover/install/canopen_master_driver
[1.608s] Invoking command in '/home/rudranil/oddity_rover/build/canopen_master_driver': AMENT_PREFIX_PATH=/home/rudranil/oddity_rover/install/canopen_core:/home/rudranil/oddity_rover/install/lely_core_libraries:/home/rudranil/oddity_rover/install/canopen_interfaces:${AMENT_PREFIX_PATH} CMAKE_PREFIX_PATH=/home/rudranil/oddity_rover/install/canopen_core:/home/rudranil/oddity_rover/install/lely_core_libraries:/home/rudranil/oddity_rover/install/canopen_interfaces:/home/rudranil/lb_ws/install/ur_simulation_gazebo:/home/rudranil/lb_ws/install/ur_moveit_config:/home/rudranil/lb_ws/install/ur_description:/home/rudranil/lb_ws/install/realsense_gazebo_plugin:/home/rudranil/lb_ws/install/pymoveit2:/home/rudranil/lb_ws/install/linkattacher_msgs:/home/rudranil/lb_ws/install/eyantra_warehouse:/home/rudranil/lb_ws/install/ebot_nav2:/home/rudranil/lb_ws/install/ebot_description:/home/rudranil/oddity_rover/install/my_gazebo_package:/home/rudranil/oddity_rover/install/martian_environment:/home/rudranil/lb_ws/install/ur5_control:/home/rudranil/ros2_ws/install/mini_bot_description:/opt/ros/humble LD_LIBRARY_PATH=/home/rudranil/oddity_rover/install/canopen_core/lib:/home/rudranil/oddity_rover/install/lely_core_libraries/lib:/home/rudranil/oddity_rover/install/canopen_interfaces/lib:/home/rudranil/lb_ws/install/realsense_gazebo_plugin/lib:/home/rudranil/lb_ws/install/linkattacher_msgs/lib:/usr/lib/x86_64-linux-gnu/gazebo-11/plugins:/opt/ros/humble/opt/rviz_ogre_vendor/lib:/opt/ros/humble/lib/x86_64-linux-gnu:/opt/ros/humble/lib:/usr/share/gazebo-11/../../lib/x86_64-linux-gnu/gazebo-11/plugins PATH=/home/rudranil/oddity_rover/install/lely_core_libraries/bin:${PATH} PYTHONPATH=/home/rudranil/oddity_rover/install/lely_core_libraries/local/lib/python3.10/dist-packages:/home/rudranil/oddity_rover/install/lely_core_libraries/lib/python3.10/site-packages:/home/rudranil/oddity_rover/install/canopen_interfaces/local/lib/python3.10/dist-packages:${PYTHONPATH} /usr/bin/cmake --build /home/rudranil/oddity_rover/build/canopen_master_driver -- -j12 -l12
[1.672s] [  5%] [32mBuilding CXX object CMakeFiles/lely_master_bridge.dir/src/lely_master_bridge.cpp.o[0m
[1.674s] [ 16%] [32mBuilding CXX object gtest/CMakeFiles/gtest_main.dir/src/gtest_main.cc.o[0m
[1.674s] [ 16%] [32mBuilding CXX object gtest/CMakeFiles/gtest.dir/src/gtest-all.cc.o[0m
[2.600s] [ 22%] [32m[1mLinking CXX static library libgtest_main.a[0m
[2.648s] [ 22%] Built target gtest_main
[4.791s] [ 27%] [32m[1mLinking CXX static library libgtest.a[0m
[4.867s] [ 27%] Built target gtest
[5.399s] [ 33%] [32m[1mLinking CXX shared library liblely_master_bridge.so[0m
[5.561s] [ 33%] Built target lely_master_bridge
[5.591s] [ 38%] [32mBuilding CXX object CMakeFiles/node_canopen_basic_master.dir/src/node_interfaces/node_canopen_basic_master.cpp.o[0m
[12.220s] [ 44%] [32m[1mLinking CXX shared library libnode_canopen_basic_master.so[0m
[12.529s] [ 44%] Built target node_canopen_basic_master
[12.556s] [ 50%] [32mBuilding CXX object CMakeFiles/lifecycle_master_driver.dir/src/lifecycle_master_driver.cpp.o[0m
[12.557s] [ 55%] [32mBuilding CXX object CMakeFiles/master_driver.dir/src/master_driver.cpp.o[0m
[17.956s] [ 61%] [32m[1mLinking CXX shared library liblifecycle_master_driver.so[0m
[18.247s] [ 61%] Built target lifecycle_master_driver
[18.527s] [ 66%] [32m[1mLinking CXX shared library libmaster_driver.so[0m
[18.815s] [ 66%] Built target master_driver
[18.843s] [ 77%] [32mBuilding CXX object test/CMakeFiles/test_master_driver_component.dir/test_master_driver_component.cpp.o[0m
[18.844s] [ 77%] [32mBuilding CXX object test/CMakeFiles/test_node_canopen_basic_driver.dir/test_node_canopen_basic_master.cpp.o[0m
[18.845s] [ 83%] [32mBuilding CXX object test/CMakeFiles/test_node_canopen_basic_driver_ros.dir/test_node_canopen_basic_master_ros.cpp.o[0m
[25.783s] [ 88%] [32m[1mLinking CXX executable test_master_driver_component[0m
[26.076s] [ 88%] Built target test_master_driver_component
[26.218s] [ 94%] [32m[1mLinking CXX executable test_node_canopen_basic_driver[0m
[26.266s] [100%] [32m[1mLinking CXX executable test_node_canopen_basic_driver_ros[0m
[26.638s] [100%] Built target test_node_canopen_basic_driver
[26.699s] [100%] Built target test_node_canopen_basic_driver_ros
[26.715s] Invoked command in '/home/rudranil/oddity_rover/build/canopen_master_driver' returned '0': AMENT_PREFIX_PATH=/home/rudranil/oddity_rover/install/canopen_core:/home/rudranil/oddity_rover/install/lely_core_libraries:/home/rudranil/oddity_rover/install/canopen_interfaces:${AMENT_PREFIX_PATH} CMAKE_PREFIX_PATH=/home/rudranil/oddity_rover/install/canopen_core:/home/rudranil/oddity_rover/install/lely_core_libraries:/home/rudranil/oddity_rover/install/canopen_interfaces:/home/rudranil/lb_ws/install/ur_simulation_gazebo:/home/rudranil/lb_ws/install/ur_moveit_config:/home/rudranil/lb_ws/install/ur_description:/home/rudranil/lb_ws/install/realsense_gazebo_plugin:/home/rudranil/lb_ws/install/pymoveit2:/home/rudranil/lb_ws/install/linkattacher_msgs:/home/rudranil/lb_ws/install/eyantra_warehouse:/home/rudranil/lb_ws/install/ebot_nav2:/home/rudranil/lb_ws/install/ebot_description:/home/rudranil/oddity_rover/install/my_gazebo_package:/home/rudranil/oddity_rover/install/martian_environment:/home/rudranil/lb_ws/install/ur5_control:/home/rudranil/ros2_ws/install/mini_bot_description:/opt/ros/humble LD_LIBRARY_PATH=/home/rudranil/oddity_rover/install/canopen_core/lib:/home/rudranil/oddity_rover/install/lely_core_libraries/lib:/home/rudranil/oddity_rover/install/canopen_interfaces/lib:/home/rudranil/lb_ws/install/realsense_gazebo_plugin/lib:/home/rudranil/lb_ws/install/linkattacher_msgs/lib:/usr/lib/x86_64-linux-gnu/gazebo-11/plugins:/opt/ros/humble/opt/rviz_ogre_vendor/lib:/opt/ros/humble/lib/x86_64-linux-gnu:/opt/ros/humble/lib:/usr/share/gazebo-11/../../lib/x86_64-linux-gnu/gazebo-11/plugins PATH=/home/rudranil/oddity_rover/install/lely_core_libraries/bin:${PATH} PYTHONPATH=/home/rudranil/oddity_rover/install/lely_core_libraries/local/lib/python3.10/dist-packages:/home/rudranil/oddity_rover/install/lely_core_libraries/lib/python3.10/site-packages:/home/rudranil/oddity_rover/install/canopen_interfaces/local/lib/python3.10/dist-packages:${PYTHONPATH} /usr/bin/cmake --build /home/rudranil/oddity_rover/build/canopen_master_driver -- -j12 -l12
[26.773s] Invoking command in '/home/rudranil/oddity_rover/build/canopen_master_driver': AMENT_PREFIX_PATH=/home/rudranil/oddity_rover/install/canopen_core:/home/rudranil/oddity_rover/install/lely_core_libraries:/home/rudranil/oddity_rover/install/canopen_interfaces:${AMENT_PREFIX_PATH} CMAKE_PREFIX_PATH=/home/rudranil/oddity_rover/install/canopen_core:/home/rudranil/oddity_rover/install/lely_core_libraries:/home/rudranil/oddity_rover/install/canopen_interfaces:/home/rudranil/lb_ws/install/ur_simulation_gazebo:/home/rudranil/lb_ws/install/ur_moveit_config:/home/rudranil/lb_ws/install/ur_description:/home/rudranil/lb_ws/install/realsense_gazebo_plugin:/home/rudranil/lb_ws/install/pymoveit2:/home/rudranil/lb_ws/install/linkattacher_msgs:/home/rudranil/lb_ws/install/eyantra_warehouse:/home/rudranil/lb_ws/install/ebot_nav2:/home/rudranil/lb_ws/install/ebot_description:/home/rudranil/oddity_rover/install/my_gazebo_package:/home/rudranil/oddity_rover/install/martian_environment:/home/rudranil/lb_ws/install/ur5_control:/home/rudranil/ros2_ws/install/mini_bot_description:/opt/ros/humble LD_LIBRARY_PATH=/home/rudranil/oddity_rover/install/canopen_core/lib:/home/rudranil/oddity_rover/install/lely_core_libraries/lib:/home/rudranil/oddity_rover/install/canopen_interfaces/lib:/home/rudranil/lb_ws/install/realsense_gazebo_plugin/lib:/home/rudranil/lb_ws/install/linkattacher_msgs/lib:/usr/lib/x86_64-linux-gnu/gazebo-11/plugins:/opt/ros/humble/opt/rviz_ogre_vendor/lib:/opt/ros/humble/lib/x86_64-linux-gnu:/opt/ros/humble/lib:/usr/share/gazebo-11/../../lib/x86_64-linux-gnu/gazebo-11/plugins PATH=/home/rudranil/oddity_rover/install/lely_core_libraries/bin:${PATH} PYTHONPATH=/home/rudranil/oddity_rover/install/lely_core_libraries/local/lib/python3.10/dist-packages:/home/rudranil/oddity_rover/install/lely_core_libraries/lib/python3.10/site-packages:/home/rudranil/oddity_rover/install/canopen_interfaces/local/lib/python3.10/dist-packages:${PYTHONPATH} /usr/bin/cmake --install /home/rudranil/oddity_rover/build/canopen_master_driver
[26.781s] -- Install configuration: ""
[26.782s] -- Execute custom install script
[26.782s] -- Symlinking: /home/rudranil/oddity_rover/install/canopen_master_driver/include/canopen_master_driver/lely_master_bridge.hpp
[26.793s] -- Symlinking: /home/rudranil/oddity_rover/install/canopen_master_driver/include/canopen_master_driver/lifecycle_master_driver.hpp
[26.804s] -- Symlinking: /home/rudranil/oddity_rover/install/canopen_master_driver/include/canopen_master_driver/master_driver.hpp
[26.815s] -- Symlinking: /home/rudranil/oddity_rover/install/canopen_master_driver/include/canopen_master_driver/node_interfaces/node_canopen_basic_master.hpp
[26.826s] -- Symlinking: /home/rudranil/oddity_rover/install/canopen_master_driver/include/canopen_master_driver/node_interfaces/node_canopen_basic_master_impl.hpp
[26.838s] -- Symlinking: /home/rudranil/oddity_rover/install/canopen_master_driver/include/canopen_master_driver/visibility_control.h
[26.850s] -- Symlinking: /home/rudranil/oddity_rover/install/canopen_master_driver/share/canopen_master_driver/environment/library_path.sh
[26.862s] -- Symlinking: /home/rudranil/oddity_rover/install/canopen_master_driver/share/canopen_master_driver/environment/library_path.dsv
[26.874s] -- Symlinking: /home/rudranil/oddity_rover/install/canopen_master_driver/share/ament_index/resource_index/package_run_dependencies/canopen_master_driver
[26.885s] -- Symlinking: /home/rudranil/oddity_rover/install/canopen_master_driver/share/ament_index/resource_index/parent_prefix_path/canopen_master_driver
[26.895s] -- Symlinking: /home/rudranil/oddity_rover/install/canopen_master_driver/share/canopen_master_driver/environment/ament_prefix_path.sh
[26.906s] -- Symlinking: /home/rudranil/oddity_rover/install/canopen_master_driver/share/canopen_master_driver/environment/ament_prefix_path.dsv
[26.917s] -- Symlinking: /home/rudranil/oddity_rover/install/canopen_master_driver/share/canopen_master_driver/environment/path.sh
[26.928s] -- Symlinking: /home/rudranil/oddity_rover/install/canopen_master_driver/share/canopen_master_driver/environment/path.dsv
[26.939s] -- Symlinking: /home/rudranil/oddity_rover/install/canopen_master_driver/share/canopen_master_driver/local_setup.bash
[26.950s] -- Symlinking: /home/rudranil/oddity_rover/install/canopen_master_driver/share/canopen_master_driver/local_setup.sh
[26.961s] -- Symlinking: /home/rudranil/oddity_rover/install/canopen_master_driver/share/canopen_master_driver/local_setup.zsh
[26.973s] -- Symlinking: /home/rudranil/oddity_rover/install/canopen_master_driver/share/canopen_master_driver/local_setup.dsv
[26.984s] -- Symlinking: /home/rudranil/oddity_rover/install/canopen_master_driver/share/canopen_master_driver/package.dsv
[26.996s] -- Symlinking: /home/rudranil/oddity_rover/install/canopen_master_driver/share/ament_index/resource_index/packages/canopen_master_driver
[27.007s] -- Symlinking: /home/rudranil/oddity_rover/install/canopen_master_driver/share/ament_index/resource_index/rclcpp_components/canopen_master_driver
[27.019s] -- Symlinking: /home/rudranil/oddity_rover/install/canopen_master_driver/share/canopen_master_driver/cmake/ament_cmake_export_include_directories-extras.cmake
[27.029s] -- Symlinking: /home/rudranil/oddity_rover/install/canopen_master_driver/share/canopen_master_driver/cmake/ament_cmake_export_libraries-extras.cmake
[27.040s] -- Symlinking: /home/rudranil/oddity_rover/install/canopen_master_driver/share/canopen_master_driver/cmake/ament_cmake_export_targets-extras.cmake
[27.051s] -- Symlinking: /home/rudranil/oddity_rover/install/canopen_master_driver/share/canopen_master_driver/cmake/ament_cmake_export_dependencies-extras.cmake
[27.062s] -- Symlinking: /home/rudranil/oddity_rover/install/canopen_master_driver/share/canopen_master_driver/cmake/canopen_master_driverConfig.cmake
[27.073s] -- Symlinking: /home/rudranil/oddity_rover/install/canopen_master_driver/share/canopen_master_driver/cmake/canopen_master_driverConfig-version.cmake
[27.084s] -- Symlinking: /home/rudranil/oddity_rover/install/canopen_master_driver/share/canopen_master_driver/package.xml
[27.095s] -- Installing: /home/rudranil/oddity_rover/install/canopen_master_driver/lib/liblifecycle_master_driver.so
[27.097s] -- Set runtime path of "/home/rudranil/oddity_rover/install/canopen_master_driver/lib/liblifecycle_master_driver.so" to ""
[27.097s] -- Installing: /home/rudranil/oddity_rover/install/canopen_master_driver/lib/libmaster_driver.so
[27.098s] -- Set runtime path of "/home/rudranil/oddity_rover/install/canopen_master_driver/lib/libmaster_driver.so" to ""
[27.098s] -- Installing: /home/rudranil/oddity_rover/install/canopen_master_driver/lib/libnode_canopen_basic_master.so
[27.101s] -- Set runtime path of "/home/rudranil/oddity_rover/install/canopen_master_driver/lib/libnode_canopen_basic_master.so" to ""
[27.101s] -- Installing: /home/rudranil/oddity_rover/install/canopen_master_driver/lib/liblely_master_bridge.so
[27.102s] -- Set runtime path of "/home/rudranil/oddity_rover/install/canopen_master_driver/lib/liblely_master_bridge.so" to ""
[27.102s] -- Installing: /home/rudranil/oddity_rover/install/canopen_master_driver/share/canopen_master_driver/cmake/export_canopen_master_driverExport.cmake
[27.103s] -- Installing: /home/rudranil/oddity_rover/install/canopen_master_driver/share/canopen_master_driver/cmake/export_canopen_master_driverExport-noconfig.cmake
[27.105s] Invoked command in '/home/rudranil/oddity_rover/build/canopen_master_driver' returned '0': AMENT_PREFIX_PATH=/home/rudranil/oddity_rover/install/canopen_core:/home/rudranil/oddity_rover/install/lely_core_libraries:/home/rudranil/oddity_rover/install/canopen_interfaces:${AMENT_PREFIX_PATH} CMAKE_PREFIX_PATH=/home/rudranil/oddity_rover/install/canopen_core:/home/rudranil/oddity_rover/install/lely_core_libraries:/home/rudranil/oddity_rover/install/canopen_interfaces:/home/rudranil/lb_ws/install/ur_simulation_gazebo:/home/rudranil/lb_ws/install/ur_moveit_config:/home/rudranil/lb_ws/install/ur_description:/home/rudranil/lb_ws/install/realsense_gazebo_plugin:/home/rudranil/lb_ws/install/pymoveit2:/home/rudranil/lb_ws/install/linkattacher_msgs:/home/rudranil/lb_ws/install/eyantra_warehouse:/home/rudranil/lb_ws/install/ebot_nav2:/home/rudranil/lb_ws/install/ebot_description:/home/rudranil/oddity_rover/install/my_gazebo_package:/home/rudranil/oddity_rover/install/martian_environment:/home/rudranil/lb_ws/install/ur5_control:/home/rudranil/ros2_ws/install/mini_bot_description:/opt/ros/humble LD_LIBRARY_PATH=/home/rudranil/oddity_rover/install/canopen_core/lib:/home/rudranil/oddity_rover/install/lely_core_libraries/lib:/home/rudranil/oddity_rover/install/canopen_interfaces/lib:/home/rudranil/lb_ws/install/realsense_gazebo_plugin/lib:/home/rudranil/lb_ws/install/linkattacher_msgs/lib:/usr/lib/x86_64-linux-gnu/gazebo-11/plugins:/opt/ros/humble/opt/rviz_ogre_vendor/lib:/opt/ros/humble/lib/x86_64-linux-gnu:/opt/ros/humble/lib:/usr/share/gazebo-11/../../lib/x86_64-linux-gnu/gazebo-11/plugins PATH=/home/rudranil/oddity_rover/install/lely_core_libraries/bin:${PATH} PYTHONPATH=/home/rudranil/oddity_rover/install/lely_core_libraries/local/lib/python3.10/dist-packages:/home/rudranil/oddity_rover/install/lely_core_libraries/lib/python3.10/site-packages:/home/rudranil/oddity_rover/install/canopen_interfaces/local/lib/python3.10/dist-packages:${PYTHONPATH} /usr/bin/cmake --install /home/rudranil/oddity_rover/build/canopen_master_driver
