-- The C compiler identification is GNU 11.4.0
-- The CXX compiler identification is GNU 11.4.0
-- Detecting C compiler ABI info
-- Detecting C compiler ABI info - done
-- Check for working C compiler: /usr/bin/cc - skipped
-- Detecting C compile features
-- Detecting C compile features - done
-- Detecting CXX compiler ABI info
-- Detecting CXX compiler ABI info - done
-- Check for working CXX compiler: /usr/bin/c++ - skipped
-- Detecting CXX compile features
-- Detecting CXX compile features - done
-- Found ament_cmake: 1.3.10 (/opt/ros/humble/share/ament_cmake/cmake)
-- Found Python3: /usr/bin/python3 (found version "3.10.12") found components: Interpreter 
-- Override CMake install command with custom implementation using symlinks instead of copying resources
-- Found canopen_402_driver: 0.2.11 (/home/rudranil/oddity_rover/install/canopen_402_driver/share/canopen_402_driver/cmake)
-- Found Boost: /usr/lib/x86_64-linux-gnu/cmake/Boost-1.74.0/BoostConfig.cmake (found version "1.74.0") found components: system thread 
-- Found rosidl_generator_c: 3.1.5 (/opt/ros/humble/share/rosidl_generator_c/cmake)
-- Found rosidl_adapter: 3.1.5 (/opt/ros/humble/share/rosidl_adapter/cmake)
-- Found rosidl_generator_cpp: 3.1.5 (/opt/ros/humble/share/rosidl_generator_cpp/cmake)
-- Using all available rosidl_typesupport_c: rosidl_typesupport_fastrtps_c;rosidl_typesupport_introspection_c
-- Using all available rosidl_typesupport_cpp: rosidl_typesupport_fastrtps_cpp;rosidl_typesupport_introspection_cpp
-- Found rmw_implementation_cmake: 6.1.2 (/opt/ros/humble/share/rmw_implementation_cmake/cmake)
-- Found rmw_fastrtps_cpp: 6.2.7 (/opt/ros/humble/share/rmw_fastrtps_cpp/cmake)
-- Found OpenSSL: /usr/lib/x86_64-linux-gnu/libcrypto.so (found version "3.0.2")  
-- Found FastRTPS: /opt/ros/humble/include  
-- Using RMW implementation 'rmw_fastrtps_cpp' as default
-- Found Threads: TRUE  
-- Found controller_interface: 2.43.0 (/opt/ros/humble/share/controller_interface/cmake)
-- Found controller_manager: 2.43.0 (/opt/ros/humble/share/controller_manager/cmake)
-- Configuring done
-- Generating done
-- Build files have been written to: /home/rudranil/oddity_rover/build/canopen_ros2_controllers
[ 66%] [32mBuilding CXX object CMakeFiles/canopen_ros2_controllers.dir/src/cia402_device_controller.cpp.o[0m
[ 66%] [32mBuilding CXX object CMakeFiles/canopen_ros2_controllers.dir/src/canopen_proxy_controller.cpp.o[0m
[100%] [32m[1mLinking CXX shared library libcanopen_ros2_controllers.so[0m
[100%] Built target canopen_ros2_controllers
-- Install configuration: ""
-- Execute custom install script
-- Symlinking: /home/rudranil/oddity_rover/install/canopen_ros2_controllers/share/canopen_ros2_controllers//canopen_ros2_controllers.xml
-- Symlinking: /home/rudranil/oddity_rover/install/canopen_ros2_controllers/include/canopen_ros2_controllers/canopen_proxy_controller.hpp
-- Symlinking: /home/rudranil/oddity_rover/install/canopen_ros2_controllers/include/canopen_ros2_controllers/cia402_device_controller.hpp
-- Symlinking: /home/rudranil/oddity_rover/install/canopen_ros2_controllers/include/canopen_ros2_controllers/visibility_control.h
-- Symlinking: /home/rudranil/oddity_rover/install/canopen_ros2_controllers/share/canopen_ros2_controllers/environment/library_path.sh
-- Symlinking: /home/rudranil/oddity_rover/install/canopen_ros2_controllers/share/canopen_ros2_controllers/environment/library_path.dsv
-- Symlinking: /home/rudranil/oddity_rover/install/canopen_ros2_controllers/share/ament_index/resource_index/package_run_dependencies/canopen_ros2_controllers
-- Symlinking: /home/rudranil/oddity_rover/install/canopen_ros2_controllers/share/ament_index/resource_index/parent_prefix_path/canopen_ros2_controllers
-- Symlinking: /home/rudranil/oddity_rover/install/canopen_ros2_controllers/share/canopen_ros2_controllers/environment/ament_prefix_path.sh
-- Symlinking: /home/rudranil/oddity_rover/install/canopen_ros2_controllers/share/canopen_ros2_controllers/environment/ament_prefix_path.dsv
-- Symlinking: /home/rudranil/oddity_rover/install/canopen_ros2_controllers/share/canopen_ros2_controllers/environment/path.sh
-- Symlinking: /home/rudranil/oddity_rover/install/canopen_ros2_controllers/share/canopen_ros2_controllers/environment/path.dsv
-- Symlinking: /home/rudranil/oddity_rover/install/canopen_ros2_controllers/share/canopen_ros2_controllers/local_setup.bash
-- Symlinking: /home/rudranil/oddity_rover/install/canopen_ros2_controllers/share/canopen_ros2_controllers/local_setup.sh
-- Symlinking: /home/rudranil/oddity_rover/install/canopen_ros2_controllers/share/canopen_ros2_controllers/local_setup.zsh
-- Symlinking: /home/rudranil/oddity_rover/install/canopen_ros2_controllers/share/canopen_ros2_controllers/local_setup.dsv
-- Symlinking: /home/rudranil/oddity_rover/install/canopen_ros2_controllers/share/canopen_ros2_controllers/package.dsv
-- Symlinking: /home/rudranil/oddity_rover/install/canopen_ros2_controllers/share/ament_index/resource_index/packages/canopen_ros2_controllers
-- Symlinking: /home/rudranil/oddity_rover/install/canopen_ros2_controllers/share/ament_index/resource_index/controller_interface__pluginlib__plugin/canopen_ros2_controllers
-- Symlinking: /home/rudranil/oddity_rover/install/canopen_ros2_controllers/share/canopen_ros2_controllers/cmake/ament_cmake_export_include_directories-extras.cmake
-- Symlinking: /home/rudranil/oddity_rover/install/canopen_ros2_controllers/share/canopen_ros2_controllers/cmake/ament_cmake_export_libraries-extras.cmake
-- Symlinking: /home/rudranil/oddity_rover/install/canopen_ros2_controllers/share/canopen_ros2_controllers/cmake/ament_cmake_export_dependencies-extras.cmake
-- Symlinking: /home/rudranil/oddity_rover/install/canopen_ros2_controllers/share/canopen_ros2_controllers/cmake/canopen_ros2_controllersConfig.cmake
-- Symlinking: /home/rudranil/oddity_rover/install/canopen_ros2_controllers/share/canopen_ros2_controllers/cmake/canopen_ros2_controllersConfig-version.cmake
-- Symlinking: /home/rudranil/oddity_rover/install/canopen_ros2_controllers/share/canopen_ros2_controllers/package.xml
-- Installing: /home/rudranil/oddity_rover/install/canopen_ros2_controllers/lib/libcanopen_ros2_controllers.so
-- Set runtime path of "/home/rudranil/oddity_rover/install/canopen_ros2_controllers/lib/libcanopen_ros2_controllers.so" to ""
