[0.033s] Invoking command in '/home/rudranil/oddity_rover/build/canopen_402_driver': AMENT_PREFIX_PATH=/home/rudranil/oddity_rover/install/canopen_proxy_driver:/home/rudranil/oddity_rover/install/canopen_base_driver:/home/rudranil/oddity_rover/install/canopen_core:/home/rudranil/oddity_rover/install/lely_core_libraries:/home/rudranil/oddity_rover/install/canopen_interfaces:${AMENT_PREFIX_PATH} CMAKE_PREFIX_PATH=/home/rudranil/oddity_rover/install/canopen_proxy_driver:/home/rudranil/oddity_rover/install/canopen_base_driver:/home/rudranil/oddity_rover/install/canopen_core:/home/rudranil/oddity_rover/install/lely_core_libraries:/home/rudranil/oddity_rover/install/canopen_interfaces:/home/rudranil/lb_ws/install/ur_simulation_gazebo:/home/rudranil/lb_ws/install/ur_moveit_config:/home/rudranil/lb_ws/install/ur_description:/home/rudranil/lb_ws/install/realsense_gazebo_plugin:/home/rudranil/lb_ws/install/pymoveit2:/home/rudranil/lb_ws/install/linkattacher_msgs:/home/rudranil/lb_ws/install/eyantra_warehouse:/home/rudranil/lb_ws/install/ebot_nav2:/home/rudranil/lb_ws/install/ebot_description:/home/rudranil/oddity_rover/install/my_gazebo_package:/home/rudranil/oddity_rover/install/martian_environment:/home/rudranil/lb_ws/install/ur5_control:/home/rudranil/ros2_ws/install/mini_bot_description:/opt/ros/humble LD_LIBRARY_PATH=/home/rudranil/oddity_rover/install/canopen_proxy_driver/lib:/home/rudranil/oddity_rover/install/canopen_base_driver/lib:/home/rudranil/oddity_rover/install/canopen_core/lib:/home/rudranil/oddity_rover/install/lely_core_libraries/lib:/home/rudranil/oddity_rover/install/canopen_interfaces/lib:/home/rudranil/lb_ws/install/realsense_gazebo_plugin/lib:/home/rudranil/lb_ws/install/linkattacher_msgs/lib:/usr/lib/x86_64-linux-gnu/gazebo-11/plugins:/opt/ros/humble/opt/rviz_ogre_vendor/lib:/opt/ros/humble/lib/x86_64-linux-gnu:/opt/ros/humble/lib:/usr/share/gazebo-11/../../lib/x86_64-linux-gnu/gazebo-11/plugins PATH=/home/rudranil/oddity_rover/install/lely_core_libraries/bin:${PATH} PYTHONPATH=/home/rudranil/oddity_rover/install/lely_core_libraries/local/lib/python3.10/dist-packages:/home/rudranil/oddity_rover/install/lely_core_libraries/lib/python3.10/site-packages:/home/rudranil/oddity_rover/install/canopen_interfaces/local/lib/python3.10/dist-packages:${PYTHONPATH} /usr/bin/cmake /home/rudranil/oddity_rover/src/ros2_canopen/canopen_402_driver -DAMENT_CMAKE_SYMLINK_INSTALL=1 -DCMAKE_INSTALL_PREFIX=/home/rudranil/oddity_rover/install/canopen_402_driver
[0.104s] -- The C compiler identification is GNU 11.4.0
[0.166s] -- The CXX compiler identification is GNU 11.4.0
[0.174s] -- Detecting C compiler ABI info
[0.265s] -- Detecting C compiler ABI info - done
[0.272s] -- Check for working C compiler: /usr/bin/cc - skipped
[0.272s] -- Detecting C compile features
[0.272s] -- Detecting C compile features - done
[0.275s] -- Detecting CXX compiler ABI info
[0.373s] -- Detecting CXX compiler ABI info - done
[0.380s] -- Check for working CXX compiler: /usr/bin/c++ - skipped
[0.380s] -- Detecting CXX compile features
[0.381s] -- Detecting CXX compile features - done
[0.386s] -- Found ament_cmake: 1.3.10 (/opt/ros/humble/share/ament_cmake/cmake)
[0.552s] -- Found Python3: /usr/bin/python3 (found version "3.10.12") found components: Interpreter 
[0.612s] -- Override CMake install command with custom implementation using symlinks instead of copying resources
[0.675s] -- Found ament_cmake_ros: 0.10.0 (/opt/ros/humble/share/ament_cmake_ros/cmake)
[0.689s] -- Found canopen_base_driver: 0.2.11 (/home/rudranil/oddity_rover/install/canopen_base_driver/share/canopen_base_driver/cmake)
[0.908s] -- Found Boost: /usr/lib/x86_64-linux-gnu/cmake/Boost-1.74.0/BoostConfig.cmake (found version "1.74.0") found components: system thread 
[0.962s] -- Found rosidl_generator_c: 3.1.5 (/opt/ros/humble/share/rosidl_generator_c/cmake)
[0.972s] -- Found rosidl_adapter: 3.1.5 (/opt/ros/humble/share/rosidl_adapter/cmake)
[0.985s] -- Found rosidl_generator_cpp: 3.1.5 (/opt/ros/humble/share/rosidl_generator_cpp/cmake)
[1.001s] -- Using all available rosidl_typesupport_c: rosidl_typesupport_fastrtps_c;rosidl_typesupport_introspection_c
[1.024s] -- Using all available rosidl_typesupport_cpp: rosidl_typesupport_fastrtps_cpp;rosidl_typesupport_introspection_cpp
[1.132s] -- Found rmw_implementation_cmake: 6.1.2 (/opt/ros/humble/share/rmw_implementation_cmake/cmake)
[1.138s] -- Found rmw_fastrtps_cpp: 6.2.7 (/opt/ros/humble/share/rmw_fastrtps_cpp/cmake)
[1.300s] -- Found OpenSSL: /usr/lib/x86_64-linux-gnu/libcrypto.so (found version "3.0.2")  
[1.337s] -- Found FastRTPS: /opt/ros/humble/include  
[1.393s] -- Using RMW implementation 'rmw_fastrtps_cpp' as default
[1.409s] -- Found Threads: TRUE  
[1.571s] -- Found canopen_proxy_driver: 0.2.11 (/home/rudranil/oddity_rover/install/canopen_proxy_driver/share/canopen_proxy_driver/cmake)
[1.596s] -- Found sensor_msgs: 4.2.4 (/opt/ros/humble/share/sensor_msgs/cmake)
[1.656s] -- Found gtest sources under '/opt/ros/humble/src/gtest_vendor': C++ tests using 'Google Test' will be built
[1.733s] -- Configuring done
[1.794s] -- Generating done
[1.796s] -- Build files have been written to: /home/rudranil/oddity_rover/build/canopen_402_driver
[1.812s] Invoked command in '/home/rudranil/oddity_rover/build/canopen_402_driver' returned '0': AMENT_PREFIX_PATH=/home/rudranil/oddity_rover/install/canopen_proxy_driver:/home/rudranil/oddity_rover/install/canopen_base_driver:/home/rudranil/oddity_rover/install/canopen_core:/home/rudranil/oddity_rover/install/lely_core_libraries:/home/rudranil/oddity_rover/install/canopen_interfaces:${AMENT_PREFIX_PATH} CMAKE_PREFIX_PATH=/home/rudranil/oddity_rover/install/canopen_proxy_driver:/home/rudranil/oddity_rover/install/canopen_base_driver:/home/rudranil/oddity_rover/install/canopen_core:/home/rudranil/oddity_rover/install/lely_core_libraries:/home/rudranil/oddity_rover/install/canopen_interfaces:/home/rudranil/lb_ws/install/ur_simulation_gazebo:/home/rudranil/lb_ws/install/ur_moveit_config:/home/rudranil/lb_ws/install/ur_description:/home/rudranil/lb_ws/install/realsense_gazebo_plugin:/home/rudranil/lb_ws/install/pymoveit2:/home/rudranil/lb_ws/install/linkattacher_msgs:/home/rudranil/lb_ws/install/eyantra_warehouse:/home/rudranil/lb_ws/install/ebot_nav2:/home/rudranil/lb_ws/install/ebot_description:/home/rudranil/oddity_rover/install/my_gazebo_package:/home/rudranil/oddity_rover/install/martian_environment:/home/rudranil/lb_ws/install/ur5_control:/home/rudranil/ros2_ws/install/mini_bot_description:/opt/ros/humble LD_LIBRARY_PATH=/home/rudranil/oddity_rover/install/canopen_proxy_driver/lib:/home/rudranil/oddity_rover/install/canopen_base_driver/lib:/home/rudranil/oddity_rover/install/canopen_core/lib:/home/rudranil/oddity_rover/install/lely_core_libraries/lib:/home/rudranil/oddity_rover/install/canopen_interfaces/lib:/home/rudranil/lb_ws/install/realsense_gazebo_plugin/lib:/home/rudranil/lb_ws/install/linkattacher_msgs/lib:/usr/lib/x86_64-linux-gnu/gazebo-11/plugins:/opt/ros/humble/opt/rviz_ogre_vendor/lib:/opt/ros/humble/lib/x86_64-linux-gnu:/opt/ros/humble/lib:/usr/share/gazebo-11/../../lib/x86_64-linux-gnu/gazebo-11/plugins PATH=/home/rudranil/oddity_rover/install/lely_core_libraries/bin:${PATH} PYTHONPATH=/home/rudranil/oddity_rover/install/lely_core_libraries/local/lib/python3.10/dist-packages:/home/rudranil/oddity_rover/install/lely_core_libraries/lib/python3.10/site-packages:/home/rudranil/oddity_rover/install/canopen_interfaces/local/lib/python3.10/dist-packages:${PYTHONPATH} /usr/bin/cmake /home/rudranil/oddity_rover/src/ros2_canopen/canopen_402_driver -DAMENT_CMAKE_SYMLINK_INSTALL=1 -DCMAKE_INSTALL_PREFIX=/home/rudranil/oddity_rover/install/canopen_402_driver
[1.814s] Invoking command in '/home/rudranil/oddity_rover/build/canopen_402_driver': AMENT_PREFIX_PATH=/home/rudranil/oddity_rover/install/canopen_proxy_driver:/home/rudranil/oddity_rover/install/canopen_base_driver:/home/rudranil/oddity_rover/install/canopen_core:/home/rudranil/oddity_rover/install/lely_core_libraries:/home/rudranil/oddity_rover/install/canopen_interfaces:${AMENT_PREFIX_PATH} CMAKE_PREFIX_PATH=/home/rudranil/oddity_rover/install/canopen_proxy_driver:/home/rudranil/oddity_rover/install/canopen_base_driver:/home/rudranil/oddity_rover/install/canopen_core:/home/rudranil/oddity_rover/install/lely_core_libraries:/home/rudranil/oddity_rover/install/canopen_interfaces:/home/rudranil/lb_ws/install/ur_simulation_gazebo:/home/rudranil/lb_ws/install/ur_moveit_config:/home/rudranil/lb_ws/install/ur_description:/home/rudranil/lb_ws/install/realsense_gazebo_plugin:/home/rudranil/lb_ws/install/pymoveit2:/home/rudranil/lb_ws/install/linkattacher_msgs:/home/rudranil/lb_ws/install/eyantra_warehouse:/home/rudranil/lb_ws/install/ebot_nav2:/home/rudranil/lb_ws/install/ebot_description:/home/rudranil/oddity_rover/install/my_gazebo_package:/home/rudranil/oddity_rover/install/martian_environment:/home/rudranil/lb_ws/install/ur5_control:/home/rudranil/ros2_ws/install/mini_bot_description:/opt/ros/humble LD_LIBRARY_PATH=/home/rudranil/oddity_rover/install/canopen_proxy_driver/lib:/home/rudranil/oddity_rover/install/canopen_base_driver/lib:/home/rudranil/oddity_rover/install/canopen_core/lib:/home/rudranil/oddity_rover/install/lely_core_libraries/lib:/home/rudranil/oddity_rover/install/canopen_interfaces/lib:/home/rudranil/lb_ws/install/realsense_gazebo_plugin/lib:/home/rudranil/lb_ws/install/linkattacher_msgs/lib:/usr/lib/x86_64-linux-gnu/gazebo-11/plugins:/opt/ros/humble/opt/rviz_ogre_vendor/lib:/opt/ros/humble/lib/x86_64-linux-gnu:/opt/ros/humble/lib:/usr/share/gazebo-11/../../lib/x86_64-linux-gnu/gazebo-11/plugins PATH=/home/rudranil/oddity_rover/install/lely_core_libraries/bin:${PATH} PYTHONPATH=/home/rudranil/oddity_rover/install/lely_core_libraries/local/lib/python3.10/dist-packages:/home/rudranil/oddity_rover/install/lely_core_libraries/lib/python3.10/site-packages:/home/rudranil/oddity_rover/install/canopen_interfaces/local/lib/python3.10/dist-packages:${PYTHONPATH} /usr/bin/cmake --build /home/rudranil/oddity_rover/build/canopen_402_driver -- -j12 -l12
[1.881s] [ 29%] [32mBuilding CXX object gtest/CMakeFiles/gtest_main.dir/src/gtest_main.cc.o[0m
[1.881s] [ 29%] [32mBuilding CXX object CMakeFiles/lely_motion_controller_bridge.dir/src/command.cpp.o[0m
[1.881s] [ 29%] [32mBuilding CXX object CMakeFiles/lely_motion_controller_bridge.dir/src/motor.cpp.o[0m
[1.881s] [ 29%] [32mBuilding CXX object CMakeFiles/lely_motion_controller_bridge.dir/src/default_homing_mode.cpp.o[0m
[1.881s] [ 29%] [32mBuilding CXX object CMakeFiles/lely_motion_controller_bridge.dir/src/state.cpp.o[0m
[1.882s] [ 35%] [32mBuilding CXX object gtest/CMakeFiles/gtest.dir/src/gtest-all.cc.o[0m
[2.788s] [ 41%] [32m[1mLinking CXX static library libgtest_main.a[0m
[2.834s] [ 41%] Built target gtest_main
[4.918s] [ 47%] [32m[1mLinking CXX static library libgtest.a[0m
[4.996s] [ 47%] Built target gtest
[5.025s] [ 52%] [32mBuilding CXX object test/CMakeFiles/test_driver_component.dir/test_driver_component.cpp.o[0m
[12.311s] [ 58%] [32m[1mLinking CXX shared library liblely_motion_controller_bridge.so[0m
[12.643s] [ 58%] Built target lely_motion_controller_bridge
[12.673s] [ 64%] [32mBuilding CXX object CMakeFiles/node_canopen_cia402_driver.dir/src/node_interfaces/node_canopen_402_driver.cpp.o[0m
[14.634s] [ 70%] [32m[1mLinking CXX executable test_driver_component[0m
[14.907s] [ 70%] Built target test_driver_component
[22.610s] [ 76%] [32m[1mLinking CXX shared library libnode_canopen_cia402_driver.so[0m
[23.663s] [ 76%] Built target node_canopen_cia402_driver
[23.692s] [ 88%] [32mBuilding CXX object CMakeFiles/cia402_driver.dir/src/cia402_driver.cpp.o[0m
[23.692s] [ 88%] [32mBuilding CXX object CMakeFiles/lifecycle_cia402_driver.dir/src/lifecycle_cia402_driver.cpp.o[0m
[30.477s] [ 94%] [32m[1mLinking CXX shared library liblifecycle_cia402_driver.so[0m
[30.531s] [100%] [32m[1mLinking CXX shared library libcia402_driver.so[0m
[30.903s] [100%] Built target lifecycle_cia402_driver
[30.940s] [100%] Built target cia402_driver
[30.958s] Invoked command in '/home/rudranil/oddity_rover/build/canopen_402_driver' returned '0': AMENT_PREFIX_PATH=/home/rudranil/oddity_rover/install/canopen_proxy_driver:/home/rudranil/oddity_rover/install/canopen_base_driver:/home/rudranil/oddity_rover/install/canopen_core:/home/rudranil/oddity_rover/install/lely_core_libraries:/home/rudranil/oddity_rover/install/canopen_interfaces:${AMENT_PREFIX_PATH} CMAKE_PREFIX_PATH=/home/rudranil/oddity_rover/install/canopen_proxy_driver:/home/rudranil/oddity_rover/install/canopen_base_driver:/home/rudranil/oddity_rover/install/canopen_core:/home/rudranil/oddity_rover/install/lely_core_libraries:/home/rudranil/oddity_rover/install/canopen_interfaces:/home/rudranil/lb_ws/install/ur_simulation_gazebo:/home/rudranil/lb_ws/install/ur_moveit_config:/home/rudranil/lb_ws/install/ur_description:/home/rudranil/lb_ws/install/realsense_gazebo_plugin:/home/rudranil/lb_ws/install/pymoveit2:/home/rudranil/lb_ws/install/linkattacher_msgs:/home/rudranil/lb_ws/install/eyantra_warehouse:/home/rudranil/lb_ws/install/ebot_nav2:/home/rudranil/lb_ws/install/ebot_description:/home/rudranil/oddity_rover/install/my_gazebo_package:/home/rudranil/oddity_rover/install/martian_environment:/home/rudranil/lb_ws/install/ur5_control:/home/rudranil/ros2_ws/install/mini_bot_description:/opt/ros/humble LD_LIBRARY_PATH=/home/rudranil/oddity_rover/install/canopen_proxy_driver/lib:/home/rudranil/oddity_rover/install/canopen_base_driver/lib:/home/rudranil/oddity_rover/install/canopen_core/lib:/home/rudranil/oddity_rover/install/lely_core_libraries/lib:/home/rudranil/oddity_rover/install/canopen_interfaces/lib:/home/rudranil/lb_ws/install/realsense_gazebo_plugin/lib:/home/rudranil/lb_ws/install/linkattacher_msgs/lib:/usr/lib/x86_64-linux-gnu/gazebo-11/plugins:/opt/ros/humble/opt/rviz_ogre_vendor/lib:/opt/ros/humble/lib/x86_64-linux-gnu:/opt/ros/humble/lib:/usr/share/gazebo-11/../../lib/x86_64-linux-gnu/gazebo-11/plugins PATH=/home/rudranil/oddity_rover/install/lely_core_libraries/bin:${PATH} PYTHONPATH=/home/rudranil/oddity_rover/install/lely_core_libraries/local/lib/python3.10/dist-packages:/home/rudranil/oddity_rover/install/lely_core_libraries/lib/python3.10/site-packages:/home/rudranil/oddity_rover/install/canopen_interfaces/local/lib/python3.10/dist-packages:${PYTHONPATH} /usr/bin/cmake --build /home/rudranil/oddity_rover/build/canopen_402_driver -- -j12 -l12
[31.021s] Invoking command in '/home/rudranil/oddity_rover/build/canopen_402_driver': AMENT_PREFIX_PATH=/home/rudranil/oddity_rover/install/canopen_proxy_driver:/home/rudranil/oddity_rover/install/canopen_base_driver:/home/rudranil/oddity_rover/install/canopen_core:/home/rudranil/oddity_rover/install/lely_core_libraries:/home/rudranil/oddity_rover/install/canopen_interfaces:${AMENT_PREFIX_PATH} CMAKE_PREFIX_PATH=/home/rudranil/oddity_rover/install/canopen_proxy_driver:/home/rudranil/oddity_rover/install/canopen_base_driver:/home/rudranil/oddity_rover/install/canopen_core:/home/rudranil/oddity_rover/install/lely_core_libraries:/home/rudranil/oddity_rover/install/canopen_interfaces:/home/rudranil/lb_ws/install/ur_simulation_gazebo:/home/rudranil/lb_ws/install/ur_moveit_config:/home/rudranil/lb_ws/install/ur_description:/home/rudranil/lb_ws/install/realsense_gazebo_plugin:/home/rudranil/lb_ws/install/pymoveit2:/home/rudranil/lb_ws/install/linkattacher_msgs:/home/rudranil/lb_ws/install/eyantra_warehouse:/home/rudranil/lb_ws/install/ebot_nav2:/home/rudranil/lb_ws/install/ebot_description:/home/rudranil/oddity_rover/install/my_gazebo_package:/home/rudranil/oddity_rover/install/martian_environment:/home/rudranil/lb_ws/install/ur5_control:/home/rudranil/ros2_ws/install/mini_bot_description:/opt/ros/humble LD_LIBRARY_PATH=/home/rudranil/oddity_rover/install/canopen_proxy_driver/lib:/home/rudranil/oddity_rover/install/canopen_base_driver/lib:/home/rudranil/oddity_rover/install/canopen_core/lib:/home/rudranil/oddity_rover/install/lely_core_libraries/lib:/home/rudranil/oddity_rover/install/canopen_interfaces/lib:/home/rudranil/lb_ws/install/realsense_gazebo_plugin/lib:/home/rudranil/lb_ws/install/linkattacher_msgs/lib:/usr/lib/x86_64-linux-gnu/gazebo-11/plugins:/opt/ros/humble/opt/rviz_ogre_vendor/lib:/opt/ros/humble/lib/x86_64-linux-gnu:/opt/ros/humble/lib:/usr/share/gazebo-11/../../lib/x86_64-linux-gnu/gazebo-11/plugins PATH=/home/rudranil/oddity_rover/install/lely_core_libraries/bin:${PATH} PYTHONPATH=/home/rudranil/oddity_rover/install/lely_core_libraries/local/lib/python3.10/dist-packages:/home/rudranil/oddity_rover/install/lely_core_libraries/lib/python3.10/site-packages:/home/rudranil/oddity_rover/install/canopen_interfaces/local/lib/python3.10/dist-packages:${PYTHONPATH} /usr/bin/cmake --install /home/rudranil/oddity_rover/build/canopen_402_driver
[31.028s] -- Install configuration: ""
[31.029s] -- Execute custom install script
[31.029s] -- Symlinking: /home/rudranil/oddity_rover/install/canopen_402_driver/include/canopen_402_driver/base.hpp
[31.041s] -- Symlinking: /home/rudranil/oddity_rover/install/canopen_402_driver/include/canopen_402_driver/cia402_driver.hpp
[31.054s] -- Symlinking: /home/rudranil/oddity_rover/install/canopen_402_driver/include/canopen_402_driver/command.hpp
[31.066s] -- Symlinking: /home/rudranil/oddity_rover/install/canopen_402_driver/include/canopen_402_driver/default_homing_mode.hpp
[31.078s] -- Symlinking: /home/rudranil/oddity_rover/install/canopen_402_driver/include/canopen_402_driver/homing_mode.hpp
[31.090s] -- Symlinking: /home/rudranil/oddity_rover/install/canopen_402_driver/include/canopen_402_driver/lifecycle_cia402_driver.hpp
[31.101s] -- Symlinking: /home/rudranil/oddity_rover/install/canopen_402_driver/include/canopen_402_driver/mode.hpp
[31.113s] -- Symlinking: /home/rudranil/oddity_rover/install/canopen_402_driver/include/canopen_402_driver/mode_forward_helper.hpp
[31.125s] -- Symlinking: /home/rudranil/oddity_rover/install/canopen_402_driver/include/canopen_402_driver/mode_target_helper.hpp
[31.136s] -- Symlinking: /home/rudranil/oddity_rover/install/canopen_402_driver/include/canopen_402_driver/motor.hpp
[31.148s] -- Symlinking: /home/rudranil/oddity_rover/install/canopen_402_driver/include/canopen_402_driver/node_interfaces/node_canopen_402_driver.hpp
[31.160s] -- Symlinking: /home/rudranil/oddity_rover/install/canopen_402_driver/include/canopen_402_driver/node_interfaces/node_canopen_402_driver_impl.hpp
[31.173s] -- Symlinking: /home/rudranil/oddity_rover/install/canopen_402_driver/include/canopen_402_driver/profiled_position_mode.hpp
[31.186s] -- Symlinking: /home/rudranil/oddity_rover/install/canopen_402_driver/include/canopen_402_driver/state.hpp
[31.197s] -- Symlinking: /home/rudranil/oddity_rover/install/canopen_402_driver/include/canopen_402_driver/visibility_control.h
[31.208s] -- Symlinking: /home/rudranil/oddity_rover/install/canopen_402_driver/include/canopen_402_driver/word_accessor.hpp
[31.221s] -- Symlinking: /home/rudranil/oddity_rover/install/canopen_402_driver/share/canopen_402_driver/environment/library_path.sh
[31.234s] -- Symlinking: /home/rudranil/oddity_rover/install/canopen_402_driver/share/canopen_402_driver/environment/library_path.dsv
[31.245s] -- Symlinking: /home/rudranil/oddity_rover/install/canopen_402_driver/share/ament_index/resource_index/package_run_dependencies/canopen_402_driver
[31.257s] -- Symlinking: /home/rudranil/oddity_rover/install/canopen_402_driver/share/ament_index/resource_index/parent_prefix_path/canopen_402_driver
[31.270s] -- Symlinking: /home/rudranil/oddity_rover/install/canopen_402_driver/share/canopen_402_driver/environment/ament_prefix_path.sh
[31.281s] -- Symlinking: /home/rudranil/oddity_rover/install/canopen_402_driver/share/canopen_402_driver/environment/ament_prefix_path.dsv
[31.293s] -- Symlinking: /home/rudranil/oddity_rover/install/canopen_402_driver/share/canopen_402_driver/environment/path.sh
[31.304s] -- Symlinking: /home/rudranil/oddity_rover/install/canopen_402_driver/share/canopen_402_driver/environment/path.dsv
[31.317s] -- Symlinking: /home/rudranil/oddity_rover/install/canopen_402_driver/share/canopen_402_driver/local_setup.bash
[31.328s] -- Symlinking: /home/rudranil/oddity_rover/install/canopen_402_driver/share/canopen_402_driver/local_setup.sh
[31.341s] -- Symlinking: /home/rudranil/oddity_rover/install/canopen_402_driver/share/canopen_402_driver/local_setup.zsh
[31.353s] -- Symlinking: /home/rudranil/oddity_rover/install/canopen_402_driver/share/canopen_402_driver/local_setup.dsv
[31.364s] -- Symlinking: /home/rudranil/oddity_rover/install/canopen_402_driver/share/canopen_402_driver/package.dsv
[31.376s] -- Symlinking: /home/rudranil/oddity_rover/install/canopen_402_driver/share/ament_index/resource_index/packages/canopen_402_driver
[31.389s] -- Symlinking: /home/rudranil/oddity_rover/install/canopen_402_driver/share/ament_index/resource_index/rclcpp_components/canopen_402_driver
[31.401s] -- Symlinking: /home/rudranil/oddity_rover/install/canopen_402_driver/share/canopen_402_driver/cmake/ament_cmake_export_include_directories-extras.cmake
[31.413s] -- Symlinking: /home/rudranil/oddity_rover/install/canopen_402_driver/share/canopen_402_driver/cmake/ament_cmake_export_libraries-extras.cmake
[31.425s] -- Symlinking: /home/rudranil/oddity_rover/install/canopen_402_driver/share/canopen_402_driver/cmake/ament_cmake_export_targets-extras.cmake
[31.439s] -- Symlinking: /home/rudranil/oddity_rover/install/canopen_402_driver/share/canopen_402_driver/cmake/ament_cmake_export_dependencies-extras.cmake
[31.451s] -- Symlinking: /home/rudranil/oddity_rover/install/canopen_402_driver/share/canopen_402_driver/cmake/canopen_402_driverConfig.cmake
[31.463s] -- Symlinking: /home/rudranil/oddity_rover/install/canopen_402_driver/share/canopen_402_driver/cmake/canopen_402_driverConfig-version.cmake
[31.475s] -- Symlinking: /home/rudranil/oddity_rover/install/canopen_402_driver/share/canopen_402_driver/package.xml
[31.487s] -- Installing: /home/rudranil/oddity_rover/install/canopen_402_driver/lib/liblifecycle_cia402_driver.so
[31.489s] -- Set runtime path of "/home/rudranil/oddity_rover/install/canopen_402_driver/lib/liblifecycle_cia402_driver.so" to ""
[31.490s] -- Installing: /home/rudranil/oddity_rover/install/canopen_402_driver/lib/libcia402_driver.so
[31.491s] -- Set runtime path of "/home/rudranil/oddity_rover/install/canopen_402_driver/lib/libcia402_driver.so" to ""
[31.491s] -- Installing: /home/rudranil/oddity_rover/install/canopen_402_driver/lib/libnode_canopen_cia402_driver.so
[31.496s] -- Set runtime path of "/home/rudranil/oddity_rover/install/canopen_402_driver/lib/libnode_canopen_cia402_driver.so" to ""
[31.496s] -- Installing: /home/rudranil/oddity_rover/install/canopen_402_driver/lib/liblely_motion_controller_bridge.so
[31.498s] -- Set runtime path of "/home/rudranil/oddity_rover/install/canopen_402_driver/lib/liblely_motion_controller_bridge.so" to ""
[31.498s] -- Installing: /home/rudranil/oddity_rover/install/canopen_402_driver/share/canopen_402_driver/cmake/export_canopen_402_driverExport.cmake
[31.498s] -- Installing: /home/rudranil/oddity_rover/install/canopen_402_driver/share/canopen_402_driver/cmake/export_canopen_402_driverExport-noconfig.cmake
[31.501s] Invoked command in '/home/rudranil/oddity_rover/build/canopen_402_driver' returned '0': AMENT_PREFIX_PATH=/home/rudranil/oddity_rover/install/canopen_proxy_driver:/home/rudranil/oddity_rover/install/canopen_base_driver:/home/rudranil/oddity_rover/install/canopen_core:/home/rudranil/oddity_rover/install/lely_core_libraries:/home/rudranil/oddity_rover/install/canopen_interfaces:${AMENT_PREFIX_PATH} CMAKE_PREFIX_PATH=/home/rudranil/oddity_rover/install/canopen_proxy_driver:/home/rudranil/oddity_rover/install/canopen_base_driver:/home/rudranil/oddity_rover/install/canopen_core:/home/rudranil/oddity_rover/install/lely_core_libraries:/home/rudranil/oddity_rover/install/canopen_interfaces:/home/rudranil/lb_ws/install/ur_simulation_gazebo:/home/rudranil/lb_ws/install/ur_moveit_config:/home/rudranil/lb_ws/install/ur_description:/home/rudranil/lb_ws/install/realsense_gazebo_plugin:/home/rudranil/lb_ws/install/pymoveit2:/home/rudranil/lb_ws/install/linkattacher_msgs:/home/rudranil/lb_ws/install/eyantra_warehouse:/home/rudranil/lb_ws/install/ebot_nav2:/home/rudranil/lb_ws/install/ebot_description:/home/rudranil/oddity_rover/install/my_gazebo_package:/home/rudranil/oddity_rover/install/martian_environment:/home/rudranil/lb_ws/install/ur5_control:/home/rudranil/ros2_ws/install/mini_bot_description:/opt/ros/humble LD_LIBRARY_PATH=/home/rudranil/oddity_rover/install/canopen_proxy_driver/lib:/home/rudranil/oddity_rover/install/canopen_base_driver/lib:/home/rudranil/oddity_rover/install/canopen_core/lib:/home/rudranil/oddity_rover/install/lely_core_libraries/lib:/home/rudranil/oddity_rover/install/canopen_interfaces/lib:/home/rudranil/lb_ws/install/realsense_gazebo_plugin/lib:/home/rudranil/lb_ws/install/linkattacher_msgs/lib:/usr/lib/x86_64-linux-gnu/gazebo-11/plugins:/opt/ros/humble/opt/rviz_ogre_vendor/lib:/opt/ros/humble/lib/x86_64-linux-gnu:/opt/ros/humble/lib:/usr/share/gazebo-11/../../lib/x86_64-linux-gnu/gazebo-11/plugins PATH=/home/rudranil/oddity_rover/install/lely_core_libraries/bin:${PATH} PYTHONPATH=/home/rudranil/oddity_rover/install/lely_core_libraries/local/lib/python3.10/dist-packages:/home/rudranil/oddity_rover/install/lely_core_libraries/lib/python3.10/site-packages:/home/rudranil/oddity_rover/install/canopen_interfaces/local/lib/python3.10/dist-packages:${PYTHONPATH} /usr/bin/cmake --install /home/rudranil/oddity_rover/build/canopen_402_driver
