[0.029s] Invoking command in '/home/rudranil/oddity_rover/build/canopen_ros2_control': AMENT_PREFIX_PATH=/home/rudranil/oddity_rover/install/canopen_402_driver:/home/rudranil/oddity_rover/install/canopen_proxy_driver:/home/rudranil/oddity_rover/install/canopen_base_driver:/home/rudranil/oddity_rover/install/canopen_core:/home/rudranil/oddity_rover/install/lely_core_libraries:/home/rudranil/oddity_rover/install/canopen_interfaces:${AMENT_PREFIX_PATH} CMAKE_PREFIX_PATH=/home/rudranil/oddity_rover/install/canopen_402_driver:/home/rudranil/oddity_rover/install/canopen_proxy_driver:/home/rudranil/oddity_rover/install/canopen_base_driver:/home/rudranil/oddity_rover/install/canopen_core:/home/rudranil/oddity_rover/install/lely_core_libraries:/home/rudranil/oddity_rover/install/canopen_interfaces:/home/rudranil/lb_ws/install/ur_simulation_gazebo:/home/rudranil/lb_ws/install/ur_moveit_config:/home/rudranil/lb_ws/install/ur_description:/home/rudranil/lb_ws/install/realsense_gazebo_plugin:/home/rudranil/lb_ws/install/pymoveit2:/home/rudranil/lb_ws/install/linkattacher_msgs:/home/rudranil/lb_ws/install/eyantra_warehouse:/home/rudranil/lb_ws/install/ebot_nav2:/home/rudranil/lb_ws/install/ebot_description:/home/rudranil/oddity_rover/install/my_gazebo_package:/home/rudranil/oddity_rover/install/martian_environment:/home/rudranil/lb_ws/install/ur5_control:/home/rudranil/ros2_ws/install/mini_bot_description:/opt/ros/humble LD_LIBRARY_PATH=/home/rudranil/oddity_rover/install/canopen_402_driver/lib:/home/rudranil/oddity_rover/install/canopen_proxy_driver/lib:/home/rudranil/oddity_rover/install/canopen_base_driver/lib:/home/rudranil/oddity_rover/install/canopen_core/lib:/home/rudranil/oddity_rover/install/lely_core_libraries/lib:/home/rudranil/oddity_rover/install/canopen_interfaces/lib:/home/rudranil/lb_ws/install/realsense_gazebo_plugin/lib:/home/rudranil/lb_ws/install/linkattacher_msgs/lib:/usr/lib/x86_64-linux-gnu/gazebo-11/plugins:/opt/ros/humble/opt/rviz_ogre_vendor/lib:/opt/ros/humble/lib/x86_64-linux-gnu:/opt/ros/humble/lib:/usr/share/gazebo-11/../../lib/x86_64-linux-gnu/gazebo-11/plugins PATH=/home/rudranil/oddity_rover/install/lely_core_libraries/bin:${PATH} PYTHONPATH=/home/rudranil/oddity_rover/install/lely_core_libraries/local/lib/python3.10/dist-packages:/home/rudranil/oddity_rover/install/lely_core_libraries/lib/python3.10/site-packages:/home/rudranil/oddity_rover/install/canopen_interfaces/local/lib/python3.10/dist-packages:${PYTHONPATH} /usr/bin/cmake /home/rudranil/oddity_rover/src/ros2_canopen/canopen_ros2_control -DAMENT_CMAKE_SYMLINK_INSTALL=1 -DCMAKE_INSTALL_PREFIX=/home/rudranil/oddity_rover/install/canopen_ros2_control
[0.112s] -- The C compiler identification is GNU 11.4.0
[0.188s] -- The CXX compiler identification is GNU 11.4.0
[0.196s] -- Detecting C compiler ABI info
[0.285s] -- Detecting C compiler ABI info - done
[0.292s] -- Check for working C compiler: /usr/bin/cc - skipped
[0.292s] -- Detecting C compile features
[0.292s] -- Detecting C compile features - done
[0.295s] -- Detecting CXX compiler ABI info
[0.392s] -- Detecting CXX compiler ABI info - done
[0.403s] -- Check for working CXX compiler: /usr/bin/c++ - skipped
[0.403s] -- Detecting CXX compile features
[0.404s] -- Detecting CXX compile features - done
[0.412s] -- Found ros2_control_test_assets: 2.43.0 (/opt/ros/humble/share/ros2_control_test_assets/cmake)
[0.583s] -- Found Python3: /usr/bin/python3 (found version "3.10.12") found components: Interpreter 
[0.648s] -- Override CMake install command with custom implementation using symlinks instead of copying resources
[0.654s] -- Found ament_cmake_gmock: 1.3.10 (/opt/ros/humble/share/ament_cmake_gmock/cmake)
[0.658s] -- Found ament_cmake: 1.3.10 (/opt/ros/humble/share/ament_cmake/cmake)
[0.731s] -- Found canopen_402_driver: 0.2.11 (/home/rudranil/oddity_rover/install/canopen_402_driver/share/canopen_402_driver/cmake)
[0.954s] -- Found Boost: /usr/lib/x86_64-linux-gnu/cmake/Boost-1.74.0/BoostConfig.cmake (found version "1.74.0") found components: system thread 
[1.010s] -- Found rosidl_generator_c: 3.1.5 (/opt/ros/humble/share/rosidl_generator_c/cmake)
[1.021s] -- Found rosidl_adapter: 3.1.5 (/opt/ros/humble/share/rosidl_adapter/cmake)
[1.034s] -- Found rosidl_generator_cpp: 3.1.5 (/opt/ros/humble/share/rosidl_generator_cpp/cmake)
[1.052s] -- Using all available rosidl_typesupport_c: rosidl_typesupport_fastrtps_c;rosidl_typesupport_introspection_c
[1.076s] -- Using all available rosidl_typesupport_cpp: rosidl_typesupport_fastrtps_cpp;rosidl_typesupport_introspection_cpp
[1.192s] -- Found rmw_implementation_cmake: 6.1.2 (/opt/ros/humble/share/rmw_implementation_cmake/cmake)
[1.199s] -- Found rmw_fastrtps_cpp: 6.2.7 (/opt/ros/humble/share/rmw_fastrtps_cpp/cmake)
[1.342s] -- Found OpenSSL: /usr/lib/x86_64-linux-gnu/libcrypto.so (found version "3.0.2")  
[1.380s] -- Found FastRTPS: /opt/ros/humble/include  
[1.437s] -- Using RMW implementation 'rmw_fastrtps_cpp' as default
[1.454s] -- Found Threads: TRUE  
[1.687s] -- Found hardware_interface: 2.43.0 (/opt/ros/humble/share/hardware_interface/cmake)
[1.889s] -- Configuring done
[1.945s] -- Generating done
[1.947s] -- Build files have been written to: /home/rudranil/oddity_rover/build/canopen_ros2_control
[1.960s] Invoked command in '/home/rudranil/oddity_rover/build/canopen_ros2_control' returned '0': AMENT_PREFIX_PATH=/home/rudranil/oddity_rover/install/canopen_402_driver:/home/rudranil/oddity_rover/install/canopen_proxy_driver:/home/rudranil/oddity_rover/install/canopen_base_driver:/home/rudranil/oddity_rover/install/canopen_core:/home/rudranil/oddity_rover/install/lely_core_libraries:/home/rudranil/oddity_rover/install/canopen_interfaces:${AMENT_PREFIX_PATH} CMAKE_PREFIX_PATH=/home/rudranil/oddity_rover/install/canopen_402_driver:/home/rudranil/oddity_rover/install/canopen_proxy_driver:/home/rudranil/oddity_rover/install/canopen_base_driver:/home/rudranil/oddity_rover/install/canopen_core:/home/rudranil/oddity_rover/install/lely_core_libraries:/home/rudranil/oddity_rover/install/canopen_interfaces:/home/rudranil/lb_ws/install/ur_simulation_gazebo:/home/rudranil/lb_ws/install/ur_moveit_config:/home/rudranil/lb_ws/install/ur_description:/home/rudranil/lb_ws/install/realsense_gazebo_plugin:/home/rudranil/lb_ws/install/pymoveit2:/home/rudranil/lb_ws/install/linkattacher_msgs:/home/rudranil/lb_ws/install/eyantra_warehouse:/home/rudranil/lb_ws/install/ebot_nav2:/home/rudranil/lb_ws/install/ebot_description:/home/rudranil/oddity_rover/install/my_gazebo_package:/home/rudranil/oddity_rover/install/martian_environment:/home/rudranil/lb_ws/install/ur5_control:/home/rudranil/ros2_ws/install/mini_bot_description:/opt/ros/humble LD_LIBRARY_PATH=/home/rudranil/oddity_rover/install/canopen_402_driver/lib:/home/rudranil/oddity_rover/install/canopen_proxy_driver/lib:/home/rudranil/oddity_rover/install/canopen_base_driver/lib:/home/rudranil/oddity_rover/install/canopen_core/lib:/home/rudranil/oddity_rover/install/lely_core_libraries/lib:/home/rudranil/oddity_rover/install/canopen_interfaces/lib:/home/rudranil/lb_ws/install/realsense_gazebo_plugin/lib:/home/rudranil/lb_ws/install/linkattacher_msgs/lib:/usr/lib/x86_64-linux-gnu/gazebo-11/plugins:/opt/ros/humble/opt/rviz_ogre_vendor/lib:/opt/ros/humble/lib/x86_64-linux-gnu:/opt/ros/humble/lib:/usr/share/gazebo-11/../../lib/x86_64-linux-gnu/gazebo-11/plugins PATH=/home/rudranil/oddity_rover/install/lely_core_libraries/bin:${PATH} PYTHONPATH=/home/rudranil/oddity_rover/install/lely_core_libraries/local/lib/python3.10/dist-packages:/home/rudranil/oddity_rover/install/lely_core_libraries/lib/python3.10/site-packages:/home/rudranil/oddity_rover/install/canopen_interfaces/local/lib/python3.10/dist-packages:${PYTHONPATH} /usr/bin/cmake /home/rudranil/oddity_rover/src/ros2_canopen/canopen_ros2_control -DAMENT_CMAKE_SYMLINK_INSTALL=1 -DCMAKE_INSTALL_PREFIX=/home/rudranil/oddity_rover/install/canopen_ros2_control
[1.962s] Invoking command in '/home/rudranil/oddity_rover/build/canopen_ros2_control': AMENT_PREFIX_PATH=/home/rudranil/oddity_rover/install/canopen_402_driver:/home/rudranil/oddity_rover/install/canopen_proxy_driver:/home/rudranil/oddity_rover/install/canopen_base_driver:/home/rudranil/oddity_rover/install/canopen_core:/home/rudranil/oddity_rover/install/lely_core_libraries:/home/rudranil/oddity_rover/install/canopen_interfaces:${AMENT_PREFIX_PATH} CMAKE_PREFIX_PATH=/home/rudranil/oddity_rover/install/canopen_402_driver:/home/rudranil/oddity_rover/install/canopen_proxy_driver:/home/rudranil/oddity_rover/install/canopen_base_driver:/home/rudranil/oddity_rover/install/canopen_core:/home/rudranil/oddity_rover/install/lely_core_libraries:/home/rudranil/oddity_rover/install/canopen_interfaces:/home/rudranil/lb_ws/install/ur_simulation_gazebo:/home/rudranil/lb_ws/install/ur_moveit_config:/home/rudranil/lb_ws/install/ur_description:/home/rudranil/lb_ws/install/realsense_gazebo_plugin:/home/rudranil/lb_ws/install/pymoveit2:/home/rudranil/lb_ws/install/linkattacher_msgs:/home/rudranil/lb_ws/install/eyantra_warehouse:/home/rudranil/lb_ws/install/ebot_nav2:/home/rudranil/lb_ws/install/ebot_description:/home/rudranil/oddity_rover/install/my_gazebo_package:/home/rudranil/oddity_rover/install/martian_environment:/home/rudranil/lb_ws/install/ur5_control:/home/rudranil/ros2_ws/install/mini_bot_description:/opt/ros/humble LD_LIBRARY_PATH=/home/rudranil/oddity_rover/install/canopen_402_driver/lib:/home/rudranil/oddity_rover/install/canopen_proxy_driver/lib:/home/rudranil/oddity_rover/install/canopen_base_driver/lib:/home/rudranil/oddity_rover/install/canopen_core/lib:/home/rudranil/oddity_rover/install/lely_core_libraries/lib:/home/rudranil/oddity_rover/install/canopen_interfaces/lib:/home/rudranil/lb_ws/install/realsense_gazebo_plugin/lib:/home/rudranil/lb_ws/install/linkattacher_msgs/lib:/usr/lib/x86_64-linux-gnu/gazebo-11/plugins:/opt/ros/humble/opt/rviz_ogre_vendor/lib:/opt/ros/humble/lib/x86_64-linux-gnu:/opt/ros/humble/lib:/usr/share/gazebo-11/../../lib/x86_64-linux-gnu/gazebo-11/plugins PATH=/home/rudranil/oddity_rover/install/lely_core_libraries/bin:${PATH} PYTHONPATH=/home/rudranil/oddity_rover/install/lely_core_libraries/local/lib/python3.10/dist-packages:/home/rudranil/oddity_rover/install/lely_core_libraries/lib/python3.10/site-packages:/home/rudranil/oddity_rover/install/canopen_interfaces/local/lib/python3.10/dist-packages:${PYTHONPATH} /usr/bin/cmake --build /home/rudranil/oddity_rover/build/canopen_ros2_control -- -j12 -l12
[2.034s] [ 50%] [32mBuilding CXX object CMakeFiles/canopen_ros2_control.dir/src/canopen_system.cpp.o[0m
[2.034s] [ 50%] [32mBuilding CXX object CMakeFiles/canopen_ros2_control.dir/src/cia402_system.cpp.o[0m
[2.036s] [ 75%] [32mBuilding CXX object CMakeFiles/canopen_ros2_control.dir/src/robot_system.cpp.o[0m
[13.162s] [100%] [32m[1mLinking CXX shared library libcanopen_ros2_control.so[0m
[13.984s] [100%] Built target canopen_ros2_control
[13.999s] Invoked command in '/home/rudranil/oddity_rover/build/canopen_ros2_control' returned '0': AMENT_PREFIX_PATH=/home/rudranil/oddity_rover/install/canopen_402_driver:/home/rudranil/oddity_rover/install/canopen_proxy_driver:/home/rudranil/oddity_rover/install/canopen_base_driver:/home/rudranil/oddity_rover/install/canopen_core:/home/rudranil/oddity_rover/install/lely_core_libraries:/home/rudranil/oddity_rover/install/canopen_interfaces:${AMENT_PREFIX_PATH} CMAKE_PREFIX_PATH=/home/rudranil/oddity_rover/install/canopen_402_driver:/home/rudranil/oddity_rover/install/canopen_proxy_driver:/home/rudranil/oddity_rover/install/canopen_base_driver:/home/rudranil/oddity_rover/install/canopen_core:/home/rudranil/oddity_rover/install/lely_core_libraries:/home/rudranil/oddity_rover/install/canopen_interfaces:/home/rudranil/lb_ws/install/ur_simulation_gazebo:/home/rudranil/lb_ws/install/ur_moveit_config:/home/rudranil/lb_ws/install/ur_description:/home/rudranil/lb_ws/install/realsense_gazebo_plugin:/home/rudranil/lb_ws/install/pymoveit2:/home/rudranil/lb_ws/install/linkattacher_msgs:/home/rudranil/lb_ws/install/eyantra_warehouse:/home/rudranil/lb_ws/install/ebot_nav2:/home/rudranil/lb_ws/install/ebot_description:/home/rudranil/oddity_rover/install/my_gazebo_package:/home/rudranil/oddity_rover/install/martian_environment:/home/rudranil/lb_ws/install/ur5_control:/home/rudranil/ros2_ws/install/mini_bot_description:/opt/ros/humble LD_LIBRARY_PATH=/home/rudranil/oddity_rover/install/canopen_402_driver/lib:/home/rudranil/oddity_rover/install/canopen_proxy_driver/lib:/home/rudranil/oddity_rover/install/canopen_base_driver/lib:/home/rudranil/oddity_rover/install/canopen_core/lib:/home/rudranil/oddity_rover/install/lely_core_libraries/lib:/home/rudranil/oddity_rover/install/canopen_interfaces/lib:/home/rudranil/lb_ws/install/realsense_gazebo_plugin/lib:/home/rudranil/lb_ws/install/linkattacher_msgs/lib:/usr/lib/x86_64-linux-gnu/gazebo-11/plugins:/opt/ros/humble/opt/rviz_ogre_vendor/lib:/opt/ros/humble/lib/x86_64-linux-gnu:/opt/ros/humble/lib:/usr/share/gazebo-11/../../lib/x86_64-linux-gnu/gazebo-11/plugins PATH=/home/rudranil/oddity_rover/install/lely_core_libraries/bin:${PATH} PYTHONPATH=/home/rudranil/oddity_rover/install/lely_core_libraries/local/lib/python3.10/dist-packages:/home/rudranil/oddity_rover/install/lely_core_libraries/lib/python3.10/site-packages:/home/rudranil/oddity_rover/install/canopen_interfaces/local/lib/python3.10/dist-packages:${PYTHONPATH} /usr/bin/cmake --build /home/rudranil/oddity_rover/build/canopen_ros2_control -- -j12 -l12
[14.045s] Invoking command in '/home/rudranil/oddity_rover/build/canopen_ros2_control': AMENT_PREFIX_PATH=/home/rudranil/oddity_rover/install/canopen_402_driver:/home/rudranil/oddity_rover/install/canopen_proxy_driver:/home/rudranil/oddity_rover/install/canopen_base_driver:/home/rudranil/oddity_rover/install/canopen_core:/home/rudranil/oddity_rover/install/lely_core_libraries:/home/rudranil/oddity_rover/install/canopen_interfaces:${AMENT_PREFIX_PATH} CMAKE_PREFIX_PATH=/home/rudranil/oddity_rover/install/canopen_402_driver:/home/rudranil/oddity_rover/install/canopen_proxy_driver:/home/rudranil/oddity_rover/install/canopen_base_driver:/home/rudranil/oddity_rover/install/canopen_core:/home/rudranil/oddity_rover/install/lely_core_libraries:/home/rudranil/oddity_rover/install/canopen_interfaces:/home/rudranil/lb_ws/install/ur_simulation_gazebo:/home/rudranil/lb_ws/install/ur_moveit_config:/home/rudranil/lb_ws/install/ur_description:/home/rudranil/lb_ws/install/realsense_gazebo_plugin:/home/rudranil/lb_ws/install/pymoveit2:/home/rudranil/lb_ws/install/linkattacher_msgs:/home/rudranil/lb_ws/install/eyantra_warehouse:/home/rudranil/lb_ws/install/ebot_nav2:/home/rudranil/lb_ws/install/ebot_description:/home/rudranil/oddity_rover/install/my_gazebo_package:/home/rudranil/oddity_rover/install/martian_environment:/home/rudranil/lb_ws/install/ur5_control:/home/rudranil/ros2_ws/install/mini_bot_description:/opt/ros/humble LD_LIBRARY_PATH=/home/rudranil/oddity_rover/install/canopen_402_driver/lib:/home/rudranil/oddity_rover/install/canopen_proxy_driver/lib:/home/rudranil/oddity_rover/install/canopen_base_driver/lib:/home/rudranil/oddity_rover/install/canopen_core/lib:/home/rudranil/oddity_rover/install/lely_core_libraries/lib:/home/rudranil/oddity_rover/install/canopen_interfaces/lib:/home/rudranil/lb_ws/install/realsense_gazebo_plugin/lib:/home/rudranil/lb_ws/install/linkattacher_msgs/lib:/usr/lib/x86_64-linux-gnu/gazebo-11/plugins:/opt/ros/humble/opt/rviz_ogre_vendor/lib:/opt/ros/humble/lib/x86_64-linux-gnu:/opt/ros/humble/lib:/usr/share/gazebo-11/../../lib/x86_64-linux-gnu/gazebo-11/plugins PATH=/home/rudranil/oddity_rover/install/lely_core_libraries/bin:${PATH} PYTHONPATH=/home/rudranil/oddity_rover/install/lely_core_libraries/local/lib/python3.10/dist-packages:/home/rudranil/oddity_rover/install/lely_core_libraries/lib/python3.10/site-packages:/home/rudranil/oddity_rover/install/canopen_interfaces/local/lib/python3.10/dist-packages:${PYTHONPATH} /usr/bin/cmake --install /home/rudranil/oddity_rover/build/canopen_ros2_control
[14.053s] -- Install configuration: ""
[14.053s] -- Execute custom install script
[14.054s] -- Symlinking: /home/rudranil/oddity_rover/install/canopen_ros2_control/share/canopen_ros2_control//canopen_ros2_control.xml
[14.067s] -- Symlinking: /home/rudranil/oddity_rover/install/canopen_ros2_control/lib/libcanopen_ros2_control.so
[14.080s] -- Symlinking: /home/rudranil/oddity_rover/install/canopen_ros2_control/include/canopen_ros2_control/canopen_system.hpp
[14.092s] -- Symlinking: /home/rudranil/oddity_rover/install/canopen_ros2_control/include/canopen_ros2_control/cia402_data.hpp
[14.104s] -- Symlinking: /home/rudranil/oddity_rover/install/canopen_ros2_control/include/canopen_ros2_control/cia402_system.hpp
[14.117s] -- Symlinking: /home/rudranil/oddity_rover/install/canopen_ros2_control/include/canopen_ros2_control/helpers.hpp
[14.129s] -- Symlinking: /home/rudranil/oddity_rover/install/canopen_ros2_control/include/canopen_ros2_control/robot_system.hpp
[14.141s] -- Symlinking: /home/rudranil/oddity_rover/install/canopen_ros2_control/include/canopen_ros2_control/visibility_control.h
[14.152s] -- Symlinking: /home/rudranil/oddity_rover/install/canopen_ros2_control/share/canopen_ros2_control/environment/library_path.sh
[14.164s] -- Symlinking: /home/rudranil/oddity_rover/install/canopen_ros2_control/share/canopen_ros2_control/environment/library_path.dsv
[14.175s] -- Symlinking: /home/rudranil/oddity_rover/install/canopen_ros2_control/share/ament_index/resource_index/package_run_dependencies/canopen_ros2_control
[14.186s] -- Symlinking: /home/rudranil/oddity_rover/install/canopen_ros2_control/share/ament_index/resource_index/parent_prefix_path/canopen_ros2_control
[14.198s] -- Symlinking: /home/rudranil/oddity_rover/install/canopen_ros2_control/share/canopen_ros2_control/environment/ament_prefix_path.sh
[14.209s] -- Symlinking: /home/rudranil/oddity_rover/install/canopen_ros2_control/share/canopen_ros2_control/environment/ament_prefix_path.dsv
[14.220s] -- Symlinking: /home/rudranil/oddity_rover/install/canopen_ros2_control/share/canopen_ros2_control/environment/path.sh
[14.231s] -- Symlinking: /home/rudranil/oddity_rover/install/canopen_ros2_control/share/canopen_ros2_control/environment/path.dsv
[14.243s] -- Symlinking: /home/rudranil/oddity_rover/install/canopen_ros2_control/share/canopen_ros2_control/local_setup.bash
[14.254s] -- Symlinking: /home/rudranil/oddity_rover/install/canopen_ros2_control/share/canopen_ros2_control/local_setup.sh
[14.266s] -- Symlinking: /home/rudranil/oddity_rover/install/canopen_ros2_control/share/canopen_ros2_control/local_setup.zsh
[14.279s] -- Symlinking: /home/rudranil/oddity_rover/install/canopen_ros2_control/share/canopen_ros2_control/local_setup.dsv
[14.290s] -- Symlinking: /home/rudranil/oddity_rover/install/canopen_ros2_control/share/canopen_ros2_control/package.dsv
[14.303s] -- Symlinking: /home/rudranil/oddity_rover/install/canopen_ros2_control/share/ament_index/resource_index/packages/canopen_ros2_control
[14.314s] -- Symlinking: /home/rudranil/oddity_rover/install/canopen_ros2_control/share/ament_index/resource_index/hardware_interface__pluginlib__plugin/canopen_ros2_control
[14.326s] -- Symlinking: /home/rudranil/oddity_rover/install/canopen_ros2_control/share/canopen_ros2_control/cmake/ament_cmake_export_include_directories-extras.cmake
[14.337s] -- Symlinking: /home/rudranil/oddity_rover/install/canopen_ros2_control/share/canopen_ros2_control/cmake/ament_cmake_export_libraries-extras.cmake
[14.359s] -- Symlinking: /home/rudranil/oddity_rover/install/canopen_ros2_control/share/canopen_ros2_control/cmake/ament_cmake_export_dependencies-extras.cmake
[14.370s] -- Symlinking: /home/rudranil/oddity_rover/install/canopen_ros2_control/share/canopen_ros2_control/cmake/canopen_ros2_controlConfig.cmake
[14.382s] -- Symlinking: /home/rudranil/oddity_rover/install/canopen_ros2_control/share/canopen_ros2_control/cmake/canopen_ros2_controlConfig-version.cmake
[14.393s] -- Symlinking: /home/rudranil/oddity_rover/install/canopen_ros2_control/share/canopen_ros2_control/package.xml
[14.408s] Invoked command in '/home/rudranil/oddity_rover/build/canopen_ros2_control' returned '0': AMENT_PREFIX_PATH=/home/rudranil/oddity_rover/install/canopen_402_driver:/home/rudranil/oddity_rover/install/canopen_proxy_driver:/home/rudranil/oddity_rover/install/canopen_base_driver:/home/rudranil/oddity_rover/install/canopen_core:/home/rudranil/oddity_rover/install/lely_core_libraries:/home/rudranil/oddity_rover/install/canopen_interfaces:${AMENT_PREFIX_PATH} CMAKE_PREFIX_PATH=/home/rudranil/oddity_rover/install/canopen_402_driver:/home/rudranil/oddity_rover/install/canopen_proxy_driver:/home/rudranil/oddity_rover/install/canopen_base_driver:/home/rudranil/oddity_rover/install/canopen_core:/home/rudranil/oddity_rover/install/lely_core_libraries:/home/rudranil/oddity_rover/install/canopen_interfaces:/home/rudranil/lb_ws/install/ur_simulation_gazebo:/home/rudranil/lb_ws/install/ur_moveit_config:/home/rudranil/lb_ws/install/ur_description:/home/rudranil/lb_ws/install/realsense_gazebo_plugin:/home/rudranil/lb_ws/install/pymoveit2:/home/rudranil/lb_ws/install/linkattacher_msgs:/home/rudranil/lb_ws/install/eyantra_warehouse:/home/rudranil/lb_ws/install/ebot_nav2:/home/rudranil/lb_ws/install/ebot_description:/home/rudranil/oddity_rover/install/my_gazebo_package:/home/rudranil/oddity_rover/install/martian_environment:/home/rudranil/lb_ws/install/ur5_control:/home/rudranil/ros2_ws/install/mini_bot_description:/opt/ros/humble LD_LIBRARY_PATH=/home/rudranil/oddity_rover/install/canopen_402_driver/lib:/home/rudranil/oddity_rover/install/canopen_proxy_driver/lib:/home/rudranil/oddity_rover/install/canopen_base_driver/lib:/home/rudranil/oddity_rover/install/canopen_core/lib:/home/rudranil/oddity_rover/install/lely_core_libraries/lib:/home/rudranil/oddity_rover/install/canopen_interfaces/lib:/home/rudranil/lb_ws/install/realsense_gazebo_plugin/lib:/home/rudranil/lb_ws/install/linkattacher_msgs/lib:/usr/lib/x86_64-linux-gnu/gazebo-11/plugins:/opt/ros/humble/opt/rviz_ogre_vendor/lib:/opt/ros/humble/lib/x86_64-linux-gnu:/opt/ros/humble/lib:/usr/share/gazebo-11/../../lib/x86_64-linux-gnu/gazebo-11/plugins PATH=/home/rudranil/oddity_rover/install/lely_core_libraries/bin:${PATH} PYTHONPATH=/home/rudranil/oddity_rover/install/lely_core_libraries/local/lib/python3.10/dist-packages:/home/rudranil/oddity_rover/install/lely_core_libraries/lib/python3.10/site-packages:/home/rudranil/oddity_rover/install/canopen_interfaces/local/lib/python3.10/dist-packages:${PYTHONPATH} /usr/bin/cmake --install /home/rudranil/oddity_rover/build/canopen_ros2_control
