[0.034s] Invoking command in '/home/rudranil/oddity_rover/build/canopen_interfaces': CMAKE_PREFIX_PATH=${CMAKE_PREFIX_PATH}:/home/rudranil/lb_ws/install/ur5_control:/home/rudranil/ros2_ws/install/mini_bot_description:/opt/ros/humble /usr/bin/cmake /home/rudranil/oddity_rover/src/ros2_canopen/canopen_interfaces -DAMENT_CMAKE_SYMLINK_INSTALL=1 -DCMAKE_INSTALL_PREFIX=/home/rudranil/oddity_rover/install/canopen_interfaces
[0.134s] -- The C compiler identification is GNU 11.4.0
[0.221s] -- The CXX compiler identification is GNU 11.4.0
[0.233s] -- Detecting C compiler ABI info
[0.363s] -- Detecting C compiler ABI info - done
[0.373s] -- Check for working C compiler: /usr/bin/cc - skipped
[0.373s] -- Detecting C compile features
[0.374s] -- Detecting C compile features - done
[0.379s] -- Detecting CXX compiler ABI info
[0.513s] -- Detecting CXX compiler ABI info - done
[0.524s] -- Check for working CXX compiler: /usr/bin/c++ - skipped
[0.524s] -- Detecting CXX compile features
[0.525s] -- Detecting CXX compile features - done
[0.532s] -- Found ament_cmake: 1.3.10 (/opt/ros/humble/share/ament_cmake/cmake)
[0.775s] -- Found Python3: /usr/bin/python3 (found version "3.10.12") found components: Interpreter 
[0.883s] -- Override CMake install command with custom implementation using symlinks instead of copying resources
[0.962s] -- Found rosidl_default_generators: 1.2.0 (/opt/ros/humble/share/rosidl_default_generators/cmake)
[0.971s] -- Using all available rosidl_typesupport_c: rosidl_typesupport_fastrtps_c;rosidl_typesupport_introspection_c
[0.989s] -- Found rosidl_adapter: 3.1.5 (/opt/ros/humble/share/rosidl_adapter/cmake)
[1.089s] -- Using all available rosidl_typesupport_cpp: rosidl_typesupport_fastrtps_cpp;rosidl_typesupport_introspection_cpp
[1.635s] -- Found ament_cmake_ros: 0.10.0 (/opt/ros/humble/share/ament_cmake_ros/cmake)
[1.908s] -- Using all available rosidl_typesupport_c: rosidl_typesupport_fastrtps_c;rosidl_typesupport_introspection_c
[2.238s] -- Using all available rosidl_typesupport_cpp: rosidl_typesupport_fastrtps_cpp;rosidl_typesupport_introspection_cpp
[2.272s] -- Found PythonInterp: /usr/bin/python3 (found suitable version "3.10.12", minimum required is "3.6") 
[2.277s] -- Found python_cmake_module: 0.10.0 (/opt/ros/humble/share/python_cmake_module/cmake)
[2.315s] -- Found PythonLibs: /usr/lib/x86_64-linux-gnu/libpython3.10.so (found suitable version "3.10.12", minimum required is "3.5") 
[2.315s] -- Using PYTHON_EXECUTABLE: /usr/bin/python3
[2.315s] -- Using PYTHON_INCLUDE_DIRS: /usr/include/python3.10
[2.315s] -- Using PYTHON_LIBRARIES: /usr/lib/x86_64-linux-gnu/libpython3.10.so
[2.349s] -- Found PythonExtra: .so  
[2.408s] -- Found ament_lint_auto: 0.12.11 (/opt/ros/humble/share/ament_lint_auto/cmake)
[2.465s] -- Added test 'copyright' to check source files copyright and LICENSE
[2.469s] -- Added test 'lint_cmake' to check CMake code style
[2.471s] -- Added test 'xmllint' to check XML markup files
[2.477s] -- Configuring done
[2.536s] -- Generating done
[2.539s] -- Build files have been written to: /home/rudranil/oddity_rover/build/canopen_interfaces
[2.549s] Invoked command in '/home/rudranil/oddity_rover/build/canopen_interfaces' returned '0': CMAKE_PREFIX_PATH=${CMAKE_PREFIX_PATH}:/home/rudranil/lb_ws/install/ur5_control:/home/rudranil/ros2_ws/install/mini_bot_description:/opt/ros/humble /usr/bin/cmake /home/rudranil/oddity_rover/src/ros2_canopen/canopen_interfaces -DAMENT_CMAKE_SYMLINK_INSTALL=1 -DCMAKE_INSTALL_PREFIX=/home/rudranil/oddity_rover/install/canopen_interfaces
[2.551s] Invoking command in '/home/rudranil/oddity_rover/build/canopen_interfaces': CMAKE_PREFIX_PATH=${CMAKE_PREFIX_PATH}:/home/rudranil/lb_ws/install/ur5_control:/home/rudranil/ros2_ws/install/mini_bot_description:/opt/ros/humble /usr/bin/cmake --build /home/rudranil/oddity_rover/build/canopen_interfaces -- -j12 -l12
[2.622s] [  1%] [34m[1mGenerating C code for ROS interfaces[0m
[2.639s] [  2%] [34m[1mGenerating C++ code for ROS interfaces[0m
[2.652s] [  2%] Built target ament_cmake_python_symlink_canopen_interfaces
[3.004s] running egg_info
[3.004s] creating canopen_interfaces.egg-info
[3.004s] writing canopen_interfaces.egg-info/PKG-INFO
[3.005s] writing dependency_links to canopen_interfaces.egg-info/dependency_links.txt
[3.005s] writing top-level names to canopen_interfaces.egg-info/top_level.txt
[3.005s] writing manifest file 'canopen_interfaces.egg-info/SOURCES.txt'
[3.007s] reading manifest file 'canopen_interfaces.egg-info/SOURCES.txt'
[3.008s] writing manifest file 'canopen_interfaces.egg-info/SOURCES.txt'
[3.047s] [  2%] Built target ament_cmake_python_build_canopen_interfaces_egg
[3.761s] [  2%] Built target canopen_interfaces__cpp
[3.786s] [  3%] [34m[1mGenerating C++ type support dispatch for ROS interfaces[0m
[3.786s] [  4%] [34m[1mGenerating C++ type support for eProsima Fast-RTPS[0m
[3.794s] [  5%] [34m[1mGenerating C++ introspection for ROS interfaces[0m
[3.849s] [ 11%] [32mBuilding C object CMakeFiles/canopen_interfaces__rosidl_generator_c.dir/rosidl_generator_c/canopen_interfaces/srv/detail/co_heartbeat_id__functions.c.o[0m
[3.849s] [ 11%] [32mBuilding C object CMakeFiles/canopen_interfaces__rosidl_generator_c.dir/rosidl_generator_c/canopen_interfaces/srv/detail/co_write__functions.c.o[0m
[3.850s] [ 11%] [32mBuilding C object CMakeFiles/canopen_interfaces__rosidl_generator_c.dir/rosidl_generator_c/canopen_interfaces/srv/detail/co_read__functions.c.o[0m
[3.851s] [ 11%] [32mBuilding C object CMakeFiles/canopen_interfaces__rosidl_generator_c.dir/rosidl_generator_c/canopen_interfaces/srv/detail/co_write_id__functions.c.o[0m
[3.851s] [ 11%] [32mBuilding C object CMakeFiles/canopen_interfaces__rosidl_generator_c.dir/rosidl_generator_c/canopen_interfaces/srv/detail/co_target_double__functions.c.o[0m
[3.851s] [ 12%] [32mBuilding C object CMakeFiles/canopen_interfaces__rosidl_generator_c.dir/rosidl_generator_c/canopen_interfaces/srv/detail/co_nmt_id__functions.c.o[0m
[3.851s] [ 11%] [32mBuilding C object CMakeFiles/canopen_interfaces__rosidl_generator_c.dir/rosidl_generator_c/canopen_interfaces/srv/detail/co_node__functions.c.o[0m
[3.851s] [ 14%] [32mBuilding C object CMakeFiles/canopen_interfaces__rosidl_generator_c.dir/rosidl_generator_c/canopen_interfaces/srv/detail/co_read_id__functions.c.o[0m
[3.851s] [ 14%] [32mBuilding C object CMakeFiles/canopen_interfaces__rosidl_generator_c.dir/rosidl_generator_c/canopen_interfaces/msg/detail/co_data__functions.c.o[0m
[3.957s] [ 15%] [32m[1mLinking C shared library libcanopen_interfaces__rosidl_generator_c.so[0m
[4.020s] [ 15%] Built target canopen_interfaces__rosidl_generator_c
[4.037s] [ 17%] [34m[1mGenerating C type support for eProsima Fast-RTPS[0m
[4.037s] [ 17%] [34m[1mGenerating C type support dispatch for ROS interfaces[0m
[4.038s] [ 18%] [34m[1mGenerating C introspection for ROS interfaces[0m
[4.551s] [ 20%] [32mBuilding CXX object CMakeFiles/canopen_interfaces__rosidl_typesupport_cpp.dir/rosidl_typesupport_cpp/canopen_interfaces/srv/co_heartbeat_id__type_support.cpp.o[0m
[4.551s] [ 23%] [32mBuilding CXX object CMakeFiles/canopen_interfaces__rosidl_typesupport_cpp.dir/rosidl_typesupport_cpp/canopen_interfaces/srv/co_write__type_support.cpp.o[0m
[4.551s] [ 23%] [32mBuilding CXX object CMakeFiles/canopen_interfaces__rosidl_typesupport_cpp.dir/rosidl_typesupport_cpp/canopen_interfaces/srv/co_read__type_support.cpp.o[0m
[4.551s] [ 23%] [32mBuilding CXX object CMakeFiles/canopen_interfaces__rosidl_typesupport_cpp.dir/rosidl_typesupport_cpp/canopen_interfaces/srv/co_nmt_id__type_support.cpp.o[0m
[4.551s] [ 24%] [32mBuilding CXX object CMakeFiles/canopen_interfaces__rosidl_typesupport_cpp.dir/rosidl_typesupport_cpp/canopen_interfaces/srv/co_read_id__type_support.cpp.o[0m
[4.555s] [ 25%] [32mBuilding CXX object CMakeFiles/canopen_interfaces__rosidl_typesupport_cpp.dir/rosidl_typesupport_cpp/canopen_interfaces/srv/co_target_double__type_support.cpp.o[0m
[4.555s] [ 26%] [32mBuilding CXX object CMakeFiles/canopen_interfaces__rosidl_typesupport_cpp.dir/rosidl_typesupport_cpp/canopen_interfaces/srv/co_write_id__type_support.cpp.o[0m
[5.012s] [ 27%] [32mBuilding CXX object CMakeFiles/canopen_interfaces__rosidl_typesupport_c.dir/rosidl_typesupport_c/canopen_interfaces/srv/co_heartbeat_id__type_support.cpp.o[0m
[5.062s] [ 28%] [32mBuilding CXX object CMakeFiles/canopen_interfaces__rosidl_typesupport_c.dir/rosidl_typesupport_c/canopen_interfaces/srv/co_nmt_id__type_support.cpp.o[0m
[5.070s] [ 29%] [32mBuilding CXX object CMakeFiles/canopen_interfaces__rosidl_typesupport_c.dir/rosidl_typesupport_c/canopen_interfaces/srv/co_read__type_support.cpp.o[0m
[5.080s] [ 31%] [32mBuilding CXX object CMakeFiles/canopen_interfaces__rosidl_typesupport_c.dir/rosidl_typesupport_c/canopen_interfaces/srv/co_write__type_support.cpp.o[0m
[5.080s] [ 31%] [32mBuilding CXX object CMakeFiles/canopen_interfaces__rosidl_typesupport_c.dir/rosidl_typesupport_c/canopen_interfaces/srv/co_read_id__type_support.cpp.o[0m
[5.087s] [ 32%] [32mBuilding CXX object CMakeFiles/canopen_interfaces__rosidl_typesupport_c.dir/rosidl_typesupport_c/canopen_interfaces/srv/co_write_id__type_support.cpp.o[0m
[5.098s] [ 33%] [32mBuilding CXX object CMakeFiles/canopen_interfaces__rosidl_typesupport_cpp.dir/rosidl_typesupport_cpp/canopen_interfaces/srv/co_node__type_support.cpp.o[0m
[5.098s] [ 34%] [32mBuilding CXX object CMakeFiles/canopen_interfaces__rosidl_typesupport_c.dir/rosidl_typesupport_c/canopen_interfaces/srv/co_target_double__type_support.cpp.o[0m
[5.099s] [ 35%] [32mBuilding CXX object CMakeFiles/canopen_interfaces__rosidl_typesupport_cpp.dir/rosidl_typesupport_cpp/canopen_interfaces/msg/co_data__type_support.cpp.o[0m
[5.117s] [ 36%] [32mBuilding CXX object CMakeFiles/canopen_interfaces__rosidl_typesupport_introspection_cpp.dir/rosidl_typesupport_introspection_cpp/canopen_interfaces/srv/detail/co_heartbeat_id__type_support.cpp.o[0m
[5.129s] [ 37%] [32mBuilding CXX object CMakeFiles/canopen_interfaces__rosidl_typesupport_c.dir/rosidl_typesupport_c/canopen_interfaces/srv/co_node__type_support.cpp.o[0m
[5.142s] [ 38%] [32mBuilding CXX object CMakeFiles/canopen_interfaces__rosidl_typesupport_c.dir/rosidl_typesupport_c/canopen_interfaces/msg/co_data__type_support.cpp.o[0m
[5.150s] [ 40%] [32mBuilding CXX object CMakeFiles/canopen_interfaces__rosidl_typesupport_introspection_cpp.dir/rosidl_typesupport_introspection_cpp/canopen_interfaces/srv/detail/co_nmt_id__type_support.cpp.o[0m
[5.156s] [ 41%] [32mBuilding CXX object CMakeFiles/canopen_interfaces__rosidl_typesupport_introspection_cpp.dir/rosidl_typesupport_introspection_cpp/canopen_interfaces/srv/detail/co_read__type_support.cpp.o[0m
[5.157s] [ 42%] [32mBuilding CXX object CMakeFiles/canopen_interfaces__rosidl_typesupport_introspection_cpp.dir/rosidl_typesupport_introspection_cpp/canopen_interfaces/srv/detail/co_read_id__type_support.cpp.o[0m
[5.200s] [ 43%] [32m[1mLinking CXX shared library libcanopen_interfaces__rosidl_typesupport_c.so[0m
[5.209s] [ 44%] [32mBuilding CXX object CMakeFiles/canopen_interfaces__rosidl_typesupport_introspection_cpp.dir/rosidl_typesupport_introspection_cpp/canopen_interfaces/srv/detail/co_write__type_support.cpp.o[0m
[5.211s] [ 45%] [32mBuilding CXX object CMakeFiles/canopen_interfaces__rosidl_typesupport_introspection_cpp.dir/rosidl_typesupport_introspection_cpp/canopen_interfaces/srv/detail/co_write_id__type_support.cpp.o[0m
[5.298s] [ 46%] [32mBuilding CXX object CMakeFiles/canopen_interfaces__rosidl_typesupport_fastrtps_cpp.dir/rosidl_typesupport_fastrtps_cpp/canopen_interfaces/srv/detail/dds_fastrtps/co_heartbeat_id__type_support.cpp.o[0m
[5.303s] [ 46%] Built target canopen_interfaces__rosidl_typesupport_c
[5.331s] [ 47%] [32mBuilding CXX object CMakeFiles/canopen_interfaces__rosidl_typesupport_fastrtps_cpp.dir/rosidl_typesupport_fastrtps_cpp/canopen_interfaces/srv/detail/dds_fastrtps/co_nmt_id__type_support.cpp.o[0m
[5.541s] [ 48%] [32mBuilding C object CMakeFiles/canopen_interfaces__rosidl_typesupport_introspection_c.dir/rosidl_typesupport_introspection_c/canopen_interfaces/srv/detail/co_heartbeat_id__type_support.c.o[0m
[5.580s] [ 49%] [32mBuilding CXX object CMakeFiles/canopen_interfaces__rosidl_typesupport_introspection_cpp.dir/rosidl_typesupport_introspection_cpp/canopen_interfaces/srv/detail/co_target_double__type_support.cpp.o[0m
[5.613s] [ 50%] [32m[1mLinking CXX shared library libcanopen_interfaces__rosidl_typesupport_cpp.so[0m
[5.623s] [ 51%] [32mBuilding C object CMakeFiles/canopen_interfaces__rosidl_typesupport_introspection_c.dir/rosidl_typesupport_introspection_c/canopen_interfaces/srv/detail/co_nmt_id__type_support.c.o[0m
[5.701s] [ 52%] [32mBuilding C object CMakeFiles/canopen_interfaces__rosidl_typesupport_introspection_c.dir/rosidl_typesupport_introspection_c/canopen_interfaces/srv/detail/co_read__type_support.c.o[0m
[5.711s] [ 53%] [32mBuilding CXX object CMakeFiles/canopen_interfaces__rosidl_typesupport_fastrtps_c.dir/rosidl_typesupport_fastrtps_c/canopen_interfaces/srv/detail/co_heartbeat_id__type_support_c.cpp.o[0m
[5.718s] [ 53%] Built target canopen_interfaces__rosidl_typesupport_cpp
[5.741s] [ 54%] [32mBuilding C object CMakeFiles/canopen_interfaces__rosidl_typesupport_introspection_c.dir/rosidl_typesupport_introspection_c/canopen_interfaces/srv/detail/co_read_id__type_support.c.o[0m
[5.821s] [ 55%] [32mBuilding C object CMakeFiles/canopen_interfaces__rosidl_typesupport_introspection_c.dir/rosidl_typesupport_introspection_c/canopen_interfaces/srv/detail/co_write__type_support.c.o[0m
[5.828s] [ 56%] [32mBuilding CXX object CMakeFiles/canopen_interfaces__rosidl_typesupport_fastrtps_cpp.dir/rosidl_typesupport_fastrtps_cpp/canopen_interfaces/srv/detail/dds_fastrtps/co_read__type_support.cpp.o[0m
[5.834s] [ 57%] [32mBuilding C object CMakeFiles/canopen_interfaces__rosidl_typesupport_introspection_c.dir/rosidl_typesupport_introspection_c/canopen_interfaces/srv/detail/co_write_id__type_support.c.o[0m
[5.846s] [ 58%] [32mBuilding CXX object CMakeFiles/canopen_interfaces__rosidl_typesupport_fastrtps_c.dir/rosidl_typesupport_fastrtps_c/canopen_interfaces/srv/detail/co_nmt_id__type_support_c.cpp.o[0m
[5.897s] [ 60%] [32mBuilding C object CMakeFiles/canopen_interfaces__rosidl_typesupport_introspection_c.dir/rosidl_typesupport_introspection_c/canopen_interfaces/srv/detail/co_target_double__type_support.c.o[0m
[5.900s] [ 61%] [32mBuilding CXX object CMakeFiles/canopen_interfaces__rosidl_typesupport_fastrtps_cpp.dir/rosidl_typesupport_fastrtps_cpp/canopen_interfaces/srv/detail/dds_fastrtps/co_read_id__type_support.cpp.o[0m
[5.900s] [ 62%] [32mBuilding C object CMakeFiles/canopen_interfaces__rosidl_typesupport_introspection_c.dir/rosidl_typesupport_introspection_c/canopen_interfaces/srv/detail/co_node__type_support.c.o[0m
[5.919s] [ 63%] [32mBuilding C object CMakeFiles/canopen_interfaces__rosidl_typesupport_introspection_c.dir/rosidl_typesupport_introspection_c/canopen_interfaces/msg/detail/co_data__type_support.c.o[0m
[5.931s] [ 64%] [32mBuilding CXX object CMakeFiles/canopen_interfaces__rosidl_typesupport_fastrtps_cpp.dir/rosidl_typesupport_fastrtps_cpp/canopen_interfaces/srv/detail/dds_fastrtps/co_write__type_support.cpp.o[0m
[5.975s] [ 65%] [32mBuilding CXX object CMakeFiles/canopen_interfaces__rosidl_typesupport_fastrtps_cpp.dir/rosidl_typesupport_fastrtps_cpp/canopen_interfaces/srv/detail/dds_fastrtps/co_write_id__type_support.cpp.o[0m
[5.976s] [ 66%] [32mBuilding CXX object CMakeFiles/canopen_interfaces__rosidl_typesupport_fastrtps_cpp.dir/rosidl_typesupport_fastrtps_cpp/canopen_interfaces/srv/detail/dds_fastrtps/co_target_double__type_support.cpp.o[0m
[5.984s] [ 67%] [32mBuilding CXX object CMakeFiles/canopen_interfaces__rosidl_typesupport_fastrtps_cpp.dir/rosidl_typesupport_fastrtps_cpp/canopen_interfaces/srv/detail/dds_fastrtps/co_node__type_support.cpp.o[0m
[5.987s] [ 68%] [32m[1mLinking C shared library libcanopen_interfaces__rosidl_typesupport_introspection_c.so[0m
[6.066s] [ 68%] Built target canopen_interfaces__rosidl_typesupport_introspection_c
[6.090s] [ 69%] [32mBuilding CXX object CMakeFiles/canopen_interfaces__rosidl_typesupport_fastrtps_cpp.dir/rosidl_typesupport_fastrtps_cpp/canopen_interfaces/msg/detail/dds_fastrtps/co_data__type_support.cpp.o[0m
[6.127s] [ 70%] [32mBuilding CXX object CMakeFiles/canopen_interfaces__rosidl_typesupport_fastrtps_c.dir/rosidl_typesupport_fastrtps_c/canopen_interfaces/srv/detail/co_read__type_support_c.cpp.o[0m
[6.203s] [ 71%] [32mBuilding CXX object CMakeFiles/canopen_interfaces__rosidl_typesupport_fastrtps_c.dir/rosidl_typesupport_fastrtps_c/canopen_interfaces/srv/detail/co_read_id__type_support_c.cpp.o[0m
[6.343s] [ 72%] [32mBuilding CXX object CMakeFiles/canopen_interfaces__rosidl_typesupport_introspection_cpp.dir/rosidl_typesupport_introspection_cpp/canopen_interfaces/srv/detail/co_node__type_support.cpp.o[0m
[6.403s] [ 73%] [32mBuilding CXX object CMakeFiles/canopen_interfaces__rosidl_typesupport_introspection_cpp.dir/rosidl_typesupport_introspection_cpp/canopen_interfaces/msg/detail/co_data__type_support.cpp.o[0m
[6.630s] [ 74%] [32mBuilding CXX object CMakeFiles/canopen_interfaces__rosidl_typesupport_fastrtps_c.dir/rosidl_typesupport_fastrtps_c/canopen_interfaces/srv/detail/co_write__type_support_c.cpp.o[0m
[6.673s] [ 75%] [32mBuilding CXX object CMakeFiles/canopen_interfaces__rosidl_typesupport_fastrtps_c.dir/rosidl_typesupport_fastrtps_c/canopen_interfaces/srv/detail/co_write_id__type_support_c.cpp.o[0m
[6.820s] [ 76%] [32mBuilding CXX object CMakeFiles/canopen_interfaces__rosidl_typesupport_fastrtps_c.dir/rosidl_typesupport_fastrtps_c/canopen_interfaces/srv/detail/co_node__type_support_c.cpp.o[0m
[6.826s] [ 77%] [32mBuilding CXX object CMakeFiles/canopen_interfaces__rosidl_typesupport_fastrtps_c.dir/rosidl_typesupport_fastrtps_c/canopen_interfaces/srv/detail/co_target_double__type_support_c.cpp.o[0m
[6.838s] [ 78%] [32mBuilding CXX object CMakeFiles/canopen_interfaces__rosidl_typesupport_fastrtps_c.dir/rosidl_typesupport_fastrtps_c/canopen_interfaces/msg/detail/co_data__type_support_c.cpp.o[0m
[6.944s] [ 80%] [32m[1mLinking CXX shared library libcanopen_interfaces__rosidl_typesupport_fastrtps_cpp.so[0m
[7.092s] [ 81%] [32m[1mLinking CXX shared library libcanopen_interfaces__rosidl_typesupport_introspection_cpp.so[0m
[7.147s] [ 81%] Built target canopen_interfaces__rosidl_typesupport_fastrtps_cpp
[7.163s] [ 81%] Built target canopen_interfaces__rosidl_typesupport_introspection_cpp
[7.371s] [ 82%] [32m[1mLinking CXX shared library libcanopen_interfaces__rosidl_typesupport_fastrtps_c.so[0m
[7.504s] [ 82%] Built target canopen_interfaces__rosidl_typesupport_fastrtps_c
[7.538s] [ 82%] Built target canopen_interfaces
[7.576s] [ 83%] [34m[1mGenerating Python code for ROS interfaces[0m
[9.548s] [ 83%] Built target canopen_interfaces__py
[9.589s] [ 85%] [32mBuilding C object CMakeFiles/canopen_interfaces__rosidl_generator_py.dir/rosidl_generator_py/canopen_interfaces/srv/_co_nmt_id_s.c.o[0m
[9.589s] [ 85%] [32mBuilding C object CMakeFiles/canopen_interfaces__rosidl_generator_py.dir/rosidl_generator_py/canopen_interfaces/srv/_co_read_s.c.o[0m
[9.589s] [ 86%] [32mBuilding C object CMakeFiles/canopen_interfaces__rosidl_generator_py.dir/rosidl_generator_py/canopen_interfaces/srv/_co_heartbeat_id_s.c.o[0m
[9.590s] [ 87%] [32mBuilding C object CMakeFiles/canopen_interfaces__rosidl_generator_py.dir/rosidl_generator_py/canopen_interfaces/srv/_co_write_s.c.o[0m
[9.591s] [ 90%] [32mBuilding C object CMakeFiles/canopen_interfaces__rosidl_generator_py.dir/rosidl_generator_py/canopen_interfaces/srv/_co_write_id_s.c.o[0m
[9.591s] [ 90%] [32mBuilding C object CMakeFiles/canopen_interfaces__rosidl_generator_py.dir/rosidl_generator_py/canopen_interfaces/srv/_co_target_double_s.c.o[0m
[9.591s] [ 90%] [32mBuilding C object CMakeFiles/canopen_interfaces__rosidl_generator_py.dir/rosidl_generator_py/canopen_interfaces/msg/_co_data_s.c.o[0m
[9.591s] [ 91%] [32mBuilding C object CMakeFiles/canopen_interfaces__rosidl_generator_py.dir/rosidl_generator_py/canopen_interfaces/srv/_co_read_id_s.c.o[0m
[9.593s] [ 92%] [32mBuilding C object CMakeFiles/canopen_interfaces__rosidl_generator_py.dir/rosidl_generator_py/canopen_interfaces/srv/_co_node_s.c.o[0m
[9.790s] [ 93%] [32m[1mLinking C shared library rosidl_generator_py/canopen_interfaces/libcanopen_interfaces__rosidl_generator_py.so[0m
[9.857s] [ 93%] Built target canopen_interfaces__rosidl_generator_py
[9.891s] [ 94%] [32mBuilding C object CMakeFiles/canopen_interfaces__rosidl_typesupport_fastrtps_c__pyext.dir/rosidl_generator_py/canopen_interfaces/_canopen_interfaces_s.ep.rosidl_typesupport_fastrtps_c.c.o[0m
[9.891s] [ 95%] [32mBuilding C object CMakeFiles/canopen_interfaces__rosidl_typesupport_introspection_c__pyext.dir/rosidl_generator_py/canopen_interfaces/_canopen_interfaces_s.ep.rosidl_typesupport_introspection_c.c.o[0m
[9.892s] [ 96%] [32mBuilding C object CMakeFiles/canopen_interfaces__rosidl_typesupport_c__pyext.dir/rosidl_generator_py/canopen_interfaces/_canopen_interfaces_s.ep.rosidl_typesupport_c.c.o[0m
[10.072s] [ 97%] [32m[1mLinking C shared library rosidl_generator_py/canopen_interfaces/canopen_interfaces_s__rosidl_typesupport_c.cpython-310-x86_64-linux-gnu.so[0m
[10.074s] [ 98%] [32m[1mLinking C shared library rosidl_generator_py/canopen_interfaces/canopen_interfaces_s__rosidl_typesupport_introspection_c.cpython-310-x86_64-linux-gnu.so[0m
[10.082s] [100%] [32m[1mLinking C shared library rosidl_generator_py/canopen_interfaces/canopen_interfaces_s__rosidl_typesupport_fastrtps_c.cpython-310-x86_64-linux-gnu.so[0m
[10.124s] [100%] Built target canopen_interfaces__rosidl_typesupport_c__pyext
[10.124s] [100%] Built target canopen_interfaces__rosidl_typesupport_introspection_c__pyext
[10.137s] [100%] Built target canopen_interfaces__rosidl_typesupport_fastrtps_c__pyext
[10.159s] Invoked command in '/home/rudranil/oddity_rover/build/canopen_interfaces' returned '0': CMAKE_PREFIX_PATH=${CMAKE_PREFIX_PATH}:/home/rudranil/lb_ws/install/ur5_control:/home/rudranil/ros2_ws/install/mini_bot_description:/opt/ros/humble /usr/bin/cmake --build /home/rudranil/oddity_rover/build/canopen_interfaces -- -j12 -l12
[10.540s] Invoking command in '/home/rudranil/oddity_rover/build/canopen_interfaces': CMAKE_PREFIX_PATH=${CMAKE_PREFIX_PATH}:/home/rudranil/lb_ws/install/ur5_control:/home/rudranil/ros2_ws/install/mini_bot_description:/opt/ros/humble /usr/bin/cmake --install /home/rudranil/oddity_rover/build/canopen_interfaces
[10.550s] -- Install configuration: ""
[10.550s] -- Execute custom install script
[10.551s] -- Symlinking: /home/rudranil/oddity_rover/install/canopen_interfaces/share/ament_index/resource_index/rosidl_interfaces/canopen_interfaces
[10.564s] -- Symlinking: /home/rudranil/oddity_rover/install/canopen_interfaces/include/canopen_interfaces/canopen_interfaces/msg/co_data.h
[10.577s] -- Symlinking: /home/rudranil/oddity_rover/install/canopen_interfaces/include/canopen_interfaces/canopen_interfaces/msg/detail/co_data__functions.h
[10.589s] -- Symlinking: /home/rudranil/oddity_rover/install/canopen_interfaces/include/canopen_interfaces/canopen_interfaces/msg/detail/co_data__struct.h
[10.602s] -- Symlinking: /home/rudranil/oddity_rover/install/canopen_interfaces/include/canopen_interfaces/canopen_interfaces/msg/detail/co_data__type_support.h
[10.614s] -- Symlinking: /home/rudranil/oddity_rover/install/canopen_interfaces/include/canopen_interfaces/canopen_interfaces/msg/rosidl_generator_c__visibility_control.h
[10.626s] -- Symlinking: /home/rudranil/oddity_rover/install/canopen_interfaces/include/canopen_interfaces/canopen_interfaces/srv/co_heartbeat_id.h
[10.638s] -- Symlinking: /home/rudranil/oddity_rover/install/canopen_interfaces/include/canopen_interfaces/canopen_interfaces/srv/co_nmt_id.h
[10.651s] -- Symlinking: /home/rudranil/oddity_rover/install/canopen_interfaces/include/canopen_interfaces/canopen_interfaces/srv/co_node.h
[10.663s] -- Symlinking: /home/rudranil/oddity_rover/install/canopen_interfaces/include/canopen_interfaces/canopen_interfaces/srv/co_read.h
[10.676s] -- Symlinking: /home/rudranil/oddity_rover/install/canopen_interfaces/include/canopen_interfaces/canopen_interfaces/srv/co_read_id.h
[10.688s] -- Symlinking: /home/rudranil/oddity_rover/install/canopen_interfaces/include/canopen_interfaces/canopen_interfaces/srv/co_target_double.h
[10.701s] -- Symlinking: /home/rudranil/oddity_rover/install/canopen_interfaces/include/canopen_interfaces/canopen_interfaces/srv/co_write.h
[10.713s] -- Symlinking: /home/rudranil/oddity_rover/install/canopen_interfaces/include/canopen_interfaces/canopen_interfaces/srv/co_write_id.h
[10.726s] -- Symlinking: /home/rudranil/oddity_rover/install/canopen_interfaces/include/canopen_interfaces/canopen_interfaces/srv/detail/co_heartbeat_id__functions.h
[10.738s] -- Symlinking: /home/rudranil/oddity_rover/install/canopen_interfaces/include/canopen_interfaces/canopen_interfaces/srv/detail/co_heartbeat_id__struct.h
[10.749s] -- Symlinking: /home/rudranil/oddity_rover/install/canopen_interfaces/include/canopen_interfaces/canopen_interfaces/srv/detail/co_heartbeat_id__type_support.h
[10.760s] -- Symlinking: /home/rudranil/oddity_rover/install/canopen_interfaces/include/canopen_interfaces/canopen_interfaces/srv/detail/co_nmt_id__functions.h
[10.772s] -- Symlinking: /home/rudranil/oddity_rover/install/canopen_interfaces/include/canopen_interfaces/canopen_interfaces/srv/detail/co_nmt_id__struct.h
[10.785s] -- Symlinking: /home/rudranil/oddity_rover/install/canopen_interfaces/include/canopen_interfaces/canopen_interfaces/srv/detail/co_nmt_id__type_support.h
[10.797s] -- Symlinking: /home/rudranil/oddity_rover/install/canopen_interfaces/include/canopen_interfaces/canopen_interfaces/srv/detail/co_node__functions.h
[10.809s] -- Symlinking: /home/rudranil/oddity_rover/install/canopen_interfaces/include/canopen_interfaces/canopen_interfaces/srv/detail/co_node__struct.h
[10.821s] -- Symlinking: /home/rudranil/oddity_rover/install/canopen_interfaces/include/canopen_interfaces/canopen_interfaces/srv/detail/co_node__type_support.h
[10.834s] -- Symlinking: /home/rudranil/oddity_rover/install/canopen_interfaces/include/canopen_interfaces/canopen_interfaces/srv/detail/co_read__functions.h
[10.846s] -- Symlinking: /home/rudranil/oddity_rover/install/canopen_interfaces/include/canopen_interfaces/canopen_interfaces/srv/detail/co_read__struct.h
[10.858s] -- Symlinking: /home/rudranil/oddity_rover/install/canopen_interfaces/include/canopen_interfaces/canopen_interfaces/srv/detail/co_read__type_support.h
[10.870s] -- Symlinking: /home/rudranil/oddity_rover/install/canopen_interfaces/include/canopen_interfaces/canopen_interfaces/srv/detail/co_read_id__functions.h
[10.881s] -- Symlinking: /home/rudranil/oddity_rover/install/canopen_interfaces/include/canopen_interfaces/canopen_interfaces/srv/detail/co_read_id__struct.h
[10.894s] -- Symlinking: /home/rudranil/oddity_rover/install/canopen_interfaces/include/canopen_interfaces/canopen_interfaces/srv/detail/co_read_id__type_support.h
[10.906s] -- Symlinking: /home/rudranil/oddity_rover/install/canopen_interfaces/include/canopen_interfaces/canopen_interfaces/srv/detail/co_target_double__functions.h
[10.918s] -- Symlinking: /home/rudranil/oddity_rover/install/canopen_interfaces/include/canopen_interfaces/canopen_interfaces/srv/detail/co_target_double__struct.h
[10.931s] -- Symlinking: /home/rudranil/oddity_rover/install/canopen_interfaces/include/canopen_interfaces/canopen_interfaces/srv/detail/co_target_double__type_support.h
[10.944s] -- Symlinking: /home/rudranil/oddity_rover/install/canopen_interfaces/include/canopen_interfaces/canopen_interfaces/srv/detail/co_write__functions.h
[10.956s] -- Symlinking: /home/rudranil/oddity_rover/install/canopen_interfaces/include/canopen_interfaces/canopen_interfaces/srv/detail/co_write__struct.h
[10.968s] -- Symlinking: /home/rudranil/oddity_rover/install/canopen_interfaces/include/canopen_interfaces/canopen_interfaces/srv/detail/co_write__type_support.h
[10.979s] -- Symlinking: /home/rudranil/oddity_rover/install/canopen_interfaces/include/canopen_interfaces/canopen_interfaces/srv/detail/co_write_id__functions.h
[10.991s] -- Symlinking: /home/rudranil/oddity_rover/install/canopen_interfaces/include/canopen_interfaces/canopen_interfaces/srv/detail/co_write_id__struct.h
[11.002s] -- Symlinking: /home/rudranil/oddity_rover/install/canopen_interfaces/include/canopen_interfaces/canopen_interfaces/srv/detail/co_write_id__type_support.h
[11.013s] -- Symlinking: /home/rudranil/oddity_rover/install/canopen_interfaces/share/canopen_interfaces/environment/library_path.sh
[11.026s] -- Symlinking: /home/rudranil/oddity_rover/install/canopen_interfaces/share/canopen_interfaces/environment/library_path.dsv
[11.038s] -- Symlinking: /home/rudranil/oddity_rover/install/canopen_interfaces/include/canopen_interfaces/canopen_interfaces/msg/detail/co_data__rosidl_typesupport_fastrtps_c.h
[11.049s] -- Symlinking: /home/rudranil/oddity_rover/install/canopen_interfaces/include/canopen_interfaces/canopen_interfaces/msg/rosidl_typesupport_fastrtps_c__visibility_control.h
[11.061s] -- Symlinking: /home/rudranil/oddity_rover/install/canopen_interfaces/include/canopen_interfaces/canopen_interfaces/srv/detail/co_heartbeat_id__rosidl_typesupport_fastrtps_c.h
[11.072s] -- Symlinking: /home/rudranil/oddity_rover/install/canopen_interfaces/include/canopen_interfaces/canopen_interfaces/srv/detail/co_nmt_id__rosidl_typesupport_fastrtps_c.h
[11.084s] -- Symlinking: /home/rudranil/oddity_rover/install/canopen_interfaces/include/canopen_interfaces/canopen_interfaces/srv/detail/co_node__rosidl_typesupport_fastrtps_c.h
[11.096s] -- Symlinking: /home/rudranil/oddity_rover/install/canopen_interfaces/include/canopen_interfaces/canopen_interfaces/srv/detail/co_read__rosidl_typesupport_fastrtps_c.h
[11.106s] -- Symlinking: /home/rudranil/oddity_rover/install/canopen_interfaces/include/canopen_interfaces/canopen_interfaces/srv/detail/co_read_id__rosidl_typesupport_fastrtps_c.h
[11.119s] -- Symlinking: /home/rudranil/oddity_rover/install/canopen_interfaces/include/canopen_interfaces/canopen_interfaces/srv/detail/co_target_double__rosidl_typesupport_fastrtps_c.h
[11.130s] -- Symlinking: /home/rudranil/oddity_rover/install/canopen_interfaces/include/canopen_interfaces/canopen_interfaces/srv/detail/co_write__rosidl_typesupport_fastrtps_c.h
[11.141s] -- Symlinking: /home/rudranil/oddity_rover/install/canopen_interfaces/include/canopen_interfaces/canopen_interfaces/srv/detail/co_write_id__rosidl_typesupport_fastrtps_c.h
[11.153s] -- Symlinking: /home/rudranil/oddity_rover/install/canopen_interfaces/include/canopen_interfaces/canopen_interfaces/msg/detail/co_data__rosidl_typesupport_introspection_c.h
[11.165s] -- Symlinking: /home/rudranil/oddity_rover/install/canopen_interfaces/include/canopen_interfaces/canopen_interfaces/msg/rosidl_typesupport_introspection_c__visibility_control.h
[11.177s] -- Symlinking: /home/rudranil/oddity_rover/install/canopen_interfaces/include/canopen_interfaces/canopen_interfaces/srv/detail/co_heartbeat_id__rosidl_typesupport_introspection_c.h
[11.188s] -- Symlinking: /home/rudranil/oddity_rover/install/canopen_interfaces/include/canopen_interfaces/canopen_interfaces/srv/detail/co_nmt_id__rosidl_typesupport_introspection_c.h
[11.200s] -- Symlinking: /home/rudranil/oddity_rover/install/canopen_interfaces/include/canopen_interfaces/canopen_interfaces/srv/detail/co_node__rosidl_typesupport_introspection_c.h
[11.213s] -- Symlinking: /home/rudranil/oddity_rover/install/canopen_interfaces/include/canopen_interfaces/canopen_interfaces/srv/detail/co_read__rosidl_typesupport_introspection_c.h
[11.224s] -- Symlinking: /home/rudranil/oddity_rover/install/canopen_interfaces/include/canopen_interfaces/canopen_interfaces/srv/detail/co_read_id__rosidl_typesupport_introspection_c.h
[11.236s] -- Symlinking: /home/rudranil/oddity_rover/install/canopen_interfaces/include/canopen_interfaces/canopen_interfaces/srv/detail/co_target_double__rosidl_typesupport_introspection_c.h
[11.248s] -- Symlinking: /home/rudranil/oddity_rover/install/canopen_interfaces/include/canopen_interfaces/canopen_interfaces/srv/detail/co_write__rosidl_typesupport_introspection_c.h
[11.260s] -- Symlinking: /home/rudranil/oddity_rover/install/canopen_interfaces/include/canopen_interfaces/canopen_interfaces/srv/detail/co_write_id__rosidl_typesupport_introspection_c.h
[11.273s] -- Symlinking: /home/rudranil/oddity_rover/install/canopen_interfaces/include/canopen_interfaces/canopen_interfaces/msg/co_data.hpp
[11.285s] -- Symlinking: /home/rudranil/oddity_rover/install/canopen_interfaces/include/canopen_interfaces/canopen_interfaces/msg/detail/co_data__builder.hpp
[11.297s] -- Symlinking: /home/rudranil/oddity_rover/install/canopen_interfaces/include/canopen_interfaces/canopen_interfaces/msg/detail/co_data__struct.hpp
[11.309s] -- Symlinking: /home/rudranil/oddity_rover/install/canopen_interfaces/include/canopen_interfaces/canopen_interfaces/msg/detail/co_data__traits.hpp
[11.320s] -- Symlinking: /home/rudranil/oddity_rover/install/canopen_interfaces/include/canopen_interfaces/canopen_interfaces/srv/co_heartbeat_id.hpp
[11.332s] -- Symlinking: /home/rudranil/oddity_rover/install/canopen_interfaces/include/canopen_interfaces/canopen_interfaces/srv/co_nmt_id.hpp
[11.345s] -- Symlinking: /home/rudranil/oddity_rover/install/canopen_interfaces/include/canopen_interfaces/canopen_interfaces/srv/co_node.hpp
[11.356s] -- Symlinking: /home/rudranil/oddity_rover/install/canopen_interfaces/include/canopen_interfaces/canopen_interfaces/srv/co_read.hpp
[11.367s] -- Symlinking: /home/rudranil/oddity_rover/install/canopen_interfaces/include/canopen_interfaces/canopen_interfaces/srv/co_read_id.hpp
[11.379s] -- Symlinking: /home/rudranil/oddity_rover/install/canopen_interfaces/include/canopen_interfaces/canopen_interfaces/srv/co_target_double.hpp
[11.390s] -- Symlinking: /home/rudranil/oddity_rover/install/canopen_interfaces/include/canopen_interfaces/canopen_interfaces/srv/co_write.hpp
[11.402s] -- Symlinking: /home/rudranil/oddity_rover/install/canopen_interfaces/include/canopen_interfaces/canopen_interfaces/srv/co_write_id.hpp
[11.413s] -- Symlinking: /home/rudranil/oddity_rover/install/canopen_interfaces/include/canopen_interfaces/canopen_interfaces/srv/detail/co_heartbeat_id__builder.hpp
[11.424s] -- Symlinking: /home/rudranil/oddity_rover/install/canopen_interfaces/include/canopen_interfaces/canopen_interfaces/srv/detail/co_heartbeat_id__struct.hpp
[11.435s] -- Symlinking: /home/rudranil/oddity_rover/install/canopen_interfaces/include/canopen_interfaces/canopen_interfaces/srv/detail/co_heartbeat_id__traits.hpp
[11.446s] -- Symlinking: /home/rudranil/oddity_rover/install/canopen_interfaces/include/canopen_interfaces/canopen_interfaces/srv/detail/co_nmt_id__builder.hpp
[11.458s] -- Symlinking: /home/rudranil/oddity_rover/install/canopen_interfaces/include/canopen_interfaces/canopen_interfaces/srv/detail/co_nmt_id__struct.hpp
[11.469s] -- Symlinking: /home/rudranil/oddity_rover/install/canopen_interfaces/include/canopen_interfaces/canopen_interfaces/srv/detail/co_nmt_id__traits.hpp
[11.482s] -- Symlinking: /home/rudranil/oddity_rover/install/canopen_interfaces/include/canopen_interfaces/canopen_interfaces/srv/detail/co_node__builder.hpp
[11.493s] -- Symlinking: /home/rudranil/oddity_rover/install/canopen_interfaces/include/canopen_interfaces/canopen_interfaces/srv/detail/co_node__struct.hpp
[11.504s] -- Symlinking: /home/rudranil/oddity_rover/install/canopen_interfaces/include/canopen_interfaces/canopen_interfaces/srv/detail/co_node__traits.hpp
[11.515s] -- Symlinking: /home/rudranil/oddity_rover/install/canopen_interfaces/include/canopen_interfaces/canopen_interfaces/srv/detail/co_read__builder.hpp
[11.527s] -- Symlinking: /home/rudranil/oddity_rover/install/canopen_interfaces/include/canopen_interfaces/canopen_interfaces/srv/detail/co_read__struct.hpp
[11.539s] -- Symlinking: /home/rudranil/oddity_rover/install/canopen_interfaces/include/canopen_interfaces/canopen_interfaces/srv/detail/co_read__traits.hpp
[11.550s] -- Symlinking: /home/rudranil/oddity_rover/install/canopen_interfaces/include/canopen_interfaces/canopen_interfaces/srv/detail/co_read_id__builder.hpp
[11.562s] -- Symlinking: /home/rudranil/oddity_rover/install/canopen_interfaces/include/canopen_interfaces/canopen_interfaces/srv/detail/co_read_id__struct.hpp
[11.574s] -- Symlinking: /home/rudranil/oddity_rover/install/canopen_interfaces/include/canopen_interfaces/canopen_interfaces/srv/detail/co_read_id__traits.hpp
[11.585s] -- Symlinking: /home/rudranil/oddity_rover/install/canopen_interfaces/include/canopen_interfaces/canopen_interfaces/srv/detail/co_target_double__builder.hpp
[11.596s] -- Symlinking: /home/rudranil/oddity_rover/install/canopen_interfaces/include/canopen_interfaces/canopen_interfaces/srv/detail/co_target_double__struct.hpp
[11.609s] -- Symlinking: /home/rudranil/oddity_rover/install/canopen_interfaces/include/canopen_interfaces/canopen_interfaces/srv/detail/co_target_double__traits.hpp
[11.621s] -- Symlinking: /home/rudranil/oddity_rover/install/canopen_interfaces/include/canopen_interfaces/canopen_interfaces/srv/detail/co_write__builder.hpp
[11.632s] -- Symlinking: /home/rudranil/oddity_rover/install/canopen_interfaces/include/canopen_interfaces/canopen_interfaces/srv/detail/co_write__struct.hpp
[11.644s] -- Symlinking: /home/rudranil/oddity_rover/install/canopen_interfaces/include/canopen_interfaces/canopen_interfaces/srv/detail/co_write__traits.hpp
[11.655s] -- Symlinking: /home/rudranil/oddity_rover/install/canopen_interfaces/include/canopen_interfaces/canopen_interfaces/srv/detail/co_write_id__builder.hpp
[11.666s] -- Symlinking: /home/rudranil/oddity_rover/install/canopen_interfaces/include/canopen_interfaces/canopen_interfaces/srv/detail/co_write_id__struct.hpp
[11.678s] -- Symlinking: /home/rudranil/oddity_rover/install/canopen_interfaces/include/canopen_interfaces/canopen_interfaces/srv/detail/co_write_id__traits.hpp
[11.690s] -- Symlinking: /home/rudranil/oddity_rover/install/canopen_interfaces/include/canopen_interfaces/canopen_interfaces/msg/detail/co_data__rosidl_typesupport_fastrtps_cpp.hpp
[11.701s] -- Symlinking: /home/rudranil/oddity_rover/install/canopen_interfaces/include/canopen_interfaces/canopen_interfaces/msg/rosidl_typesupport_fastrtps_cpp__visibility_control.h
[11.714s] -- Symlinking: /home/rudranil/oddity_rover/install/canopen_interfaces/include/canopen_interfaces/canopen_interfaces/srv/detail/co_heartbeat_id__rosidl_typesupport_fastrtps_cpp.hpp
[11.725s] -- Symlinking: /home/rudranil/oddity_rover/install/canopen_interfaces/include/canopen_interfaces/canopen_interfaces/srv/detail/co_nmt_id__rosidl_typesupport_fastrtps_cpp.hpp
[11.738s] -- Symlinking: /home/rudranil/oddity_rover/install/canopen_interfaces/include/canopen_interfaces/canopen_interfaces/srv/detail/co_node__rosidl_typesupport_fastrtps_cpp.hpp
[11.750s] -- Symlinking: /home/rudranil/oddity_rover/install/canopen_interfaces/include/canopen_interfaces/canopen_interfaces/srv/detail/co_read__rosidl_typesupport_fastrtps_cpp.hpp
[11.761s] -- Symlinking: /home/rudranil/oddity_rover/install/canopen_interfaces/include/canopen_interfaces/canopen_interfaces/srv/detail/co_read_id__rosidl_typesupport_fastrtps_cpp.hpp
[11.772s] -- Symlinking: /home/rudranil/oddity_rover/install/canopen_interfaces/include/canopen_interfaces/canopen_interfaces/srv/detail/co_target_double__rosidl_typesupport_fastrtps_cpp.hpp
[11.785s] -- Symlinking: /home/rudranil/oddity_rover/install/canopen_interfaces/include/canopen_interfaces/canopen_interfaces/srv/detail/co_write__rosidl_typesupport_fastrtps_cpp.hpp
[11.796s] -- Symlinking: /home/rudranil/oddity_rover/install/canopen_interfaces/include/canopen_interfaces/canopen_interfaces/srv/detail/co_write_id__rosidl_typesupport_fastrtps_cpp.hpp
[11.808s] -- Symlinking: /home/rudranil/oddity_rover/install/canopen_interfaces/include/canopen_interfaces/canopen_interfaces/msg/detail/co_data__rosidl_typesupport_introspection_cpp.hpp
[11.820s] -- Symlinking: /home/rudranil/oddity_rover/install/canopen_interfaces/include/canopen_interfaces/canopen_interfaces/srv/detail/co_heartbeat_id__rosidl_typesupport_introspection_cpp.hpp
[11.831s] -- Symlinking: /home/rudranil/oddity_rover/install/canopen_interfaces/include/canopen_interfaces/canopen_interfaces/srv/detail/co_nmt_id__rosidl_typesupport_introspection_cpp.hpp
[11.842s] -- Symlinking: /home/rudranil/oddity_rover/install/canopen_interfaces/include/canopen_interfaces/canopen_interfaces/srv/detail/co_node__rosidl_typesupport_introspection_cpp.hpp
[11.854s] -- Symlinking: /home/rudranil/oddity_rover/install/canopen_interfaces/include/canopen_interfaces/canopen_interfaces/srv/detail/co_read__rosidl_typesupport_introspection_cpp.hpp
[11.866s] -- Symlinking: /home/rudranil/oddity_rover/install/canopen_interfaces/include/canopen_interfaces/canopen_interfaces/srv/detail/co_read_id__rosidl_typesupport_introspection_cpp.hpp
[11.876s] -- Symlinking: /home/rudranil/oddity_rover/install/canopen_interfaces/include/canopen_interfaces/canopen_interfaces/srv/detail/co_target_double__rosidl_typesupport_introspection_cpp.hpp
[11.888s] -- Symlinking: /home/rudranil/oddity_rover/install/canopen_interfaces/include/canopen_interfaces/canopen_interfaces/srv/detail/co_write__rosidl_typesupport_introspection_cpp.hpp
[11.900s] -- Symlinking: /home/rudranil/oddity_rover/install/canopen_interfaces/include/canopen_interfaces/canopen_interfaces/srv/detail/co_write_id__rosidl_typesupport_introspection_cpp.hpp
[11.912s] -- Symlinking: /home/rudranil/oddity_rover/install/canopen_interfaces/share/canopen_interfaces/environment/pythonpath.sh
[11.923s] -- Symlinking: /home/rudranil/oddity_rover/install/canopen_interfaces/share/canopen_interfaces/environment/pythonpath.dsv
[11.936s] -- Symlinking: /home/rudranil/oddity_rover/install/canopen_interfaces/local/lib/python3.10/dist-packages/canopen_interfaces-0.2.11-py3.10.egg-info/PKG-INFO
[11.948s] -- Symlinking: /home/rudranil/oddity_rover/install/canopen_interfaces/local/lib/python3.10/dist-packages/canopen_interfaces-0.2.11-py3.10.egg-info/SOURCES.txt
[11.960s] -- Symlinking: /home/rudranil/oddity_rover/install/canopen_interfaces/local/lib/python3.10/dist-packages/canopen_interfaces-0.2.11-py3.10.egg-info/dependency_links.txt
[11.972s] -- Symlinking: /home/rudranil/oddity_rover/install/canopen_interfaces/local/lib/python3.10/dist-packages/canopen_interfaces-0.2.11-py3.10.egg-info/top_level.txt
[11.985s] -- Symlinking: /home/rudranil/oddity_rover/install/canopen_interfaces/local/lib/python3.10/dist-packages/canopen_interfaces/__init__.py
[11.998s] -- Symlinking: /home/rudranil/oddity_rover/install/canopen_interfaces/local/lib/python3.10/dist-packages/canopen_interfaces/_canopen_interfaces_s.ep.rosidl_typesupport_c.c
[12.009s] -- Symlinking: /home/rudranil/oddity_rover/install/canopen_interfaces/local/lib/python3.10/dist-packages/canopen_interfaces/_canopen_interfaces_s.ep.rosidl_typesupport_fastrtps_c.c
[12.021s] -- Symlinking: /home/rudranil/oddity_rover/install/canopen_interfaces/local/lib/python3.10/dist-packages/canopen_interfaces/_canopen_interfaces_s.ep.rosidl_typesupport_introspection_c.c
[12.033s] -- Symlinking: /home/rudranil/oddity_rover/install/canopen_interfaces/local/lib/python3.10/dist-packages/canopen_interfaces/canopen_interfaces_s__rosidl_typesupport_c.cpython-310-x86_64-linux-gnu.so
[12.044s] -- Symlinking: /home/rudranil/oddity_rover/install/canopen_interfaces/local/lib/python3.10/dist-packages/canopen_interfaces/canopen_interfaces_s__rosidl_typesupport_fastrtps_c.cpython-310-x86_64-linux-gnu.so
[12.055s] -- Symlinking: /home/rudranil/oddity_rover/install/canopen_interfaces/local/lib/python3.10/dist-packages/canopen_interfaces/canopen_interfaces_s__rosidl_typesupport_introspection_c.cpython-310-x86_64-linux-gnu.so
[12.068s] -- Symlinking: /home/rudranil/oddity_rover/install/canopen_interfaces/local/lib/python3.10/dist-packages/canopen_interfaces/libcanopen_interfaces__rosidl_generator_py.so
[12.080s] -- Symlinking: /home/rudranil/oddity_rover/install/canopen_interfaces/local/lib/python3.10/dist-packages/canopen_interfaces/msg/__init__.py
[12.092s] -- Symlinking: /home/rudranil/oddity_rover/install/canopen_interfaces/local/lib/python3.10/dist-packages/canopen_interfaces/msg/_co_data.py
[12.104s] -- Symlinking: /home/rudranil/oddity_rover/install/canopen_interfaces/local/lib/python3.10/dist-packages/canopen_interfaces/msg/_co_data_s.c
[12.115s] -- Symlinking: /home/rudranil/oddity_rover/install/canopen_interfaces/local/lib/python3.10/dist-packages/canopen_interfaces/srv/__init__.py
[12.127s] -- Symlinking: /home/rudranil/oddity_rover/install/canopen_interfaces/local/lib/python3.10/dist-packages/canopen_interfaces/srv/_co_heartbeat_id.py
[12.138s] -- Symlinking: /home/rudranil/oddity_rover/install/canopen_interfaces/local/lib/python3.10/dist-packages/canopen_interfaces/srv/_co_heartbeat_id_s.c
[12.151s] -- Symlinking: /home/rudranil/oddity_rover/install/canopen_interfaces/local/lib/python3.10/dist-packages/canopen_interfaces/srv/_co_nmt_id.py
[12.162s] -- Symlinking: /home/rudranil/oddity_rover/install/canopen_interfaces/local/lib/python3.10/dist-packages/canopen_interfaces/srv/_co_nmt_id_s.c
[12.174s] -- Symlinking: /home/rudranil/oddity_rover/install/canopen_interfaces/local/lib/python3.10/dist-packages/canopen_interfaces/srv/_co_node.py
[12.186s] -- Symlinking: /home/rudranil/oddity_rover/install/canopen_interfaces/local/lib/python3.10/dist-packages/canopen_interfaces/srv/_co_node_s.c
[12.197s] -- Symlinking: /home/rudranil/oddity_rover/install/canopen_interfaces/local/lib/python3.10/dist-packages/canopen_interfaces/srv/_co_read.py
[12.209s] -- Symlinking: /home/rudranil/oddity_rover/install/canopen_interfaces/local/lib/python3.10/dist-packages/canopen_interfaces/srv/_co_read_id.py
[12.221s] -- Symlinking: /home/rudranil/oddity_rover/install/canopen_interfaces/local/lib/python3.10/dist-packages/canopen_interfaces/srv/_co_read_id_s.c
[12.232s] -- Symlinking: /home/rudranil/oddity_rover/install/canopen_interfaces/local/lib/python3.10/dist-packages/canopen_interfaces/srv/_co_read_s.c
[12.244s] -- Symlinking: /home/rudranil/oddity_rover/install/canopen_interfaces/local/lib/python3.10/dist-packages/canopen_interfaces/srv/_co_target_double.py
[12.256s] -- Symlinking: /home/rudranil/oddity_rover/install/canopen_interfaces/local/lib/python3.10/dist-packages/canopen_interfaces/srv/_co_target_double_s.c
[12.268s] -- Symlinking: /home/rudranil/oddity_rover/install/canopen_interfaces/local/lib/python3.10/dist-packages/canopen_interfaces/srv/_co_write.py
[12.279s] -- Symlinking: /home/rudranil/oddity_rover/install/canopen_interfaces/local/lib/python3.10/dist-packages/canopen_interfaces/srv/_co_write_id.py
[12.291s] -- Symlinking: /home/rudranil/oddity_rover/install/canopen_interfaces/local/lib/python3.10/dist-packages/canopen_interfaces/srv/_co_write_id_s.c
[12.302s] -- Symlinking: /home/rudranil/oddity_rover/install/canopen_interfaces/local/lib/python3.10/dist-packages/canopen_interfaces/srv/_co_write_s.c
[12.314s] -- Up-to-date symlink: /home/rudranil/oddity_rover/install/canopen_interfaces/local/lib/python3.10/dist-packages/canopen_interfaces/canopen_interfaces_s__rosidl_typesupport_fastrtps_c.cpython-310-x86_64-linux-gnu.so
[12.314s] -- Up-to-date symlink: /home/rudranil/oddity_rover/install/canopen_interfaces/local/lib/python3.10/dist-packages/canopen_interfaces/canopen_interfaces_s__rosidl_typesupport_introspection_c.cpython-310-x86_64-linux-gnu.so
[12.315s] -- Up-to-date symlink: /home/rudranil/oddity_rover/install/canopen_interfaces/local/lib/python3.10/dist-packages/canopen_interfaces/canopen_interfaces_s__rosidl_typesupport_c.cpython-310-x86_64-linux-gnu.so
[12.315s] -- Symlinking: /home/rudranil/oddity_rover/install/canopen_interfaces/share/canopen_interfaces/srv/COHeartbeatID.idl
[12.326s] -- Symlinking: /home/rudranil/oddity_rover/install/canopen_interfaces/share/canopen_interfaces/srv/CONmtID.idl
[12.337s] -- Symlinking: /home/rudranil/oddity_rover/install/canopen_interfaces/share/canopen_interfaces/srv/CORead.idl
[12.348s] -- Symlinking: /home/rudranil/oddity_rover/install/canopen_interfaces/share/canopen_interfaces/srv/COReadID.idl
[12.359s] -- Symlinking: /home/rudranil/oddity_rover/install/canopen_interfaces/share/canopen_interfaces/srv/COWrite.idl
[12.371s] -- Symlinking: /home/rudranil/oddity_rover/install/canopen_interfaces/share/canopen_interfaces/srv/COWriteID.idl
[12.382s] -- Symlinking: /home/rudranil/oddity_rover/install/canopen_interfaces/share/canopen_interfaces/srv/COTargetDouble.idl
[12.394s] -- Symlinking: /home/rudranil/oddity_rover/install/canopen_interfaces/share/canopen_interfaces/srv/CONode.idl
[12.405s] -- Symlinking: /home/rudranil/oddity_rover/install/canopen_interfaces/share/canopen_interfaces/msg/COData.idl
[12.416s] -- Symlinking: /home/rudranil/oddity_rover/install/canopen_interfaces/share/canopen_interfaces/srv/COHeartbeatID.srv
[12.428s] -- Symlinking: /home/rudranil/oddity_rover/install/canopen_interfaces/share/canopen_interfaces/srv/COHeartbeatID_Request.msg
[12.440s] -- Symlinking: /home/rudranil/oddity_rover/install/canopen_interfaces/share/canopen_interfaces/srv/COHeartbeatID_Response.msg
[12.451s] -- Symlinking: /home/rudranil/oddity_rover/install/canopen_interfaces/share/canopen_interfaces/srv/CONmtID.srv
[12.463s] -- Symlinking: /home/rudranil/oddity_rover/install/canopen_interfaces/share/canopen_interfaces/srv/CONmtID_Request.msg
[12.476s] -- Symlinking: /home/rudranil/oddity_rover/install/canopen_interfaces/share/canopen_interfaces/srv/CONmtID_Response.msg
[12.487s] -- Symlinking: /home/rudranil/oddity_rover/install/canopen_interfaces/share/canopen_interfaces/srv/CORead.srv
[12.499s] -- Symlinking: /home/rudranil/oddity_rover/install/canopen_interfaces/share/canopen_interfaces/srv/CORead_Request.msg
[12.511s] -- Symlinking: /home/rudranil/oddity_rover/install/canopen_interfaces/share/canopen_interfaces/srv/CORead_Response.msg
[12.522s] -- Symlinking: /home/rudranil/oddity_rover/install/canopen_interfaces/share/canopen_interfaces/srv/COReadID.srv
[12.533s] -- Symlinking: /home/rudranil/oddity_rover/install/canopen_interfaces/share/canopen_interfaces/srv/COReadID_Request.msg
[12.544s] -- Symlinking: /home/rudranil/oddity_rover/install/canopen_interfaces/share/canopen_interfaces/srv/COReadID_Response.msg
[12.556s] -- Symlinking: /home/rudranil/oddity_rover/install/canopen_interfaces/share/canopen_interfaces/srv/COWrite.srv
[12.567s] -- Symlinking: /home/rudranil/oddity_rover/install/canopen_interfaces/share/canopen_interfaces/srv/COWrite_Request.msg
[12.578s] -- Symlinking: /home/rudranil/oddity_rover/install/canopen_interfaces/share/canopen_interfaces/srv/COWrite_Response.msg
[12.590s] -- Symlinking: /home/rudranil/oddity_rover/install/canopen_interfaces/share/canopen_interfaces/srv/COWriteID.srv
[12.601s] -- Symlinking: /home/rudranil/oddity_rover/install/canopen_interfaces/share/canopen_interfaces/srv/COWriteID_Request.msg
[12.613s] -- Symlinking: /home/rudranil/oddity_rover/install/canopen_interfaces/share/canopen_interfaces/srv/COWriteID_Response.msg
[12.624s] -- Symlinking: /home/rudranil/oddity_rover/install/canopen_interfaces/share/canopen_interfaces/srv/COTargetDouble.srv
[12.635s] -- Symlinking: /home/rudranil/oddity_rover/install/canopen_interfaces/share/canopen_interfaces/srv/COTargetDouble_Request.msg
[12.648s] -- Symlinking: /home/rudranil/oddity_rover/install/canopen_interfaces/share/canopen_interfaces/srv/COTargetDouble_Response.msg
[12.659s] -- Symlinking: /home/rudranil/oddity_rover/install/canopen_interfaces/share/canopen_interfaces/srv/CONode.srv
[12.671s] -- Symlinking: /home/rudranil/oddity_rover/install/canopen_interfaces/share/canopen_interfaces/srv/CONode_Request.msg
[12.682s] -- Symlinking: /home/rudranil/oddity_rover/install/canopen_interfaces/share/canopen_interfaces/srv/CONode_Response.msg
[12.694s] -- Symlinking: /home/rudranil/oddity_rover/install/canopen_interfaces/share/canopen_interfaces/msg/COData.msg
[12.706s] -- Symlinking: /home/rudranil/oddity_rover/install/canopen_interfaces/share/ament_index/resource_index/package_run_dependencies/canopen_interfaces
[12.718s] -- Symlinking: /home/rudranil/oddity_rover/install/canopen_interfaces/share/ament_index/resource_index/parent_prefix_path/canopen_interfaces
[12.730s] -- Symlinking: /home/rudranil/oddity_rover/install/canopen_interfaces/share/canopen_interfaces/environment/ament_prefix_path.sh
[12.742s] -- Symlinking: /home/rudranil/oddity_rover/install/canopen_interfaces/share/canopen_interfaces/environment/ament_prefix_path.dsv
[12.754s] -- Symlinking: /home/rudranil/oddity_rover/install/canopen_interfaces/share/canopen_interfaces/environment/path.sh
[12.765s] -- Symlinking: /home/rudranil/oddity_rover/install/canopen_interfaces/share/canopen_interfaces/environment/path.dsv
[12.776s] -- Symlinking: /home/rudranil/oddity_rover/install/canopen_interfaces/share/canopen_interfaces/local_setup.bash
[12.788s] -- Symlinking: /home/rudranil/oddity_rover/install/canopen_interfaces/share/canopen_interfaces/local_setup.sh
[12.800s] -- Symlinking: /home/rudranil/oddity_rover/install/canopen_interfaces/share/canopen_interfaces/local_setup.zsh
[12.811s] -- Symlinking: /home/rudranil/oddity_rover/install/canopen_interfaces/share/canopen_interfaces/local_setup.dsv
[12.822s] -- Symlinking: /home/rudranil/oddity_rover/install/canopen_interfaces/share/canopen_interfaces/package.dsv
[12.833s] -- Symlinking: /home/rudranil/oddity_rover/install/canopen_interfaces/share/ament_index/resource_index/packages/canopen_interfaces
[12.845s] -- Symlinking: /home/rudranil/oddity_rover/install/canopen_interfaces/share/canopen_interfaces/cmake/rosidl_cmake-extras.cmake
[12.856s] -- Symlinking: /home/rudranil/oddity_rover/install/canopen_interfaces/share/canopen_interfaces/cmake/ament_cmake_export_include_directories-extras.cmake
[12.868s] -- Symlinking: /home/rudranil/oddity_rover/install/canopen_interfaces/share/canopen_interfaces/cmake/ament_cmake_export_libraries-extras.cmake
[12.879s] -- Symlinking: /home/rudranil/oddity_rover/install/canopen_interfaces/share/canopen_interfaces/cmake/ament_cmake_export_targets-extras.cmake
[12.890s] -- Symlinking: /home/rudranil/oddity_rover/install/canopen_interfaces/share/canopen_interfaces/cmake/rosidl_cmake_export_typesupport_targets-extras.cmake
[12.902s] -- Symlinking: /home/rudranil/oddity_rover/install/canopen_interfaces/share/canopen_interfaces/cmake/ament_cmake_export_dependencies-extras.cmake
[12.913s] -- Symlinking: /home/rudranil/oddity_rover/install/canopen_interfaces/share/canopen_interfaces/cmake/rosidl_cmake_export_typesupport_libraries-extras.cmake
[12.924s] -- Symlinking: /home/rudranil/oddity_rover/install/canopen_interfaces/share/canopen_interfaces/cmake/canopen_interfacesConfig.cmake
[12.935s] -- Symlinking: /home/rudranil/oddity_rover/install/canopen_interfaces/share/canopen_interfaces/cmake/canopen_interfacesConfig-version.cmake
[12.946s] -- Symlinking: /home/rudranil/oddity_rover/install/canopen_interfaces/share/canopen_interfaces/package.xml
[12.958s] -- Installing: /home/rudranil/oddity_rover/install/canopen_interfaces/lib/libcanopen_interfaces__rosidl_generator_c.so
[12.959s] -- Set runtime path of "/home/rudranil/oddity_rover/install/canopen_interfaces/lib/libcanopen_interfaces__rosidl_generator_c.so" to ""
[12.959s] -- Installing: /home/rudranil/oddity_rover/install/canopen_interfaces/lib/libcanopen_interfaces__rosidl_typesupport_fastrtps_c.so
[12.959s] -- Set runtime path of "/home/rudranil/oddity_rover/install/canopen_interfaces/lib/libcanopen_interfaces__rosidl_typesupport_fastrtps_c.so" to ""
[12.959s] -- Installing: /home/rudranil/oddity_rover/install/canopen_interfaces/lib/libcanopen_interfaces__rosidl_typesupport_introspection_c.so
[12.960s] -- Set runtime path of "/home/rudranil/oddity_rover/install/canopen_interfaces/lib/libcanopen_interfaces__rosidl_typesupport_introspection_c.so" to ""
[12.960s] -- Installing: /home/rudranil/oddity_rover/install/canopen_interfaces/lib/libcanopen_interfaces__rosidl_typesupport_c.so
[12.960s] -- Set runtime path of "/home/rudranil/oddity_rover/install/canopen_interfaces/lib/libcanopen_interfaces__rosidl_typesupport_c.so" to ""
[12.960s] -- Installing: /home/rudranil/oddity_rover/install/canopen_interfaces/lib/libcanopen_interfaces__rosidl_typesupport_fastrtps_cpp.so
[12.961s] -- Set runtime path of "/home/rudranil/oddity_rover/install/canopen_interfaces/lib/libcanopen_interfaces__rosidl_typesupport_fastrtps_cpp.so" to ""
[12.961s] -- Installing: /home/rudranil/oddity_rover/install/canopen_interfaces/lib/libcanopen_interfaces__rosidl_typesupport_introspection_cpp.so
[12.961s] -- Set runtime path of "/home/rudranil/oddity_rover/install/canopen_interfaces/lib/libcanopen_interfaces__rosidl_typesupport_introspection_cpp.so" to ""
[12.961s] -- Installing: /home/rudranil/oddity_rover/install/canopen_interfaces/lib/libcanopen_interfaces__rosidl_typesupport_cpp.so
[12.962s] -- Set runtime path of "/home/rudranil/oddity_rover/install/canopen_interfaces/lib/libcanopen_interfaces__rosidl_typesupport_cpp.so" to ""
[13.005s] Listing '/home/rudranil/oddity_rover/install/canopen_interfaces/local/lib/python3.10/dist-packages/canopen_interfaces'...
[13.005s] Compiling '/home/rudranil/oddity_rover/install/canopen_interfaces/local/lib/python3.10/dist-packages/canopen_interfaces/__init__.py'...
[13.005s] Listing '/home/rudranil/oddity_rover/install/canopen_interfaces/local/lib/python3.10/dist-packages/canopen_interfaces/msg'...
[13.005s] Compiling '/home/rudranil/oddity_rover/install/canopen_interfaces/local/lib/python3.10/dist-packages/canopen_interfaces/msg/__init__.py'...
[13.006s] Compiling '/home/rudranil/oddity_rover/install/canopen_interfaces/local/lib/python3.10/dist-packages/canopen_interfaces/msg/_co_data.py'...
[13.006s] Listing '/home/rudranil/oddity_rover/install/canopen_interfaces/local/lib/python3.10/dist-packages/canopen_interfaces/srv'...
[13.006s] Compiling '/home/rudranil/oddity_rover/install/canopen_interfaces/local/lib/python3.10/dist-packages/canopen_interfaces/srv/__init__.py'...
[13.006s] Compiling '/home/rudranil/oddity_rover/install/canopen_interfaces/local/lib/python3.10/dist-packages/canopen_interfaces/srv/_co_heartbeat_id.py'...
[13.006s] Compiling '/home/rudranil/oddity_rover/install/canopen_interfaces/local/lib/python3.10/dist-packages/canopen_interfaces/srv/_co_nmt_id.py'...
[13.006s] Compiling '/home/rudranil/oddity_rover/install/canopen_interfaces/local/lib/python3.10/dist-packages/canopen_interfaces/srv/_co_node.py'...
[13.006s] Compiling '/home/rudranil/oddity_rover/install/canopen_interfaces/local/lib/python3.10/dist-packages/canopen_interfaces/srv/_co_read.py'...
[13.006s] Compiling '/home/rudranil/oddity_rover/install/canopen_interfaces/local/lib/python3.10/dist-packages/canopen_interfaces/srv/_co_read_id.py'...
[13.006s] Compiling '/home/rudranil/oddity_rover/install/canopen_interfaces/local/lib/python3.10/dist-packages/canopen_interfaces/srv/_co_target_double.py'...
[13.006s] Compiling '/home/rudranil/oddity_rover/install/canopen_interfaces/local/lib/python3.10/dist-packages/canopen_interfaces/srv/_co_write.py'...
[13.007s] Compiling '/home/rudranil/oddity_rover/install/canopen_interfaces/local/lib/python3.10/dist-packages/canopen_interfaces/srv/_co_write_id.py'...
[13.010s] -- Installing: /home/rudranil/oddity_rover/install/canopen_interfaces/lib/libcanopen_interfaces__rosidl_generator_py.so
[13.011s] -- Set runtime path of "/home/rudranil/oddity_rover/install/canopen_interfaces/lib/libcanopen_interfaces__rosidl_generator_py.so" to ""
[13.011s] -- Installing: /home/rudranil/oddity_rover/install/canopen_interfaces/share/canopen_interfaces/cmake/export_canopen_interfaces__rosidl_generator_cExport.cmake
[13.011s] -- Installing: /home/rudranil/oddity_rover/install/canopen_interfaces/share/canopen_interfaces/cmake/export_canopen_interfaces__rosidl_generator_cExport-noconfig.cmake
[13.012s] -- Installing: /home/rudranil/oddity_rover/install/canopen_interfaces/share/canopen_interfaces/cmake/export_canopen_interfaces__rosidl_typesupport_fastrtps_cExport.cmake
[13.012s] -- Installing: /home/rudranil/oddity_rover/install/canopen_interfaces/share/canopen_interfaces/cmake/export_canopen_interfaces__rosidl_typesupport_fastrtps_cExport-noconfig.cmake
[13.012s] -- Installing: /home/rudranil/oddity_rover/install/canopen_interfaces/share/canopen_interfaces/cmake/canopen_interfaces__rosidl_typesupport_introspection_cExport.cmake
[13.012s] -- Installing: /home/rudranil/oddity_rover/install/canopen_interfaces/share/canopen_interfaces/cmake/canopen_interfaces__rosidl_typesupport_introspection_cExport-noconfig.cmake
[13.012s] -- Installing: /home/rudranil/oddity_rover/install/canopen_interfaces/share/canopen_interfaces/cmake/canopen_interfaces__rosidl_typesupport_cExport.cmake
[13.013s] -- Installing: /home/rudranil/oddity_rover/install/canopen_interfaces/share/canopen_interfaces/cmake/canopen_interfaces__rosidl_typesupport_cExport-noconfig.cmake
[13.013s] -- Installing: /home/rudranil/oddity_rover/install/canopen_interfaces/share/canopen_interfaces/cmake/export_canopen_interfaces__rosidl_generator_cppExport.cmake
[13.013s] -- Installing: /home/rudranil/oddity_rover/install/canopen_interfaces/share/canopen_interfaces/cmake/export_canopen_interfaces__rosidl_typesupport_fastrtps_cppExport.cmake
[13.013s] -- Installing: /home/rudranil/oddity_rover/install/canopen_interfaces/share/canopen_interfaces/cmake/export_canopen_interfaces__rosidl_typesupport_fastrtps_cppExport-noconfig.cmake
[13.013s] -- Installing: /home/rudranil/oddity_rover/install/canopen_interfaces/share/canopen_interfaces/cmake/canopen_interfaces__rosidl_typesupport_introspection_cppExport.cmake
[13.013s] -- Installing: /home/rudranil/oddity_rover/install/canopen_interfaces/share/canopen_interfaces/cmake/canopen_interfaces__rosidl_typesupport_introspection_cppExport-noconfig.cmake
[13.013s] -- Installing: /home/rudranil/oddity_rover/install/canopen_interfaces/share/canopen_interfaces/cmake/canopen_interfaces__rosidl_typesupport_cppExport.cmake
[13.013s] -- Installing: /home/rudranil/oddity_rover/install/canopen_interfaces/share/canopen_interfaces/cmake/canopen_interfaces__rosidl_typesupport_cppExport-noconfig.cmake
[13.013s] -- Installing: /home/rudranil/oddity_rover/install/canopen_interfaces/share/canopen_interfaces/cmake/export_canopen_interfaces__rosidl_generator_pyExport.cmake
[13.013s] -- Installing: /home/rudranil/oddity_rover/install/canopen_interfaces/share/canopen_interfaces/cmake/export_canopen_interfaces__rosidl_generator_pyExport-noconfig.cmake
[13.017s] Invoked command in '/home/rudranil/oddity_rover/build/canopen_interfaces' returned '0': CMAKE_PREFIX_PATH=${CMAKE_PREFIX_PATH}:/home/rudranil/lb_ws/install/ur5_control:/home/rudranil/ros2_ws/install/mini_bot_description:/opt/ros/humble /usr/bin/cmake --install /home/rudranil/oddity_rover/build/canopen_interfaces
