running develop
running egg_info
creating canopen_utils.egg-info
writing canopen_utils.egg-info/PKG-INFO
writing dependency_links to canopen_utils.egg-info/dependency_links.txt
writing entry points to canopen_utils.egg-info/entry_points.txt
writing requirements to canopen_utils.egg-info/requires.txt
writing top-level names to canopen_utils.egg-info/top_level.txt
writing manifest file 'canopen_utils.egg-info/SOURCES.txt'
reading manifest file 'canopen_utils.egg-info/SOURCES.txt'
writing manifest file 'canopen_utils.egg-info/SOURCES.txt'
running build_ext
Creating /home/rudranil/oddity_rover/install/canopen_utils/lib/python3.10/site-packages/canopen-utils.egg-link (link to .)
Installing cyclic_tester script to /home/rudranil/oddity_rover/install/canopen_utils/lib/canopen_utils
Installing simple_tester script to /home/rudranil/oddity_rover/install/canopen_utils/lib/canopen_utils

Installed /home/rudranil/oddity_rover/build/canopen_utils
running symlink_data
creating /home/rudranil/oddity_rover/install/canopen_utils/share/ament_index
creating /home/rudranil/oddity_rover/install/canopen_utils/share/ament_index/resource_index
creating /home/rudranil/oddity_rover/install/canopen_utils/share/ament_index/resource_index/packages
symbolically linking /home/rudranil/oddity_rover/build/canopen_utils/resource/canopen_utils -> /home/rudranil/oddity_rover/install/canopen_utils/share/ament_index/resource_index/packages
symbolically linking /home/rudranil/oddity_rover/build/canopen_utils/package.xml -> /home/rudranil/oddity_rover/install/canopen_utils/share/canopen_utils
