[0.022s] Invoking command in '/home/rudranil/oddity_rover/build/canopen_base_driver': AMENT_PREFIX_PATH=/home/rudranil/oddity_rover/install/canopen_core:/home/rudranil/oddity_rover/install/lely_core_libraries:/home/rudranil/oddity_rover/install/canopen_interfaces:${AMENT_PREFIX_PATH} CMAKE_PREFIX_PATH=/home/rudranil/oddity_rover/install/canopen_core:/home/rudranil/oddity_rover/install/lely_core_libraries:/home/rudranil/oddity_rover/install/canopen_interfaces:/home/rudranil/lb_ws/install/ur_simulation_gazebo:/home/rudranil/lb_ws/install/ur_moveit_config:/home/rudranil/lb_ws/install/ur_description:/home/rudranil/lb_ws/install/realsense_gazebo_plugin:/home/rudranil/lb_ws/install/pymoveit2:/home/rudranil/lb_ws/install/linkattacher_msgs:/home/rudranil/lb_ws/install/eyantra_warehouse:/home/rudranil/lb_ws/install/ebot_nav2:/home/rudranil/lb_ws/install/ebot_description:/home/rudranil/oddity_rover/install/my_gazebo_package:/home/rudranil/oddity_rover/install/martian_environment:/home/rudranil/lb_ws/install/ur5_control:/home/rudranil/ros2_ws/install/mini_bot_description:/opt/ros/humble LD_LIBRARY_PATH=/home/rudranil/oddity_rover/install/canopen_core/lib:/home/rudranil/oddity_rover/install/lely_core_libraries/lib:/home/rudranil/oddity_rover/install/canopen_interfaces/lib:/home/rudranil/lb_ws/install/realsense_gazebo_plugin/lib:/home/rudranil/lb_ws/install/linkattacher_msgs/lib:/usr/lib/x86_64-linux-gnu/gazebo-11/plugins:/opt/ros/humble/opt/rviz_ogre_vendor/lib:/opt/ros/humble/lib/x86_64-linux-gnu:/opt/ros/humble/lib:/usr/share/gazebo-11/../../lib/x86_64-linux-gnu/gazebo-11/plugins PATH=/home/rudranil/oddity_rover/install/lely_core_libraries/bin:${PATH} PYTHONPATH=/home/rudranil/oddity_rover/install/lely_core_libraries/local/lib/python3.10/dist-packages:/home/rudranil/oddity_rover/install/lely_core_libraries/lib/python3.10/site-packages:/home/rudranil/oddity_rover/install/canopen_interfaces/local/lib/python3.10/dist-packages:${PYTHONPATH} /usr/bin/cmake /home/rudranil/oddity_rover/src/ros2_canopen/canopen_base_driver -DAMENT_CMAKE_SYMLINK_INSTALL=1 -DCMAKE_INSTALL_PREFIX=/home/rudranil/oddity_rover/install/canopen_base_driver
[0.087s] -- The C compiler identification is GNU 11.4.0
[0.148s] -- The CXX compiler identification is GNU 11.4.0
[0.156s] -- Detecting C compiler ABI info
[0.241s] -- Detecting C compiler ABI info - done
[0.247s] -- Check for working C compiler: /usr/bin/cc - skipped
[0.248s] -- Detecting C compile features
[0.248s] -- Detecting C compile features - done
[0.251s] -- Detecting CXX compiler ABI info
[0.346s] -- Detecting CXX compiler ABI info - done
[0.353s] -- Check for working CXX compiler: /usr/bin/c++ - skipped
[0.353s] -- Detecting CXX compile features
[0.353s] -- Detecting CXX compile features - done
[0.358s] -- Found ament_cmake: 1.3.10 (/opt/ros/humble/share/ament_cmake/cmake)
[0.515s] -- Found Python3: /usr/bin/python3 (found version "3.10.12") found components: Interpreter 
[0.575s] -- Override CMake install command with custom implementation using symlinks instead of copying resources
[0.636s] -- Found ament_cmake_ros: 0.10.0 (/opt/ros/humble/share/ament_cmake_ros/cmake)
[0.649s] -- Found canopen_core: 0.2.11 (/home/rudranil/oddity_rover/install/canopen_core/share/canopen_core/cmake)
[0.859s] -- Found Boost: /usr/lib/x86_64-linux-gnu/cmake/Boost-1.74.0/BoostConfig.cmake (found version "1.74.0") found components: system thread 
[0.912s] -- Found rosidl_generator_c: 3.1.5 (/opt/ros/humble/share/rosidl_generator_c/cmake)
[0.921s] -- Found rosidl_adapter: 3.1.5 (/opt/ros/humble/share/rosidl_adapter/cmake)
[0.934s] -- Found rosidl_generator_cpp: 3.1.5 (/opt/ros/humble/share/rosidl_generator_cpp/cmake)
[0.950s] -- Using all available rosidl_typesupport_c: rosidl_typesupport_fastrtps_c;rosidl_typesupport_introspection_c
[0.973s] -- Using all available rosidl_typesupport_cpp: rosidl_typesupport_fastrtps_cpp;rosidl_typesupport_introspection_cpp
[1.076s] -- Found rmw_implementation_cmake: 6.1.2 (/opt/ros/humble/share/rmw_implementation_cmake/cmake)
[1.081s] -- Found rmw_fastrtps_cpp: 6.2.7 (/opt/ros/humble/share/rmw_fastrtps_cpp/cmake)
[1.222s] -- Found OpenSSL: /usr/lib/x86_64-linux-gnu/libcrypto.so (found version "3.0.2")  
[1.257s] -- Found FastRTPS: /opt/ros/humble/include  
[1.313s] -- Using RMW implementation 'rmw_fastrtps_cpp' as default
[1.329s] -- Found Threads: TRUE  
[1.455s] -- Found std_srvs: 4.2.4 (/opt/ros/humble/share/std_srvs/cmake)
[1.472s] -- Found diagnostic_updater: 4.0.0 (/opt/ros/humble/share/diagnostic_updater/cmake)
[1.506s] -- node_canopen_base_driver: /home/rudranil/oddity_rover/install/lely_core_libraries/lib/liblely-can.so;/home/rudranil/oddity_rover/install/lely_core_libraries/lib/liblely-co.so;/home/rudranil/oddity_rover/install/lely_core_libraries/lib/liblely-coapp.so;/home/rudranil/oddity_rover/install/lely_core_libraries/lib/liblely-ev.so;/home/rudranil/oddity_rover/install/lely_core_libraries/lib/liblely-io2.so;/home/rudranil/oddity_rover/install/lely_core_libraries/lib/liblely-io.so;/home/rudranil/oddity_rover/install/lely_core_libraries/lib/liblely-libc.so;/home/rudranil/oddity_rover/install/lely_core_libraries/lib/liblely-tap.so;/home/rudranil/oddity_rover/install/lely_core_libraries/lib/liblely-util.so
[1.520s] -- Found gtest sources under '/opt/ros/humble/src/gtest_vendor': C++ tests using 'Google Test' will be built
[1.602s] -- Configuring done
[1.662s] -- Generating done
[1.664s] -- Build files have been written to: /home/rudranil/oddity_rover/build/canopen_base_driver
[1.679s] Invoked command in '/home/rudranil/oddity_rover/build/canopen_base_driver' returned '0': AMENT_PREFIX_PATH=/home/rudranil/oddity_rover/install/canopen_core:/home/rudranil/oddity_rover/install/lely_core_libraries:/home/rudranil/oddity_rover/install/canopen_interfaces:${AMENT_PREFIX_PATH} CMAKE_PREFIX_PATH=/home/rudranil/oddity_rover/install/canopen_core:/home/rudranil/oddity_rover/install/lely_core_libraries:/home/rudranil/oddity_rover/install/canopen_interfaces:/home/rudranil/lb_ws/install/ur_simulation_gazebo:/home/rudranil/lb_ws/install/ur_moveit_config:/home/rudranil/lb_ws/install/ur_description:/home/rudranil/lb_ws/install/realsense_gazebo_plugin:/home/rudranil/lb_ws/install/pymoveit2:/home/rudranil/lb_ws/install/linkattacher_msgs:/home/rudranil/lb_ws/install/eyantra_warehouse:/home/rudranil/lb_ws/install/ebot_nav2:/home/rudranil/lb_ws/install/ebot_description:/home/rudranil/oddity_rover/install/my_gazebo_package:/home/rudranil/oddity_rover/install/martian_environment:/home/rudranil/lb_ws/install/ur5_control:/home/rudranil/ros2_ws/install/mini_bot_description:/opt/ros/humble LD_LIBRARY_PATH=/home/rudranil/oddity_rover/install/canopen_core/lib:/home/rudranil/oddity_rover/install/lely_core_libraries/lib:/home/rudranil/oddity_rover/install/canopen_interfaces/lib:/home/rudranil/lb_ws/install/realsense_gazebo_plugin/lib:/home/rudranil/lb_ws/install/linkattacher_msgs/lib:/usr/lib/x86_64-linux-gnu/gazebo-11/plugins:/opt/ros/humble/opt/rviz_ogre_vendor/lib:/opt/ros/humble/lib/x86_64-linux-gnu:/opt/ros/humble/lib:/usr/share/gazebo-11/../../lib/x86_64-linux-gnu/gazebo-11/plugins PATH=/home/rudranil/oddity_rover/install/lely_core_libraries/bin:${PATH} PYTHONPATH=/home/rudranil/oddity_rover/install/lely_core_libraries/local/lib/python3.10/dist-packages:/home/rudranil/oddity_rover/install/lely_core_libraries/lib/python3.10/site-packages:/home/rudranil/oddity_rover/install/canopen_interfaces/local/lib/python3.10/dist-packages:${PYTHONPATH} /usr/bin/cmake /home/rudranil/oddity_rover/src/ros2_canopen/canopen_base_driver -DAMENT_CMAKE_SYMLINK_INSTALL=1 -DCMAKE_INSTALL_PREFIX=/home/rudranil/oddity_rover/install/canopen_base_driver
[1.681s] Invoking command in '/home/rudranil/oddity_rover/build/canopen_base_driver': AMENT_PREFIX_PATH=/home/rudranil/oddity_rover/install/canopen_core:/home/rudranil/oddity_rover/install/lely_core_libraries:/home/rudranil/oddity_rover/install/canopen_interfaces:${AMENT_PREFIX_PATH} CMAKE_PREFIX_PATH=/home/rudranil/oddity_rover/install/canopen_core:/home/rudranil/oddity_rover/install/lely_core_libraries:/home/rudranil/oddity_rover/install/canopen_interfaces:/home/rudranil/lb_ws/install/ur_simulation_gazebo:/home/rudranil/lb_ws/install/ur_moveit_config:/home/rudranil/lb_ws/install/ur_description:/home/rudranil/lb_ws/install/realsense_gazebo_plugin:/home/rudranil/lb_ws/install/pymoveit2:/home/rudranil/lb_ws/install/linkattacher_msgs:/home/rudranil/lb_ws/install/eyantra_warehouse:/home/rudranil/lb_ws/install/ebot_nav2:/home/rudranil/lb_ws/install/ebot_description:/home/rudranil/oddity_rover/install/my_gazebo_package:/home/rudranil/oddity_rover/install/martian_environment:/home/rudranil/lb_ws/install/ur5_control:/home/rudranil/ros2_ws/install/mini_bot_description:/opt/ros/humble LD_LIBRARY_PATH=/home/rudranil/oddity_rover/install/canopen_core/lib:/home/rudranil/oddity_rover/install/lely_core_libraries/lib:/home/rudranil/oddity_rover/install/canopen_interfaces/lib:/home/rudranil/lb_ws/install/realsense_gazebo_plugin/lib:/home/rudranil/lb_ws/install/linkattacher_msgs/lib:/usr/lib/x86_64-linux-gnu/gazebo-11/plugins:/opt/ros/humble/opt/rviz_ogre_vendor/lib:/opt/ros/humble/lib/x86_64-linux-gnu:/opt/ros/humble/lib:/usr/share/gazebo-11/../../lib/x86_64-linux-gnu/gazebo-11/plugins PATH=/home/rudranil/oddity_rover/install/lely_core_libraries/bin:${PATH} PYTHONPATH=/home/rudranil/oddity_rover/install/lely_core_libraries/local/lib/python3.10/dist-packages:/home/rudranil/oddity_rover/install/lely_core_libraries/lib/python3.10/site-packages:/home/rudranil/oddity_rover/install/canopen_interfaces/local/lib/python3.10/dist-packages:${PYTHONPATH} /usr/bin/cmake --build /home/rudranil/oddity_rover/build/canopen_base_driver -- -j12 -l12
[1.746s] [ 12%] [32mBuilding CXX object CMakeFiles/lely_driver_bridge.dir/src/lely_driver_bridge.cpp.o[0m
[1.746s] [ 12%] [32mBuilding CXX object gtest/CMakeFiles/gtest.dir/src/gtest-all.cc.o[0m
[1.748s] [ 18%] [32mBuilding CXX object gtest/CMakeFiles/gtest_main.dir/src/gtest_main.cc.o[0m
[2.708s] [ 25%] [32m[1mLinking CXX static library libgtest_main.a[0m
[2.756s] [ 25%] Built target gtest_main
[4.811s] [ 31%] [32m[1mLinking CXX static library libgtest.a[0m
[4.887s] [ 31%] Built target gtest
[4.914s] [ 37%] [32mBuilding CXX object test/CMakeFiles/test_base_driver_component.dir/test_base_driver_component.cpp.o[0m
[7.729s] [ 43%] [32m[1mLinking CXX shared library liblely_driver_bridge.so[0m
[7.941s] [ 43%] Built target lely_driver_bridge
[7.969s] [ 50%] [32mBuilding CXX object CMakeFiles/node_canopen_base_driver.dir/src/node_interfaces/node_canopen_base_driver.cpp.o[0m
[11.115s] [ 56%] [32m[1mLinking CXX executable test_base_driver_component[0m
[11.367s] [ 56%] Built target test_base_driver_component
[16.866s] [ 62%] [32m[1mLinking CXX shared library libnode_canopen_base_driver.so[0m
[17.432s] [ 62%] Built target node_canopen_base_driver
[17.459s] [ 75%] [32mBuilding CXX object test/CMakeFiles/test_node_canopen_base_driver_ros.dir/test_node_canopen_base_driver_ros.cpp.o[0m
[17.459s] [ 75%] [32mBuilding CXX object CMakeFiles/base_driver.dir/src/base_driver.cpp.o[0m
[17.461s] [ 81%] [32mBuilding CXX object CMakeFiles/lifecycle_base_driver.dir/src/lifecycle_base_driver.cpp.o[0m
[24.789s] [ 87%] [32m[1mLinking CXX shared library liblifecycle_base_driver.so[0m
[24.806s] [ 93%] [32m[1mLinking CXX shared library libbase_driver.so[0m
[24.824s] [100%] [32m[1mLinking CXX executable test_node_canopen_base_driver_ros[0m
[25.361s] [100%] Built target lifecycle_base_driver
[25.372s] [100%] Built target base_driver
[25.492s] [100%] Built target test_node_canopen_base_driver_ros
[25.508s] Invoked command in '/home/rudranil/oddity_rover/build/canopen_base_driver' returned '0': AMENT_PREFIX_PATH=/home/rudranil/oddity_rover/install/canopen_core:/home/rudranil/oddity_rover/install/lely_core_libraries:/home/rudranil/oddity_rover/install/canopen_interfaces:${AMENT_PREFIX_PATH} CMAKE_PREFIX_PATH=/home/rudranil/oddity_rover/install/canopen_core:/home/rudranil/oddity_rover/install/lely_core_libraries:/home/rudranil/oddity_rover/install/canopen_interfaces:/home/rudranil/lb_ws/install/ur_simulation_gazebo:/home/rudranil/lb_ws/install/ur_moveit_config:/home/rudranil/lb_ws/install/ur_description:/home/rudranil/lb_ws/install/realsense_gazebo_plugin:/home/rudranil/lb_ws/install/pymoveit2:/home/rudranil/lb_ws/install/linkattacher_msgs:/home/rudranil/lb_ws/install/eyantra_warehouse:/home/rudranil/lb_ws/install/ebot_nav2:/home/rudranil/lb_ws/install/ebot_description:/home/rudranil/oddity_rover/install/my_gazebo_package:/home/rudranil/oddity_rover/install/martian_environment:/home/rudranil/lb_ws/install/ur5_control:/home/rudranil/ros2_ws/install/mini_bot_description:/opt/ros/humble LD_LIBRARY_PATH=/home/rudranil/oddity_rover/install/canopen_core/lib:/home/rudranil/oddity_rover/install/lely_core_libraries/lib:/home/rudranil/oddity_rover/install/canopen_interfaces/lib:/home/rudranil/lb_ws/install/realsense_gazebo_plugin/lib:/home/rudranil/lb_ws/install/linkattacher_msgs/lib:/usr/lib/x86_64-linux-gnu/gazebo-11/plugins:/opt/ros/humble/opt/rviz_ogre_vendor/lib:/opt/ros/humble/lib/x86_64-linux-gnu:/opt/ros/humble/lib:/usr/share/gazebo-11/../../lib/x86_64-linux-gnu/gazebo-11/plugins PATH=/home/rudranil/oddity_rover/install/lely_core_libraries/bin:${PATH} PYTHONPATH=/home/rudranil/oddity_rover/install/lely_core_libraries/local/lib/python3.10/dist-packages:/home/rudranil/oddity_rover/install/lely_core_libraries/lib/python3.10/site-packages:/home/rudranil/oddity_rover/install/canopen_interfaces/local/lib/python3.10/dist-packages:${PYTHONPATH} /usr/bin/cmake --build /home/rudranil/oddity_rover/build/canopen_base_driver -- -j12 -l12
[25.564s] Invoking command in '/home/rudranil/oddity_rover/build/canopen_base_driver': AMENT_PREFIX_PATH=/home/rudranil/oddity_rover/install/canopen_core:/home/rudranil/oddity_rover/install/lely_core_libraries:/home/rudranil/oddity_rover/install/canopen_interfaces:${AMENT_PREFIX_PATH} CMAKE_PREFIX_PATH=/home/rudranil/oddity_rover/install/canopen_core:/home/rudranil/oddity_rover/install/lely_core_libraries:/home/rudranil/oddity_rover/install/canopen_interfaces:/home/rudranil/lb_ws/install/ur_simulation_gazebo:/home/rudranil/lb_ws/install/ur_moveit_config:/home/rudranil/lb_ws/install/ur_description:/home/rudranil/lb_ws/install/realsense_gazebo_plugin:/home/rudranil/lb_ws/install/pymoveit2:/home/rudranil/lb_ws/install/linkattacher_msgs:/home/rudranil/lb_ws/install/eyantra_warehouse:/home/rudranil/lb_ws/install/ebot_nav2:/home/rudranil/lb_ws/install/ebot_description:/home/rudranil/oddity_rover/install/my_gazebo_package:/home/rudranil/oddity_rover/install/martian_environment:/home/rudranil/lb_ws/install/ur5_control:/home/rudranil/ros2_ws/install/mini_bot_description:/opt/ros/humble LD_LIBRARY_PATH=/home/rudranil/oddity_rover/install/canopen_core/lib:/home/rudranil/oddity_rover/install/lely_core_libraries/lib:/home/rudranil/oddity_rover/install/canopen_interfaces/lib:/home/rudranil/lb_ws/install/realsense_gazebo_plugin/lib:/home/rudranil/lb_ws/install/linkattacher_msgs/lib:/usr/lib/x86_64-linux-gnu/gazebo-11/plugins:/opt/ros/humble/opt/rviz_ogre_vendor/lib:/opt/ros/humble/lib/x86_64-linux-gnu:/opt/ros/humble/lib:/usr/share/gazebo-11/../../lib/x86_64-linux-gnu/gazebo-11/plugins PATH=/home/rudranil/oddity_rover/install/lely_core_libraries/bin:${PATH} PYTHONPATH=/home/rudranil/oddity_rover/install/lely_core_libraries/local/lib/python3.10/dist-packages:/home/rudranil/oddity_rover/install/lely_core_libraries/lib/python3.10/site-packages:/home/rudranil/oddity_rover/install/canopen_interfaces/local/lib/python3.10/dist-packages:${PYTHONPATH} /usr/bin/cmake --install /home/rudranil/oddity_rover/build/canopen_base_driver
[25.573s] -- Install configuration: ""
[25.574s] -- Execute custom install script
[25.575s] -- Symlinking: /home/rudranil/oddity_rover/install/canopen_base_driver/include/canopen_base_driver/base_driver.hpp
[25.586s] -- Symlinking: /home/rudranil/oddity_rover/install/canopen_base_driver/include/canopen_base_driver/diagnostic_collector.hpp
[25.599s] -- Symlinking: /home/rudranil/oddity_rover/install/canopen_base_driver/include/canopen_base_driver/lely_driver_bridge.hpp
[25.611s] -- Symlinking: /home/rudranil/oddity_rover/install/canopen_base_driver/include/canopen_base_driver/lifecycle_base_driver.hpp
[25.623s] -- Symlinking: /home/rudranil/oddity_rover/install/canopen_base_driver/include/canopen_base_driver/node_interfaces/node_canopen_base_driver.hpp
[25.635s] -- Symlinking: /home/rudranil/oddity_rover/install/canopen_base_driver/include/canopen_base_driver/node_interfaces/node_canopen_base_driver_impl.hpp
[25.647s] -- Symlinking: /home/rudranil/oddity_rover/install/canopen_base_driver/include/canopen_base_driver/visibility_control.h
[25.661s] -- Symlinking: /home/rudranil/oddity_rover/install/canopen_base_driver/share/canopen_base_driver/environment/library_path.sh
[25.674s] -- Symlinking: /home/rudranil/oddity_rover/install/canopen_base_driver/share/canopen_base_driver/environment/library_path.dsv
[25.687s] -- Symlinking: /home/rudranil/oddity_rover/install/canopen_base_driver/share/ament_index/resource_index/package_run_dependencies/canopen_base_driver
[25.699s] -- Symlinking: /home/rudranil/oddity_rover/install/canopen_base_driver/share/ament_index/resource_index/parent_prefix_path/canopen_base_driver
[25.711s] -- Symlinking: /home/rudranil/oddity_rover/install/canopen_base_driver/share/canopen_base_driver/environment/ament_prefix_path.sh
[25.723s] -- Symlinking: /home/rudranil/oddity_rover/install/canopen_base_driver/share/canopen_base_driver/environment/ament_prefix_path.dsv
[25.735s] -- Symlinking: /home/rudranil/oddity_rover/install/canopen_base_driver/share/canopen_base_driver/environment/path.sh
[25.747s] -- Symlinking: /home/rudranil/oddity_rover/install/canopen_base_driver/share/canopen_base_driver/environment/path.dsv
[25.758s] -- Symlinking: /home/rudranil/oddity_rover/install/canopen_base_driver/share/canopen_base_driver/local_setup.bash
[25.771s] -- Symlinking: /home/rudranil/oddity_rover/install/canopen_base_driver/share/canopen_base_driver/local_setup.sh
[25.782s] -- Symlinking: /home/rudranil/oddity_rover/install/canopen_base_driver/share/canopen_base_driver/local_setup.zsh
[25.794s] -- Symlinking: /home/rudranil/oddity_rover/install/canopen_base_driver/share/canopen_base_driver/local_setup.dsv
[25.806s] -- Symlinking: /home/rudranil/oddity_rover/install/canopen_base_driver/share/canopen_base_driver/package.dsv
[25.817s] -- Symlinking: /home/rudranil/oddity_rover/install/canopen_base_driver/share/ament_index/resource_index/packages/canopen_base_driver
[25.829s] -- Symlinking: /home/rudranil/oddity_rover/install/canopen_base_driver/share/ament_index/resource_index/rclcpp_components/canopen_base_driver
[25.842s] -- Symlinking: /home/rudranil/oddity_rover/install/canopen_base_driver/share/canopen_base_driver/cmake/ament_cmake_export_include_directories-extras.cmake
[25.854s] -- Symlinking: /home/rudranil/oddity_rover/install/canopen_base_driver/share/canopen_base_driver/cmake/ament_cmake_export_libraries-extras.cmake
[25.866s] -- Symlinking: /home/rudranil/oddity_rover/install/canopen_base_driver/share/canopen_base_driver/cmake/ament_cmake_export_targets-extras.cmake
[25.879s] -- Symlinking: /home/rudranil/oddity_rover/install/canopen_base_driver/share/canopen_base_driver/cmake/ament_cmake_export_dependencies-extras.cmake
[25.891s] -- Symlinking: /home/rudranil/oddity_rover/install/canopen_base_driver/share/canopen_base_driver/cmake/canopen_base_driverConfig.cmake
[25.905s] -- Symlinking: /home/rudranil/oddity_rover/install/canopen_base_driver/share/canopen_base_driver/cmake/canopen_base_driverConfig-version.cmake
[25.917s] -- Symlinking: /home/rudranil/oddity_rover/install/canopen_base_driver/share/canopen_base_driver/package.xml
[25.930s] -- Installing: /home/rudranil/oddity_rover/install/canopen_base_driver/lib/liblifecycle_base_driver.so
[25.932s] -- Set runtime path of "/home/rudranil/oddity_rover/install/canopen_base_driver/lib/liblifecycle_base_driver.so" to ""
[25.932s] -- Installing: /home/rudranil/oddity_rover/install/canopen_base_driver/lib/libbase_driver.so
[25.934s] -- Set runtime path of "/home/rudranil/oddity_rover/install/canopen_base_driver/lib/libbase_driver.so" to ""
[25.934s] -- Installing: /home/rudranil/oddity_rover/install/canopen_base_driver/lib/libnode_canopen_base_driver.so
[25.938s] -- Set runtime path of "/home/rudranil/oddity_rover/install/canopen_base_driver/lib/libnode_canopen_base_driver.so" to ""
[25.938s] -- Installing: /home/rudranil/oddity_rover/install/canopen_base_driver/lib/liblely_driver_bridge.so
[25.940s] -- Set runtime path of "/home/rudranil/oddity_rover/install/canopen_base_driver/lib/liblely_driver_bridge.so" to ""
[25.940s] -- Installing: /home/rudranil/oddity_rover/install/canopen_base_driver/share/canopen_base_driver/cmake/export_canopen_base_driverExport.cmake
[25.940s] -- Installing: /home/rudranil/oddity_rover/install/canopen_base_driver/share/canopen_base_driver/cmake/export_canopen_base_driverExport-noconfig.cmake
[25.944s] Invoked command in '/home/rudranil/oddity_rover/build/canopen_base_driver' returned '0': AMENT_PREFIX_PATH=/home/rudranil/oddity_rover/install/canopen_core:/home/rudranil/oddity_rover/install/lely_core_libraries:/home/rudranil/oddity_rover/install/canopen_interfaces:${AMENT_PREFIX_PATH} CMAKE_PREFIX_PATH=/home/rudranil/oddity_rover/install/canopen_core:/home/rudranil/oddity_rover/install/lely_core_libraries:/home/rudranil/oddity_rover/install/canopen_interfaces:/home/rudranil/lb_ws/install/ur_simulation_gazebo:/home/rudranil/lb_ws/install/ur_moveit_config:/home/rudranil/lb_ws/install/ur_description:/home/rudranil/lb_ws/install/realsense_gazebo_plugin:/home/rudranil/lb_ws/install/pymoveit2:/home/rudranil/lb_ws/install/linkattacher_msgs:/home/rudranil/lb_ws/install/eyantra_warehouse:/home/rudranil/lb_ws/install/ebot_nav2:/home/rudranil/lb_ws/install/ebot_description:/home/rudranil/oddity_rover/install/my_gazebo_package:/home/rudranil/oddity_rover/install/martian_environment:/home/rudranil/lb_ws/install/ur5_control:/home/rudranil/ros2_ws/install/mini_bot_description:/opt/ros/humble LD_LIBRARY_PATH=/home/rudranil/oddity_rover/install/canopen_core/lib:/home/rudranil/oddity_rover/install/lely_core_libraries/lib:/home/rudranil/oddity_rover/install/canopen_interfaces/lib:/home/rudranil/lb_ws/install/realsense_gazebo_plugin/lib:/home/rudranil/lb_ws/install/linkattacher_msgs/lib:/usr/lib/x86_64-linux-gnu/gazebo-11/plugins:/opt/ros/humble/opt/rviz_ogre_vendor/lib:/opt/ros/humble/lib/x86_64-linux-gnu:/opt/ros/humble/lib:/usr/share/gazebo-11/../../lib/x86_64-linux-gnu/gazebo-11/plugins PATH=/home/rudranil/oddity_rover/install/lely_core_libraries/bin:${PATH} PYTHONPATH=/home/rudranil/oddity_rover/install/lely_core_libraries/local/lib/python3.10/dist-packages:/home/rudranil/oddity_rover/install/lely_core_libraries/lib/python3.10/site-packages:/home/rudranil/oddity_rover/install/canopen_interfaces/local/lib/python3.10/dist-packages:${PYTHONPATH} /usr/bin/cmake --install /home/rudranil/oddity_rover/build/canopen_base_driver
